[0.048s] Invoking command in '/home/max/ros2fish/chapt3_interface/interface_ws/build/example_ros2_interfaces': CMAKE_PREFIX_PATH=/opt/ros/humble /usr/bin/cmake --build /home/max/ros2fish/chapt3_interface/interface_ws/build/example_ros2_interfaces -- -j2 -l2
[0.313s] -- Found ament_cmake: 1.3.8 (/opt/ros/humble/share/ament_cmake/cmake)
[0.618s] -- Found rosidl_default_generators: 1.2.0 (/opt/ros/humble/share/rosidl_default_generators/cmake)
[0.625s] -- Using all available rosidl_typesupport_c: rosidl_typesupport_fastrtps_c;rosidl_typesupport_introspection_c
[0.632s] -- Found rosidl_adapter: 3.1.5 (/opt/ros/humble/share/rosidl_adapter/cmake)
[0.730s] -- Using all available rosidl_typesupport_cpp: rosidl_typesupport_fastrtps_cpp;rosidl_typesupport_introspection_cpp
[0.808s] -- Found geometry_msgs: 4.2.3 (/opt/ros/humble/share/geometry_msgs/cmake)
[1.049s] -- Found ament_lint_auto: 0.12.10 (/opt/ros/humble/share/ament_lint_auto/cmake)
[1.535s] -- Found ament_cmake_ros: 0.10.0 (/opt/ros/humble/share/ament_cmake_ros/cmake)
[1.999s] -- Using all available rosidl_typesupport_c: rosidl_typesupport_fastrtps_c;rosidl_typesupport_introspection_c
[2.420s] -- Using all available rosidl_typesupport_cpp: rosidl_typesupport_fastrtps_cpp;rosidl_typesupport_introspection_cpp
[2.451s] -- Found python_cmake_module: 0.10.0 (/opt/ros/humble/share/python_cmake_module/cmake)
[2.490s] -- Using PYTHON_EXECUTABLE: /usr/bin/python3
[2.490s] -- Using PYTHON_INCLUDE_DIRS: /usr/include/python3.10
[2.490s] -- Using PYTHON_LIBRARIES: /usr/lib/x86_64-linux-gnu/libpython3.10.so
[2.552s] -- Added test 'lint_cmake' to check CMake code style
[2.557s] -- Added test 'xmllint' to check XML markup files
[2.586s] -- Configuring done
[2.743s] -- Generating done
[2.757s] -- Build files have been written to: /home/max/ros2fish/chapt3_interface/interface_ws/build/example_ros2_interfaces
[2.843s] [35m[1mConsolidate compiler generated dependencies of target example_ros2_interfaces__rosidl_generator_c[0m
[2.876s] [  2%] Built target example_ros2_interfaces__cpp
[2.887s] [ 12%] Built target example_ros2_interfaces__rosidl_generator_c
[2.928s] [35m[1mConsolidate compiler generated dependencies of target example_ros2_interfaces__rosidl_typesupport_fastrtps_c[0m
[2.957s] [ 12%] Built target ament_cmake_python_copy_example_ros2_interfaces
[2.963s] [ 23%] Built target example_ros2_interfaces__rosidl_typesupport_fastrtps_c
[2.989s] [35m[1mConsolidate compiler generated dependencies of target example_ros2_interfaces__rosidl_typesupport_c[0m
[3.003s] [35m[1mConsolidate compiler generated dependencies of target example_ros2_interfaces__rosidl_typesupport_introspection_c[0m
[3.023s] [ 34%] Built target example_ros2_interfaces__rosidl_typesupport_c
[3.052s] [ 44%] Built target example_ros2_interfaces__rosidl_typesupport_introspection_c
[3.052s] [35m[1mConsolidate compiler generated dependencies of target example_ros2_interfaces__rosidl_typesupport_fastrtps_cpp[0m
[3.103s] [35m[1mConsolidate compiler generated dependencies of target example_ros2_interfaces__rosidl_typesupport_introspection_cpp[0m
[3.126s] [ 55%] Built target example_ros2_interfaces__rosidl_typesupport_fastrtps_cpp
[3.145s] [ 65%] Built target example_ros2_interfaces__rosidl_typesupport_introspection_cpp
[3.171s] [35m[1mConsolidate compiler generated dependencies of target example_ros2_interfaces__rosidl_typesupport_cpp[0m
[3.264s] [ 76%] Built target example_ros2_interfaces__rosidl_typesupport_cpp
[3.322s] [ 76%] Built target example_ros2_interfaces
[3.459s] [ 78%] Built target example_ros2_interfaces__py
[3.500s] [35m[1mConsolidate compiler generated dependencies of target example_ros2_interfaces__rosidl_generator_py[0m
[3.541s] [ 87%] Built target example_ros2_interfaces__rosidl_generator_py
[3.603s] [35m[1mConsolidate compiler generated dependencies of target example_ros2_interfaces__rosidl_typesupport_fastrtps_c__pyext[0m
[3.707s] [ 91%] Built target example_ros2_interfaces__rosidl_typesupport_fastrtps_c__pyext
[3.736s] [35m[1mConsolidate compiler generated dependencies of target example_ros2_interfaces__rosidl_typesupport_introspection_c__pyext[0m
[3.777s] [ 95%] Built target example_ros2_interfaces__rosidl_typesupport_introspection_c__pyext
[3.810s] [35m[1mConsolidate compiler generated dependencies of target example_ros2_interfaces__rosidl_typesupport_c__pyext[0m
[3.851s] running egg_info
[3.855s] writing example_ros2_interfaces.egg-info/PKG-INFO
[3.856s] writing dependency_links to example_ros2_interfaces.egg-info/dependency_links.txt
[3.856s] writing top-level names to example_ros2_interfaces.egg-info/top_level.txt
[3.873s] [100%] Built target example_ros2_interfaces__rosidl_typesupport_c__pyext
[3.876s] reading manifest file 'example_ros2_interfaces.egg-info/SOURCES.txt'
[3.879s] writing manifest file 'example_ros2_interfaces.egg-info/SOURCES.txt'
[3.955s] [100%] Built target ament_cmake_python_build_example_ros2_interfaces_egg
[3.994s] Invoked command in '/home/max/ros2fish/chapt3_interface/interface_ws/build/example_ros2_interfaces' returned '0': CMAKE_PREFIX_PATH=/opt/ros/humble /usr/bin/cmake --build /home/max/ros2fish/chapt3_interface/interface_ws/build/example_ros2_interfaces -- -j2 -l2
[4.235s] Invoking command in '/home/max/ros2fish/chapt3_interface/interface_ws/build/example_ros2_interfaces': CMAKE_PREFIX_PATH=/opt/ros/humble /usr/bin/cmake --install /home/max/ros2fish/chapt3_interface/interface_ws/build/example_ros2_interfaces
[4.254s] -- Install configuration: ""
[4.255s] -- Up-to-date: /home/max/ros2fish/chapt3_interface/interface_ws/install/example_ros2_interfaces/share/ament_index/resource_index/rosidl_interfaces/example_ros2_interfaces
[4.256s] -- Up-to-date: /home/max/ros2fish/chapt3_interface/interface_ws/install/example_ros2_interfaces/include/example_ros2_interfaces/example_ros2_interfaces
[4.256s] -- Up-to-date: /home/max/ros2fish/chapt3_interface/interface_ws/install/example_ros2_interfaces/include/example_ros2_interfaces/example_ros2_interfaces/srv
[4.257s] -- Up-to-date: /home/max/ros2fish/chapt3_interface/interface_ws/install/example_ros2_interfaces/include/example_ros2_interfaces/example_ros2_interfaces/srv/move_robot.h
[4.257s] -- Up-to-date: /home/max/ros2fish/chapt3_interface/interface_ws/install/example_ros2_interfaces/include/example_ros2_interfaces/example_ros2_interfaces/srv/detail
[4.258s] -- Up-to-date: /home/max/ros2fish/chapt3_interface/interface_ws/install/example_ros2_interfaces/include/example_ros2_interfaces/example_ros2_interfaces/srv/detail/move_robot__struct.h
[4.258s] -- Up-to-date: /home/max/ros2fish/chapt3_interface/interface_ws/install/example_ros2_interfaces/include/example_ros2_interfaces/example_ros2_interfaces/srv/detail/move_robot__functions.c
[4.258s] -- Up-to-date: /home/max/ros2fish/chapt3_interface/interface_ws/install/example_ros2_interfaces/include/example_ros2_interfaces/example_ros2_interfaces/srv/detail/move_robot__functions.h
[4.259s] -- Up-to-date: /home/max/ros2fish/chapt3_interface/interface_ws/install/example_ros2_interfaces/include/example_ros2_interfaces/example_ros2_interfaces/srv/detail/move_robot__type_support.h
[4.259s] -- Up-to-date: /home/max/ros2fish/chapt3_interface/interface_ws/install/example_ros2_interfaces/include/example_ros2_interfaces/example_ros2_interfaces/msg
[4.259s] -- Up-to-date: /home/max/ros2fish/chapt3_interface/interface_ws/install/example_ros2_interfaces/include/example_ros2_interfaces/example_ros2_interfaces/msg/robot_status.h
[4.259s] -- Up-to-date: /home/max/ros2fish/chapt3_interface/interface_ws/install/example_ros2_interfaces/include/example_ros2_interfaces/example_ros2_interfaces/msg/rosidl_generator_c__visibility_control.h
[4.260s] -- Up-to-date: /home/max/ros2fish/chapt3_interface/interface_ws/install/example_ros2_interfaces/include/example_ros2_interfaces/example_ros2_interfaces/msg/robot_pose.h
[4.260s] -- Up-to-date: /home/max/ros2fish/chapt3_interface/interface_ws/install/example_ros2_interfaces/include/example_ros2_interfaces/example_ros2_interfaces/msg/detail
[4.266s] -- Up-to-date: /home/max/ros2fish/chapt3_interface/interface_ws/install/example_ros2_interfaces/include/example_ros2_interfaces/example_ros2_interfaces/msg/detail/robot_status__functions.c
[4.266s] -- Up-to-date: /home/max/ros2fish/chapt3_interface/interface_ws/install/example_ros2_interfaces/include/example_ros2_interfaces/example_ros2_interfaces/msg/detail/robot_status__type_support.h
[4.266s] -- Up-to-date: /home/max/ros2fish/chapt3_interface/interface_ws/install/example_ros2_interfaces/include/example_ros2_interfaces/example_ros2_interfaces/msg/detail/robot_pose__functions.c
[4.267s] -- Up-to-date: /home/max/ros2fish/chapt3_interface/interface_ws/install/example_ros2_interfaces/include/example_ros2_interfaces/example_ros2_interfaces/msg/detail/robot_pose__functions.h
[4.267s] -- Up-to-date: /home/max/ros2fish/chapt3_interface/interface_ws/install/example_ros2_interfaces/include/example_ros2_interfaces/example_ros2_interfaces/msg/detail/robot_status__struct.h
[4.267s] -- Up-to-date: /home/max/ros2fish/chapt3_interface/interface_ws/install/example_ros2_interfaces/include/example_ros2_interfaces/example_ros2_interfaces/msg/detail/robot_status__functions.h
[4.267s] -- Up-to-date: /home/max/ros2fish/chapt3_interface/interface_ws/install/example_ros2_interfaces/include/example_ros2_interfaces/example_ros2_interfaces/msg/detail/robot_pose__type_support.h
[4.267s] -- Up-to-date: /home/max/ros2fish/chapt3_interface/interface_ws/install/example_ros2_interfaces/include/example_ros2_interfaces/example_ros2_interfaces/msg/detail/robot_pose__struct.h
[4.269s] -- Up-to-date: /home/max/ros2fish/chapt3_interface/interface_ws/install/example_ros2_interfaces/share/example_ros2_interfaces/environment/library_path.sh
[4.269s] -- Installing: /home/max/ros2fish/chapt3_interface/interface_ws/install/example_ros2_interfaces/share/example_ros2_interfaces/environment/library_path.dsv
[4.271s] -- Up-to-date: /home/max/ros2fish/chapt3_interface/interface_ws/install/example_ros2_interfaces/lib/libexample_ros2_interfaces__rosidl_generator_c.so
[4.272s] -- Up-to-date: /home/max/ros2fish/chapt3_interface/interface_ws/install/example_ros2_interfaces/include/example_ros2_interfaces/example_ros2_interfaces
[4.272s] -- Up-to-date: /home/max/ros2fish/chapt3_interface/interface_ws/install/example_ros2_interfaces/include/example_ros2_interfaces/example_ros2_interfaces/srv
[4.272s] -- Up-to-date: /home/max/ros2fish/chapt3_interface/interface_ws/install/example_ros2_interfaces/include/example_ros2_interfaces/example_ros2_interfaces/srv/detail
[4.272s] -- Up-to-date: /home/max/ros2fish/chapt3_interface/interface_ws/install/example_ros2_interfaces/include/example_ros2_interfaces/example_ros2_interfaces/srv/detail/move_robot__rosidl_typesupport_fastrtps_c.h
[4.273s] -- Up-to-date: /home/max/ros2fish/chapt3_interface/interface_ws/install/example_ros2_interfaces/include/example_ros2_interfaces/example_ros2_interfaces/msg
[4.273s] -- Up-to-date: /home/max/ros2fish/chapt3_interface/interface_ws/install/example_ros2_interfaces/include/example_ros2_interfaces/example_ros2_interfaces/msg/rosidl_typesupport_fastrtps_c__visibility_control.h
[4.273s] -- Up-to-date: /home/max/ros2fish/chapt3_interface/interface_ws/install/example_ros2_interfaces/include/example_ros2_interfaces/example_ros2_interfaces/msg/detail
[4.273s] -- Up-to-date: /home/max/ros2fish/chapt3_interface/interface_ws/install/example_ros2_interfaces/include/example_ros2_interfaces/example_ros2_interfaces/msg/detail/robot_status__rosidl_typesupport_fastrtps_c.h
[4.273s] -- Up-to-date: /home/max/ros2fish/chapt3_interface/interface_ws/install/example_ros2_interfaces/include/example_ros2_interfaces/example_ros2_interfaces/msg/detail/robot_pose__rosidl_typesupport_fastrtps_c.h
[4.276s] -- Up-to-date: /home/max/ros2fish/chapt3_interface/interface_ws/install/example_ros2_interfaces/lib/libexample_ros2_interfaces__rosidl_typesupport_fastrtps_c.so
[4.278s] -- Up-to-date: /home/max/ros2fish/chapt3_interface/interface_ws/install/example_ros2_interfaces/include/example_ros2_interfaces/example_ros2_interfaces
[4.278s] -- Up-to-date: /home/max/ros2fish/chapt3_interface/interface_ws/install/example_ros2_interfaces/include/example_ros2_interfaces/example_ros2_interfaces/srv
[4.278s] -- Up-to-date: /home/max/ros2fish/chapt3_interface/interface_ws/install/example_ros2_interfaces/include/example_ros2_interfaces/example_ros2_interfaces/srv/detail
[4.278s] -- Up-to-date: /home/max/ros2fish/chapt3_interface/interface_ws/install/example_ros2_interfaces/include/example_ros2_interfaces/example_ros2_interfaces/srv/detail/move_robot__rosidl_typesupport_introspection_c.h
[4.278s] -- Up-to-date: /home/max/ros2fish/chapt3_interface/interface_ws/install/example_ros2_interfaces/include/example_ros2_interfaces/example_ros2_interfaces/srv/detail/move_robot__type_support.c
[4.278s] -- Up-to-date: /home/max/ros2fish/chapt3_interface/interface_ws/install/example_ros2_interfaces/include/example_ros2_interfaces/example_ros2_interfaces/msg
[4.278s] -- Up-to-date: /home/max/ros2fish/chapt3_interface/interface_ws/install/example_ros2_interfaces/include/example_ros2_interfaces/example_ros2_interfaces/msg/rosidl_typesupport_introspection_c__visibility_control.h
[4.278s] -- Up-to-date: /home/max/ros2fish/chapt3_interface/interface_ws/install/example_ros2_interfaces/include/example_ros2_interfaces/example_ros2_interfaces/msg/detail
[4.278s] -- Up-to-date: /home/max/ros2fish/chapt3_interface/interface_ws/install/example_ros2_interfaces/include/example_ros2_interfaces/example_ros2_interfaces/msg/detail/robot_status__rosidl_typesupport_introspection_c.h
[4.279s] -- Up-to-date: /home/max/ros2fish/chapt3_interface/interface_ws/install/example_ros2_interfaces/include/example_ros2_interfaces/example_ros2_interfaces/msg/detail/robot_pose__type_support.c
[4.279s] -- Up-to-date: /home/max/ros2fish/chapt3_interface/interface_ws/install/example_ros2_interfaces/include/example_ros2_interfaces/example_ros2_interfaces/msg/detail/robot_pose__rosidl_typesupport_introspection_c.h
[4.279s] -- Up-to-date: /home/max/ros2fish/chapt3_interface/interface_ws/install/example_ros2_interfaces/include/example_ros2_interfaces/example_ros2_interfaces/msg/detail/robot_status__type_support.c
[4.287s] -- Up-to-date: /home/max/ros2fish/chapt3_interface/interface_ws/install/example_ros2_interfaces/lib/libexample_ros2_interfaces__rosidl_typesupport_introspection_c.so
[4.288s] -- Up-to-date: /home/max/ros2fish/chapt3_interface/interface_ws/install/example_ros2_interfaces/lib/libexample_ros2_interfaces__rosidl_typesupport_c.so
[4.289s] -- Up-to-date: /home/max/ros2fish/chapt3_interface/interface_ws/install/example_ros2_interfaces/include/example_ros2_interfaces/example_ros2_interfaces
[4.289s] -- Up-to-date: /home/max/ros2fish/chapt3_interface/interface_ws/install/example_ros2_interfaces/include/example_ros2_interfaces/example_ros2_interfaces/srv
[4.289s] -- Up-to-date: /home/max/ros2fish/chapt3_interface/interface_ws/install/example_ros2_interfaces/include/example_ros2_interfaces/example_ros2_interfaces/srv/move_robot.hpp
[4.289s] -- Up-to-date: /home/max/ros2fish/chapt3_interface/interface_ws/install/example_ros2_interfaces/include/example_ros2_interfaces/example_ros2_interfaces/srv/detail
[4.290s] -- Up-to-date: /home/max/ros2fish/chapt3_interface/interface_ws/install/example_ros2_interfaces/include/example_ros2_interfaces/example_ros2_interfaces/srv/detail/move_robot__struct.hpp
[4.290s] -- Up-to-date: /home/max/ros2fish/chapt3_interface/interface_ws/install/example_ros2_interfaces/include/example_ros2_interfaces/example_ros2_interfaces/srv/detail/move_robot__traits.hpp
[4.290s] -- Up-to-date: /home/max/ros2fish/chapt3_interface/interface_ws/install/example_ros2_interfaces/include/example_ros2_interfaces/example_ros2_interfaces/srv/detail/move_robot__builder.hpp
[4.290s] -- Up-to-date: /home/max/ros2fish/chapt3_interface/interface_ws/install/example_ros2_interfaces/include/example_ros2_interfaces/example_ros2_interfaces/msg
[4.291s] -- Up-to-date: /home/max/ros2fish/chapt3_interface/interface_ws/install/example_ros2_interfaces/include/example_ros2_interfaces/example_ros2_interfaces/msg/robot_status.hpp
[4.291s] -- Up-to-date: /home/max/ros2fish/chapt3_interface/interface_ws/install/example_ros2_interfaces/include/example_ros2_interfaces/example_ros2_interfaces/msg/robot_pose.hpp
[4.291s] -- Up-to-date: /home/max/ros2fish/chapt3_interface/interface_ws/install/example_ros2_interfaces/include/example_ros2_interfaces/example_ros2_interfaces/msg/detail
[4.291s] -- Up-to-date: /home/max/ros2fish/chapt3_interface/interface_ws/install/example_ros2_interfaces/include/example_ros2_interfaces/example_ros2_interfaces/msg/detail/robot_pose__traits.hpp
[4.292s] -- Up-to-date: /home/max/ros2fish/chapt3_interface/interface_ws/install/example_ros2_interfaces/include/example_ros2_interfaces/example_ros2_interfaces/msg/detail/robot_status__struct.hpp
[4.292s] -- Up-to-date: /home/max/ros2fish/chapt3_interface/interface_ws/install/example_ros2_interfaces/include/example_ros2_interfaces/example_ros2_interfaces/msg/detail/robot_pose__builder.hpp
[4.292s] -- Up-to-date: /home/max/ros2fish/chapt3_interface/interface_ws/install/example_ros2_interfaces/include/example_ros2_interfaces/example_ros2_interfaces/msg/detail/robot_pose__struct.hpp
[4.293s] -- Up-to-date: /home/max/ros2fish/chapt3_interface/interface_ws/install/example_ros2_interfaces/include/example_ros2_interfaces/example_ros2_interfaces/msg/detail/robot_status__traits.hpp
[4.293s] -- Up-to-date: /home/max/ros2fish/chapt3_interface/interface_ws/install/example_ros2_interfaces/include/example_ros2_interfaces/example_ros2_interfaces/msg/detail/robot_status__builder.hpp
[4.293s] -- Up-to-date: /home/max/ros2fish/chapt3_interface/interface_ws/install/example_ros2_interfaces/include/example_ros2_interfaces/example_ros2_interfaces
[4.294s] -- Up-to-date: /home/max/ros2fish/chapt3_interface/interface_ws/install/example_ros2_interfaces/include/example_ros2_interfaces/example_ros2_interfaces/srv
[4.294s] -- Up-to-date: /home/max/ros2fish/chapt3_interface/interface_ws/install/example_ros2_interfaces/include/example_ros2_interfaces/example_ros2_interfaces/srv/detail
[4.294s] -- Up-to-date: /home/max/ros2fish/chapt3_interface/interface_ws/install/example_ros2_interfaces/include/example_ros2_interfaces/example_ros2_interfaces/srv/detail/dds_fastrtps
[4.295s] -- Up-to-date: /home/max/ros2fish/chapt3_interface/interface_ws/install/example_ros2_interfaces/include/example_ros2_interfaces/example_ros2_interfaces/srv/detail/move_robot__rosidl_typesupport_fastrtps_cpp.hpp
[4.295s] -- Up-to-date: /home/max/ros2fish/chapt3_interface/interface_ws/install/example_ros2_interfaces/include/example_ros2_interfaces/example_ros2_interfaces/msg
[4.295s] -- Up-to-date: /home/max/ros2fish/chapt3_interface/interface_ws/install/example_ros2_interfaces/include/example_ros2_interfaces/example_ros2_interfaces/msg/rosidl_typesupport_fastrtps_cpp__visibility_control.h
[4.295s] -- Up-to-date: /home/max/ros2fish/chapt3_interface/interface_ws/install/example_ros2_interfaces/include/example_ros2_interfaces/example_ros2_interfaces/msg/detail
[4.296s] -- Up-to-date: /home/max/ros2fish/chapt3_interface/interface_ws/install/example_ros2_interfaces/include/example_ros2_interfaces/example_ros2_interfaces/msg/detail/robot_pose__rosidl_typesupport_fastrtps_cpp.hpp
[4.296s] -- Up-to-date: /home/max/ros2fish/chapt3_interface/interface_ws/install/example_ros2_interfaces/include/example_ros2_interfaces/example_ros2_interfaces/msg/detail/dds_fastrtps
[4.296s] -- Up-to-date: /home/max/ros2fish/chapt3_interface/interface_ws/install/example_ros2_interfaces/include/example_ros2_interfaces/example_ros2_interfaces/msg/detail/robot_status__rosidl_typesupport_fastrtps_cpp.hpp
[4.302s] -- Up-to-date: /home/max/ros2fish/chapt3_interface/interface_ws/install/example_ros2_interfaces/lib/libexample_ros2_interfaces__rosidl_typesupport_fastrtps_cpp.so
[4.302s] -- Up-to-date: /home/max/ros2fish/chapt3_interface/interface_ws/install/example_ros2_interfaces/include/example_ros2_interfaces/example_ros2_interfaces
[4.303s] -- Up-to-date: /home/max/ros2fish/chapt3_interface/interface_ws/install/example_ros2_interfaces/include/example_ros2_interfaces/example_ros2_interfaces/srv
[4.303s] -- Up-to-date: /home/max/ros2fish/chapt3_interface/interface_ws/install/example_ros2_interfaces/include/example_ros2_interfaces/example_ros2_interfaces/srv/detail
[4.303s] -- Up-to-date: /home/max/ros2fish/chapt3_interface/interface_ws/install/example_ros2_interfaces/include/example_ros2_interfaces/example_ros2_interfaces/srv/detail/move_robot__rosidl_typesupport_introspection_cpp.hpp
[4.304s] -- Up-to-date: /home/max/ros2fish/chapt3_interface/interface_ws/install/example_ros2_interfaces/include/example_ros2_interfaces/example_ros2_interfaces/srv/detail/move_robot__type_support.cpp
[4.304s] -- Up-to-date: /home/max/ros2fish/chapt3_interface/interface_ws/install/example_ros2_interfaces/include/example_ros2_interfaces/example_ros2_interfaces/msg
[4.304s] -- Up-to-date: /home/max/ros2fish/chapt3_interface/interface_ws/install/example_ros2_interfaces/include/example_ros2_interfaces/example_ros2_interfaces/msg/detail
[4.304s] -- Up-to-date: /home/max/ros2fish/chapt3_interface/interface_ws/install/example_ros2_interfaces/include/example_ros2_interfaces/example_ros2_interfaces/msg/detail/robot_status__type_support.cpp
[4.305s] -- Up-to-date: /home/max/ros2fish/chapt3_interface/interface_ws/install/example_ros2_interfaces/include/example_ros2_interfaces/example_ros2_interfaces/msg/detail/robot_pose__type_support.cpp
[4.305s] -- Up-to-date: /home/max/ros2fish/chapt3_interface/interface_ws/install/example_ros2_interfaces/include/example_ros2_interfaces/example_ros2_interfaces/msg/detail/robot_pose__rosidl_typesupport_introspection_cpp.hpp
[4.305s] -- Up-to-date: /home/max/ros2fish/chapt3_interface/interface_ws/install/example_ros2_interfaces/include/example_ros2_interfaces/example_ros2_interfaces/msg/detail/robot_status__rosidl_typesupport_introspection_cpp.hpp
[4.308s] -- Up-to-date: /home/max/ros2fish/chapt3_interface/interface_ws/install/example_ros2_interfaces/lib/libexample_ros2_interfaces__rosidl_typesupport_introspection_cpp.so
[4.310s] -- Up-to-date: /home/max/ros2fish/chapt3_interface/interface_ws/install/example_ros2_interfaces/lib/libexample_ros2_interfaces__rosidl_typesupport_cpp.so
[4.311s] -- Up-to-date: /home/max/ros2fish/chapt3_interface/interface_ws/install/example_ros2_interfaces/share/example_ros2_interfaces/environment/pythonpath.sh
[4.311s] -- Installing: /home/max/ros2fish/chapt3_interface/interface_ws/install/example_ros2_interfaces/share/example_ros2_interfaces/environment/pythonpath.dsv
[4.313s] -- Up-to-date: /home/max/ros2fish/chapt3_interface/interface_ws/install/example_ros2_interfaces/local/lib/python3.10/dist-packages/example_ros2_interfaces-0.0.0-py3.10.egg-info
[4.314s] -- Installing: /home/max/ros2fish/chapt3_interface/interface_ws/install/example_ros2_interfaces/local/lib/python3.10/dist-packages/example_ros2_interfaces-0.0.0-py3.10.egg-info/dependency_links.txt
[4.314s] -- Installing: /home/max/ros2fish/chapt3_interface/interface_ws/install/example_ros2_interfaces/local/lib/python3.10/dist-packages/example_ros2_interfaces-0.0.0-py3.10.egg-info/top_level.txt
[4.315s] -- Installing: /home/max/ros2fish/chapt3_interface/interface_ws/install/example_ros2_interfaces/local/lib/python3.10/dist-packages/example_ros2_interfaces-0.0.0-py3.10.egg-info/PKG-INFO
[4.316s] -- Installing: /home/max/ros2fish/chapt3_interface/interface_ws/install/example_ros2_interfaces/local/lib/python3.10/dist-packages/example_ros2_interfaces-0.0.0-py3.10.egg-info/SOURCES.txt
[4.316s] -- Up-to-date: /home/max/ros2fish/chapt3_interface/interface_ws/install/example_ros2_interfaces/local/lib/python3.10/dist-packages/example_ros2_interfaces
[4.317s] -- Up-to-date: /home/max/ros2fish/chapt3_interface/interface_ws/install/example_ros2_interfaces/local/lib/python3.10/dist-packages/example_ros2_interfaces/_example_ros2_interfaces_s.ep.rosidl_typesupport_fastrtps_c.c
[4.317s] -- Up-to-date: /home/max/ros2fish/chapt3_interface/interface_ws/install/example_ros2_interfaces/local/lib/python3.10/dist-packages/example_ros2_interfaces/srv
[4.318s] -- Up-to-date: /home/max/ros2fish/chapt3_interface/interface_ws/install/example_ros2_interfaces/local/lib/python3.10/dist-packages/example_ros2_interfaces/srv/_move_robot.py
[4.319s] -- Up-to-date: /home/max/ros2fish/chapt3_interface/interface_ws/install/example_ros2_interfaces/local/lib/python3.10/dist-packages/example_ros2_interfaces/srv/_move_robot_s.c
[4.319s] -- Up-to-date: /home/max/ros2fish/chapt3_interface/interface_ws/install/example_ros2_interfaces/local/lib/python3.10/dist-packages/example_ros2_interfaces/srv/__init__.py
[4.320s] -- Up-to-date: /home/max/ros2fish/chapt3_interface/interface_ws/install/example_ros2_interfaces/local/lib/python3.10/dist-packages/example_ros2_interfaces/example_ros2_interfaces_s__rosidl_typesupport_fastrtps_c.cpython-310-x86_64-linux-gnu.so
[4.320s] -- Up-to-date: /home/max/ros2fish/chapt3_interface/interface_ws/install/example_ros2_interfaces/local/lib/python3.10/dist-packages/example_ros2_interfaces/example_ros2_interfaces_s__rosidl_typesupport_c.cpython-310-x86_64-linux-gnu.so
[4.320s] -- Up-to-date: /home/max/ros2fish/chapt3_interface/interface_ws/install/example_ros2_interfaces/local/lib/python3.10/dist-packages/example_ros2_interfaces/_example_ros2_interfaces_s.ep.rosidl_typesupport_c.c
[4.321s] -- Up-to-date: /home/max/ros2fish/chapt3_interface/interface_ws/install/example_ros2_interfaces/local/lib/python3.10/dist-packages/example_ros2_interfaces/example_ros2_interfaces_s__rosidl_typesupport_introspection_c.cpython-310-x86_64-linux-gnu.so
[4.321s] -- Up-to-date: /home/max/ros2fish/chapt3_interface/interface_ws/install/example_ros2_interfaces/local/lib/python3.10/dist-packages/example_ros2_interfaces/libexample_ros2_interfaces__rosidl_generator_py.so
[4.321s] -- Up-to-date: /home/max/ros2fish/chapt3_interface/interface_ws/install/example_ros2_interfaces/local/lib/python3.10/dist-packages/example_ros2_interfaces/_example_ros2_interfaces_s.ep.rosidl_typesupport_introspection_c.c
[4.322s] -- Up-to-date: /home/max/ros2fish/chapt3_interface/interface_ws/install/example_ros2_interfaces/local/lib/python3.10/dist-packages/example_ros2_interfaces/msg
[4.323s] -- Up-to-date: /home/max/ros2fish/chapt3_interface/interface_ws/install/example_ros2_interfaces/local/lib/python3.10/dist-packages/example_ros2_interfaces/msg/_robot_pose.py
[4.323s] -- Up-to-date: /home/max/ros2fish/chapt3_interface/interface_ws/install/example_ros2_interfaces/local/lib/python3.10/dist-packages/example_ros2_interfaces/msg/_robot_pose_s.c
[4.325s] -- Up-to-date: /home/max/ros2fish/chapt3_interface/interface_ws/install/example_ros2_interfaces/local/lib/python3.10/dist-packages/example_ros2_interfaces/msg/_robot_status.py
[4.325s] -- Up-to-date: /home/max/ros2fish/chapt3_interface/interface_ws/install/example_ros2_interfaces/local/lib/python3.10/dist-packages/example_ros2_interfaces/msg/_robot_status_s.c
[4.325s] -- Up-to-date: /home/max/ros2fish/chapt3_interface/interface_ws/install/example_ros2_interfaces/local/lib/python3.10/dist-packages/example_ros2_interfaces/msg/__init__.py
[4.325s] -- Installing: /home/max/ros2fish/chapt3_interface/interface_ws/install/example_ros2_interfaces/local/lib/python3.10/dist-packages/example_ros2_interfaces/__init__.py
[4.374s] Listing '/home/max/ros2fish/chapt3_interface/interface_ws/install/example_ros2_interfaces/local/lib/python3.10/dist-packages/example_ros2_interfaces'...
[4.374s] Compiling '/home/max/ros2fish/chapt3_interface/interface_ws/install/example_ros2_interfaces/local/lib/python3.10/dist-packages/example_ros2_interfaces/__init__.py'...
[4.374s] Listing '/home/max/ros2fish/chapt3_interface/interface_ws/install/example_ros2_interfaces/local/lib/python3.10/dist-packages/example_ros2_interfaces/msg'...
[4.374s] Listing '/home/max/ros2fish/chapt3_interface/interface_ws/install/example_ros2_interfaces/local/lib/python3.10/dist-packages/example_ros2_interfaces/srv'...
[4.385s] -- Up-to-date: /home/max/ros2fish/chapt3_interface/interface_ws/install/example_ros2_interfaces/local/lib/python3.10/dist-packages/example_ros2_interfaces/example_ros2_interfaces_s__rosidl_typesupport_fastrtps_c.cpython-310-x86_64-linux-gnu.so
[4.387s] -- Up-to-date: /home/max/ros2fish/chapt3_interface/interface_ws/install/example_ros2_interfaces/local/lib/python3.10/dist-packages/example_ros2_interfaces/example_ros2_interfaces_s__rosidl_typesupport_introspection_c.cpython-310-x86_64-linux-gnu.so
[4.389s] -- Up-to-date: /home/max/ros2fish/chapt3_interface/interface_ws/install/example_ros2_interfaces/local/lib/python3.10/dist-packages/example_ros2_interfaces/example_ros2_interfaces_s__rosidl_typesupport_c.cpython-310-x86_64-linux-gnu.so
[4.392s] -- Up-to-date: /home/max/ros2fish/chapt3_interface/interface_ws/install/example_ros2_interfaces/lib/libexample_ros2_interfaces__rosidl_generator_py.so
[4.396s] -- Up-to-date: /home/max/ros2fish/chapt3_interface/interface_ws/install/example_ros2_interfaces/share/example_ros2_interfaces/msg/RobotPose.idl
[4.396s] -- Up-to-date: /home/max/ros2fish/chapt3_interface/interface_ws/install/example_ros2_interfaces/share/example_ros2_interfaces/msg/RobotStatus.idl
[4.396s] -- Up-to-date: /home/max/ros2fish/chapt3_interface/interface_ws/install/example_ros2_interfaces/share/example_ros2_interfaces/srv/MoveRobot.idl
[4.396s] -- Up-to-date: /home/max/ros2fish/chapt3_interface/interface_ws/install/example_ros2_interfaces/share/example_ros2_interfaces/msg/RobotPose.msg
[4.396s] -- Up-to-date: /home/max/ros2fish/chapt3_interface/interface_ws/install/example_ros2_interfaces/share/example_ros2_interfaces/msg/RobotStatus.msg
[4.397s] -- Up-to-date: /home/max/ros2fish/chapt3_interface/interface_ws/install/example_ros2_interfaces/share/example_ros2_interfaces/srv/MoveRobot.srv
[4.397s] -- Up-to-date: /home/max/ros2fish/chapt3_interface/interface_ws/install/example_ros2_interfaces/share/example_ros2_interfaces/srv/MoveRobot_Request.msg
[4.397s] -- Up-to-date: /home/max/ros2fish/chapt3_interface/interface_ws/install/example_ros2_interfaces/share/example_ros2_interfaces/srv/MoveRobot_Response.msg
[4.397s] -- Up-to-date: /home/max/ros2fish/chapt3_interface/interface_ws/install/example_ros2_interfaces/share/ament_index/resource_index/package_run_dependencies/example_ros2_interfaces
[4.398s] -- Up-to-date: /home/max/ros2fish/chapt3_interface/interface_ws/install/example_ros2_interfaces/share/ament_index/resource_index/parent_prefix_path/example_ros2_interfaces
[4.398s] -- Up-to-date: /home/max/ros2fish/chapt3_interface/interface_ws/install/example_ros2_interfaces/share/example_ros2_interfaces/environment/ament_prefix_path.sh
[4.399s] -- Installing: /home/max/ros2fish/chapt3_interface/interface_ws/install/example_ros2_interfaces/share/example_ros2_interfaces/environment/ament_prefix_path.dsv
[4.399s] -- Up-to-date: /home/max/ros2fish/chapt3_interface/interface_ws/install/example_ros2_interfaces/share/example_ros2_interfaces/environment/path.sh
[4.400s] -- Installing: /home/max/ros2fish/chapt3_interface/interface_ws/install/example_ros2_interfaces/share/example_ros2_interfaces/environment/path.dsv
[4.400s] -- Up-to-date: /home/max/ros2fish/chapt3_interface/interface_ws/install/example_ros2_interfaces/share/example_ros2_interfaces/local_setup.bash
[4.401s] -- Up-to-date: /home/max/ros2fish/chapt3_interface/interface_ws/install/example_ros2_interfaces/share/example_ros2_interfaces/local_setup.sh
[4.401s] -- Up-to-date: /home/max/ros2fish/chapt3_interface/interface_ws/install/example_ros2_interfaces/share/example_ros2_interfaces/local_setup.zsh
[4.402s] -- Installing: /home/max/ros2fish/chapt3_interface/interface_ws/install/example_ros2_interfaces/share/example_ros2_interfaces/local_setup.dsv
[4.402s] -- Installing: /home/max/ros2fish/chapt3_interface/interface_ws/install/example_ros2_interfaces/share/example_ros2_interfaces/package.dsv
[4.403s] -- Up-to-date: /home/max/ros2fish/chapt3_interface/interface_ws/install/example_ros2_interfaces/share/ament_index/resource_index/packages/example_ros2_interfaces
[4.406s] -- Up-to-date: /home/max/ros2fish/chapt3_interface/interface_ws/install/example_ros2_interfaces/share/example_ros2_interfaces/cmake/export_example_ros2_interfaces__rosidl_generator_cExport.cmake
[4.406s] -- Up-to-date: /home/max/ros2fish/chapt3_interface/interface_ws/install/example_ros2_interfaces/share/example_ros2_interfaces/cmake/export_example_ros2_interfaces__rosidl_generator_cExport-noconfig.cmake
[4.408s] -- Up-to-date: /home/max/ros2fish/chapt3_interface/interface_ws/install/example_ros2_interfaces/share/example_ros2_interfaces/cmake/export_example_ros2_interfaces__rosidl_typesupport_fastrtps_cExport.cmake
[4.408s] -- Up-to-date: /home/max/ros2fish/chapt3_interface/interface_ws/install/example_ros2_interfaces/share/example_ros2_interfaces/cmake/export_example_ros2_interfaces__rosidl_typesupport_fastrtps_cExport-noconfig.cmake
[4.411s] -- Up-to-date: /home/max/ros2fish/chapt3_interface/interface_ws/install/example_ros2_interfaces/share/example_ros2_interfaces/cmake/example_ros2_interfaces__rosidl_typesupport_introspection_cExport.cmake
[4.412s] -- Up-to-date: /home/max/ros2fish/chapt3_interface/interface_ws/install/example_ros2_interfaces/share/example_ros2_interfaces/cmake/example_ros2_interfaces__rosidl_typesupport_introspection_cExport-noconfig.cmake
[4.414s] -- Up-to-date: /home/max/ros2fish/chapt3_interface/interface_ws/install/example_ros2_interfaces/share/example_ros2_interfaces/cmake/example_ros2_interfaces__rosidl_typesupport_cExport.cmake
[4.414s] -- Up-to-date: /home/max/ros2fish/chapt3_interface/interface_ws/install/example_ros2_interfaces/share/example_ros2_interfaces/cmake/example_ros2_interfaces__rosidl_typesupport_cExport-noconfig.cmake
[4.415s] -- Up-to-date: /home/max/ros2fish/chapt3_interface/interface_ws/install/example_ros2_interfaces/share/example_ros2_interfaces/cmake/export_example_ros2_interfaces__rosidl_generator_cppExport.cmake
[4.416s] -- Up-to-date: /home/max/ros2fish/chapt3_interface/interface_ws/install/example_ros2_interfaces/share/example_ros2_interfaces/cmake/export_example_ros2_interfaces__rosidl_typesupport_fastrtps_cppExport.cmake
[4.417s] -- Up-to-date: /home/max/ros2fish/chapt3_interface/interface_ws/install/example_ros2_interfaces/share/example_ros2_interfaces/cmake/export_example_ros2_interfaces__rosidl_typesupport_fastrtps_cppExport-noconfig.cmake
[4.418s] -- Up-to-date: /home/max/ros2fish/chapt3_interface/interface_ws/install/example_ros2_interfaces/share/example_ros2_interfaces/cmake/example_ros2_interfaces__rosidl_typesupport_introspection_cppExport.cmake
[4.418s] -- Up-to-date: /home/max/ros2fish/chapt3_interface/interface_ws/install/example_ros2_interfaces/share/example_ros2_interfaces/cmake/example_ros2_interfaces__rosidl_typesupport_introspection_cppExport-noconfig.cmake
[4.419s] -- Up-to-date: /home/max/ros2fish/chapt3_interface/interface_ws/install/example_ros2_interfaces/share/example_ros2_interfaces/cmake/example_ros2_interfaces__rosidl_typesupport_cppExport.cmake
[4.420s] -- Up-to-date: /home/max/ros2fish/chapt3_interface/interface_ws/install/example_ros2_interfaces/share/example_ros2_interfaces/cmake/example_ros2_interfaces__rosidl_typesupport_cppExport-noconfig.cmake
[4.421s] -- Up-to-date: /home/max/ros2fish/chapt3_interface/interface_ws/install/example_ros2_interfaces/share/example_ros2_interfaces/cmake/export_example_ros2_interfaces__rosidl_generator_pyExport.cmake
[4.421s] -- Up-to-date: /home/max/ros2fish/chapt3_interface/interface_ws/install/example_ros2_interfaces/share/example_ros2_interfaces/cmake/export_example_ros2_interfaces__rosidl_generator_pyExport-noconfig.cmake
[4.422s] -- Up-to-date: /home/max/ros2fish/chapt3_interface/interface_ws/install/example_ros2_interfaces/share/example_ros2_interfaces/cmake/rosidl_cmake-extras.cmake
[4.422s] -- Up-to-date: /home/max/ros2fish/chapt3_interface/interface_ws/install/example_ros2_interfaces/share/example_ros2_interfaces/cmake/ament_cmake_export_dependencies-extras.cmake
[4.422s] -- Up-to-date: /home/max/ros2fish/chapt3_interface/interface_ws/install/example_ros2_interfaces/share/example_ros2_interfaces/cmake/ament_cmake_export_include_directories-extras.cmake
[4.423s] -- Up-to-date: /home/max/ros2fish/chapt3_interface/interface_ws/install/example_ros2_interfaces/share/example_ros2_interfaces/cmake/ament_cmake_export_libraries-extras.cmake
[4.423s] -- Up-to-date: /home/max/ros2fish/chapt3_interface/interface_ws/install/example_ros2_interfaces/share/example_ros2_interfaces/cmake/ament_cmake_export_targets-extras.cmake
[4.423s] -- Up-to-date: /home/max/ros2fish/chapt3_interface/interface_ws/install/example_ros2_interfaces/share/example_ros2_interfaces/cmake/rosidl_cmake_export_typesupport_targets-extras.cmake
[4.423s] -- Up-to-date: /home/max/ros2fish/chapt3_interface/interface_ws/install/example_ros2_interfaces/share/example_ros2_interfaces/cmake/rosidl_cmake_export_typesupport_libraries-extras.cmake
[4.424s] -- Up-to-date: /home/max/ros2fish/chapt3_interface/interface_ws/install/example_ros2_interfaces/share/example_ros2_interfaces/cmake/example_ros2_interfacesConfig.cmake
[4.425s] -- Up-to-date: /home/max/ros2fish/chapt3_interface/interface_ws/install/example_ros2_interfaces/share/example_ros2_interfaces/cmake/example_ros2_interfacesConfig-version.cmake
[4.425s] -- Up-to-date: /home/max/ros2fish/chapt3_interface/interface_ws/install/example_ros2_interfaces/share/example_ros2_interfaces/package.xml
[4.430s] Invoked command in '/home/max/ros2fish/chapt3_interface/interface_ws/build/example_ros2_interfaces' returned '0': CMAKE_PREFIX_PATH=/opt/ros/humble /usr/bin/cmake --install /home/max/ros2fish/chapt3_interface/interface_ws/build/example_ros2_interfaces
