[0.464s] DEBUG:colcon:Command line arguments: ['/usr/bin/colcon', 'build']
[0.464s] DEBUG:colcon:Parsed command line arguments: Namespace(log_base=None, log_level=None, verb_name='build', build_base='build', install_base='install', merge_install=False, symlink_install=False, test_result_base=None, continue_on_error=False, executor='parallel', parallel_workers=2, event_handlers=None, ignore_user_meta=False, metas=['./colcon.meta'], base_paths=['.'], packages_ignore=None, packages_ignore_regex=None, paths=None, packages_up_to=None, packages_up_to_regex=None, packages_above=None, packages_above_and_dependencies=None, packages_above_depth=None, packages_select_by_dep=None, packages_skip_by_dep=None, packages_skip_up_to=None, packages_select_build_failed=False, packages_skip_build_finished=False, packages_select_test_failures=False, packages_skip_test_passed=False, packages_select=None, packages_skip=None, packages_select_regex=None, packages_skip_regex=None, packages_start=None, packages_end=None, allow_overriding=[], cmake_args=None, cmake_target=None, cmake_target_skip_unavailable=False, cmake_clean_cache=False, cmake_clean_first=False, cmake_force_configure=False, ament_cmake_args=None, catkin_cmake_args=None, catkin_skip_building_tests=False, verb_parser=<colcon_defaults.argument_parser.defaults.DefaultArgumentsDecorator object at 0x7ebc9dbf7d60>, verb_extension=<colcon_core.verb.build.BuildVerb object at 0x7ebc9dbf6d70>, main=<bound method BuildVerb.main of <colcon_core.verb.build.BuildVerb object at 0x7ebc9dbf6d70>>)
[0.901s] Level 1:colcon.colcon_core.package_discovery:discover_packages(colcon_meta) check parameters
[0.901s] Level 1:colcon.colcon_core.package_discovery:discover_packages(recursive) check parameters
[0.901s] Level 1:colcon.colcon_core.package_discovery:discover_packages(ignore) check parameters
[0.901s] Level 1:colcon.colcon_core.package_discovery:discover_packages(path) check parameters
[0.901s] Level 1:colcon.colcon_core.package_discovery:discover_packages(colcon_meta) discover
[0.901s] Level 1:colcon.colcon_core.package_discovery:discover_packages(recursive) discover
[0.901s] INFO:colcon.colcon_core.package_discovery:Crawling recursively for packages in '/home/max/ros2fish/chapt3_interface/interface_ws'
[0.902s] Level 1:colcon.colcon_core.package_identification:_identify(.) by extensions ['ignore', 'ignore_ament_install']
[0.902s] Level 1:colcon.colcon_core.package_identification:_identify(.) by extension 'ignore'
[0.902s] Level 1:colcon.colcon_core.package_identification:_identify(.) by extension 'ignore_ament_install'
[0.902s] Level 1:colcon.colcon_core.package_identification:_identify(.) by extensions ['colcon_pkg']
[0.902s] Level 1:colcon.colcon_core.package_identification:_identify(.) by extension 'colcon_pkg'
[0.902s] Level 1:colcon.colcon_core.package_identification:_identify(.) by extensions ['colcon_meta']
[0.902s] Level 1:colcon.colcon_core.package_identification:_identify(.) by extension 'colcon_meta'
[0.902s] Level 1:colcon.colcon_core.package_identification:_identify(.) by extensions ['ros']
[0.902s] Level 1:colcon.colcon_core.package_identification:_identify(.) by extension 'ros'
[0.920s] Level 1:colcon.colcon_core.package_identification:_identify(.) by extensions ['cmake', 'python']
[0.920s] Level 1:colcon.colcon_core.package_identification:_identify(.) by extension 'cmake'
[0.920s] Level 1:colcon.colcon_core.package_identification:_identify(.) by extension 'python'
[0.920s] Level 1:colcon.colcon_core.package_identification:_identify(.) by extensions ['python_setup_py']
[0.921s] Level 1:colcon.colcon_core.package_identification:_identify(.) by extension 'python_setup_py'
[0.922s] Level 1:colcon.colcon_core.package_identification:_identify(build) by extensions ['ignore', 'ignore_ament_install']
[0.922s] Level 1:colcon.colcon_core.package_identification:_identify(build) by extension 'ignore'
[0.922s] Level 1:colcon.colcon_core.package_identification:_identify(build) ignored
[0.924s] Level 1:colcon.colcon_core.package_identification:_identify(install) by extensions ['ignore', 'ignore_ament_install']
[0.924s] Level 1:colcon.colcon_core.package_identification:_identify(install) by extension 'ignore'
[0.924s] Level 1:colcon.colcon_core.package_identification:_identify(install) ignored
[0.924s] Level 1:colcon.colcon_core.package_identification:_identify(log) by extensions ['ignore', 'ignore_ament_install']
[0.924s] Level 1:colcon.colcon_core.package_identification:_identify(log) by extension 'ignore'
[0.924s] Level 1:colcon.colcon_core.package_identification:_identify(log) ignored
[0.924s] Level 1:colcon.colcon_core.package_identification:_identify(src) by extensions ['ignore', 'ignore_ament_install']
[0.924s] Level 1:colcon.colcon_core.package_identification:_identify(src) by extension 'ignore'
[0.925s] Level 1:colcon.colcon_core.package_identification:_identify(src) by extension 'ignore_ament_install'
[0.925s] Level 1:colcon.colcon_core.package_identification:_identify(src) by extensions ['colcon_pkg']
[0.925s] Level 1:colcon.colcon_core.package_identification:_identify(src) by extension 'colcon_pkg'
[0.925s] Level 1:colcon.colcon_core.package_identification:_identify(src) by extensions ['colcon_meta']
[0.925s] Level 1:colcon.colcon_core.package_identification:_identify(src) by extension 'colcon_meta'
[0.925s] Level 1:colcon.colcon_core.package_identification:_identify(src) by extensions ['ros']
[0.925s] Level 1:colcon.colcon_core.package_identification:_identify(src) by extension 'ros'
[0.925s] Level 1:colcon.colcon_core.package_identification:_identify(src) by extensions ['cmake', 'python']
[0.925s] Level 1:colcon.colcon_core.package_identification:_identify(src) by extension 'cmake'
[0.925s] Level 1:colcon.colcon_core.package_identification:_identify(src) by extension 'python'
[0.925s] Level 1:colcon.colcon_core.package_identification:_identify(src) by extensions ['python_setup_py']
[0.925s] Level 1:colcon.colcon_core.package_identification:_identify(src) by extension 'python_setup_py'
[0.925s] Level 1:colcon.colcon_core.package_identification:_identify(src/example_interfaces_rclcpp) by extensions ['ignore', 'ignore_ament_install']
[0.925s] Level 1:colcon.colcon_core.package_identification:_identify(src/example_interfaces_rclcpp) by extension 'ignore'
[0.925s] Level 1:colcon.colcon_core.package_identification:_identify(src/example_interfaces_rclcpp) by extension 'ignore_ament_install'
[0.925s] Level 1:colcon.colcon_core.package_identification:_identify(src/example_interfaces_rclcpp) by extensions ['colcon_pkg']
[0.926s] Level 1:colcon.colcon_core.package_identification:_identify(src/example_interfaces_rclcpp) by extension 'colcon_pkg'
[0.926s] Level 1:colcon.colcon_core.package_identification:_identify(src/example_interfaces_rclcpp) by extensions ['colcon_meta']
[0.926s] Level 1:colcon.colcon_core.package_identification:_identify(src/example_interfaces_rclcpp) by extension 'colcon_meta'
[0.926s] Level 1:colcon.colcon_core.package_identification:_identify(src/example_interfaces_rclcpp) by extensions ['ros']
[0.926s] Level 1:colcon.colcon_core.package_identification:_identify(src/example_interfaces_rclcpp) by extension 'ros'
[0.933s] DEBUG:colcon.colcon_core.package_identification:Package 'src/example_interfaces_rclcpp' with type 'ros.ament_cmake' and name 'example_interfaces_rclcpp'
[0.934s] Level 1:colcon.colcon_core.package_identification:_identify(src/example_ros2_interfaces) by extensions ['ignore', 'ignore_ament_install']
[0.934s] Level 1:colcon.colcon_core.package_identification:_identify(src/example_ros2_interfaces) by extension 'ignore'
[0.934s] Level 1:colcon.colcon_core.package_identification:_identify(src/example_ros2_interfaces) by extension 'ignore_ament_install'
[0.934s] Level 1:colcon.colcon_core.package_identification:_identify(src/example_ros2_interfaces) by extensions ['colcon_pkg']
[0.934s] Level 1:colcon.colcon_core.package_identification:_identify(src/example_ros2_interfaces) by extension 'colcon_pkg'
[0.934s] Level 1:colcon.colcon_core.package_identification:_identify(src/example_ros2_interfaces) by extensions ['colcon_meta']
[0.934s] Level 1:colcon.colcon_core.package_identification:_identify(src/example_ros2_interfaces) by extension 'colcon_meta'
[0.934s] Level 1:colcon.colcon_core.package_identification:_identify(src/example_ros2_interfaces) by extensions ['ros']
[0.934s] Level 1:colcon.colcon_core.package_identification:_identify(src/example_ros2_interfaces) by extension 'ros'
[0.936s] DEBUG:colcon.colcon_core.package_identification:Package 'src/example_ros2_interfaces' with type 'ros.ament_cmake' and name 'example_ros2_interfaces'
[0.936s] Level 1:colcon.colcon_core.package_discovery:discover_packages(recursive) using defaults
[0.936s] Level 1:colcon.colcon_core.package_discovery:discover_packages(ignore) discover
[0.936s] Level 1:colcon.colcon_core.package_discovery:discover_packages(ignore) using defaults
[0.936s] Level 1:colcon.colcon_core.package_discovery:discover_packages(path) discover
[0.936s] Level 1:colcon.colcon_core.package_discovery:discover_packages(path) using defaults
[0.988s] Level 1:colcon.colcon_core.package_discovery:discover_packages(prefix_path) check parameters
[0.988s] Level 1:colcon.colcon_core.package_discovery:discover_packages(prefix_path) discover
[0.997s] DEBUG:colcon.colcon_installed_package_information.package_discovery:Found 270 installed packages in /opt/ros/humble
[0.999s] Level 1:colcon.colcon_core.package_discovery:discover_packages(prefix_path) using defaults
[1.123s] Level 5:colcon.colcon_core.verb:set package 'example_ros2_interfaces' build argument 'cmake_args' from command line to 'None'
[1.124s] Level 5:colcon.colcon_core.verb:set package 'example_ros2_interfaces' build argument 'cmake_target' from command line to 'None'
[1.124s] Level 5:colcon.colcon_core.verb:set package 'example_ros2_interfaces' build argument 'cmake_target_skip_unavailable' from command line to 'False'
[1.124s] Level 5:colcon.colcon_core.verb:set package 'example_ros2_interfaces' build argument 'cmake_clean_cache' from command line to 'False'
[1.124s] Level 5:colcon.colcon_core.verb:set package 'example_ros2_interfaces' build argument 'cmake_clean_first' from command line to 'False'
[1.125s] Level 5:colcon.colcon_core.verb:set package 'example_ros2_interfaces' build argument 'cmake_force_configure' from command line to 'False'
[1.125s] Level 5:colcon.colcon_core.verb:set package 'example_ros2_interfaces' build argument 'ament_cmake_args' from command line to 'None'
[1.125s] Level 5:colcon.colcon_core.verb:set package 'example_ros2_interfaces' build argument 'catkin_cmake_args' from command line to 'None'
[1.125s] Level 5:colcon.colcon_core.verb:set package 'example_ros2_interfaces' build argument 'catkin_skip_building_tests' from command line to 'False'
[1.125s] DEBUG:colcon.colcon_core.verb:Building package 'example_ros2_interfaces' with the following arguments: {'ament_cmake_args': None, 'build_base': '/home/max/ros2fish/chapt3_interface/interface_ws/build/example_ros2_interfaces', 'catkin_cmake_args': None, 'catkin_skip_building_tests': False, 'cmake_args': None, 'cmake_clean_cache': False, 'cmake_clean_first': False, 'cmake_force_configure': False, 'cmake_target': None, 'cmake_target_skip_unavailable': False, 'install_base': '/home/max/ros2fish/chapt3_interface/interface_ws/install/example_ros2_interfaces', 'merge_install': False, 'path': '/home/max/ros2fish/chapt3_interface/interface_ws/src/example_ros2_interfaces', 'symlink_install': False, 'test_result_base': None}
[1.126s] Level 5:colcon.colcon_core.verb:set package 'example_interfaces_rclcpp' build argument 'cmake_args' from command line to 'None'
[1.126s] Level 5:colcon.colcon_core.verb:set package 'example_interfaces_rclcpp' build argument 'cmake_target' from command line to 'None'
[1.126s] Level 5:colcon.colcon_core.verb:set package 'example_interfaces_rclcpp' build argument 'cmake_target_skip_unavailable' from command line to 'False'
[1.126s] Level 5:colcon.colcon_core.verb:set package 'example_interfaces_rclcpp' build argument 'cmake_clean_cache' from command line to 'False'
[1.126s] Level 5:colcon.colcon_core.verb:set package 'example_interfaces_rclcpp' build argument 'cmake_clean_first' from command line to 'False'
[1.126s] Level 5:colcon.colcon_core.verb:set package 'example_interfaces_rclcpp' build argument 'cmake_force_configure' from command line to 'False'
[1.126s] Level 5:colcon.colcon_core.verb:set package 'example_interfaces_rclcpp' build argument 'ament_cmake_args' from command line to 'None'
[1.127s] Level 5:colcon.colcon_core.verb:set package 'example_interfaces_rclcpp' build argument 'catkin_cmake_args' from command line to 'None'
[1.127s] Level 5:colcon.colcon_core.verb:set package 'example_interfaces_rclcpp' build argument 'catkin_skip_building_tests' from command line to 'False'
[1.127s] DEBUG:colcon.colcon_core.verb:Building package 'example_interfaces_rclcpp' with the following arguments: {'ament_cmake_args': None, 'build_base': '/home/max/ros2fish/chapt3_interface/interface_ws/build/example_interfaces_rclcpp', 'catkin_cmake_args': None, 'catkin_skip_building_tests': False, 'cmake_args': None, 'cmake_clean_cache': False, 'cmake_clean_first': False, 'cmake_force_configure': False, 'cmake_target': None, 'cmake_target_skip_unavailable': False, 'install_base': '/home/max/ros2fish/chapt3_interface/interface_ws/install/example_interfaces_rclcpp', 'merge_install': False, 'path': '/home/max/ros2fish/chapt3_interface/interface_ws/src/example_interfaces_rclcpp', 'symlink_install': False, 'test_result_base': None}
[1.127s] INFO:colcon.colcon_core.executor:Executing jobs using 'parallel' executor
[1.130s] DEBUG:colcon.colcon_parallel_executor.executor.parallel:run_until_complete
[1.130s] INFO:colcon.colcon_ros.task.ament_cmake.build:Building ROS package in '/home/max/ros2fish/chapt3_interface/interface_ws/src/example_ros2_interfaces' with build type 'ament_cmake'
[1.131s] INFO:colcon.colcon_cmake.task.cmake.build:Building CMake package in '/home/max/ros2fish/chapt3_interface/interface_ws/src/example_ros2_interfaces'
[1.145s] INFO:colcon.colcon_core.plugin_system:Skipping extension 'colcon_core.shell.bat': Not used on non-Windows systems
[1.146s] INFO:colcon.colcon_core.shell:Skip shell extension 'powershell' for command environment: Not usable outside of PowerShell
[1.147s] DEBUG:colcon.colcon_core.shell:Skip shell extension 'dsv' for command environment
[1.179s] DEBUG:colcon.colcon_core.event_handler.log_command:Invoking command in '/home/max/ros2fish/chapt3_interface/interface_ws/build/example_ros2_interfaces': CMAKE_PREFIX_PATH=/opt/ros/humble /usr/bin/cmake --build /home/max/ros2fish/chapt3_interface/interface_ws/build/example_ros2_interfaces -- -j2 -l2
[5.125s] DEBUG:colcon.colcon_core.event_handler.log_command:Invoked command in '/home/max/ros2fish/chapt3_interface/interface_ws/build/example_ros2_interfaces' returned '0': CMAKE_PREFIX_PATH=/opt/ros/humble /usr/bin/cmake --build /home/max/ros2fish/chapt3_interface/interface_ws/build/example_ros2_interfaces -- -j2 -l2
[5.366s] DEBUG:colcon.colcon_core.event_handler.log_command:Invoking command in '/home/max/ros2fish/chapt3_interface/interface_ws/build/example_ros2_interfaces': CMAKE_PREFIX_PATH=/opt/ros/humble /usr/bin/cmake --install /home/max/ros2fish/chapt3_interface/interface_ws/build/example_ros2_interfaces
[5.560s] Level 1:colcon.colcon_core.environment:create_environment_scripts_only(example_ros2_interfaces)
[5.561s] DEBUG:colcon.colcon_core.event_handler.log_command:Invoked command in '/home/max/ros2fish/chapt3_interface/interface_ws/build/example_ros2_interfaces' returned '0': CMAKE_PREFIX_PATH=/opt/ros/humble /usr/bin/cmake --install /home/max/ros2fish/chapt3_interface/interface_ws/build/example_ros2_interfaces
[5.576s] Level 1:colcon.colcon_core.environment:checking '/home/max/ros2fish/chapt3_interface/interface_ws/install/example_ros2_interfaces' for CMake module files
[5.577s] Level 1:colcon.colcon_core.environment:checking '/home/max/ros2fish/chapt3_interface/interface_ws/install/example_ros2_interfaces' for CMake config files
[5.579s] Level 1:colcon.colcon_core.shell:create_environment_hook('example_ros2_interfaces', 'cmake_prefix_path')
[5.579s] INFO:colcon.colcon_core.shell:Creating environment hook '/home/max/ros2fish/chapt3_interface/interface_ws/install/example_ros2_interfaces/share/example_ros2_interfaces/hook/cmake_prefix_path.ps1'
[5.581s] INFO:colcon.colcon_core.shell:Creating environment descriptor '/home/max/ros2fish/chapt3_interface/interface_ws/install/example_ros2_interfaces/share/example_ros2_interfaces/hook/cmake_prefix_path.dsv'
[5.583s] INFO:colcon.colcon_core.shell:Creating environment hook '/home/max/ros2fish/chapt3_interface/interface_ws/install/example_ros2_interfaces/share/example_ros2_interfaces/hook/cmake_prefix_path.sh'
[5.584s] Level 1:colcon.colcon_core.environment:checking '/home/max/ros2fish/chapt3_interface/interface_ws/install/example_ros2_interfaces/lib'
[5.585s] Level 1:colcon.colcon_core.shell:create_environment_hook('example_ros2_interfaces', 'ld_library_path_lib')
[5.585s] INFO:colcon.colcon_core.shell:Creating environment hook '/home/max/ros2fish/chapt3_interface/interface_ws/install/example_ros2_interfaces/share/example_ros2_interfaces/hook/ld_library_path_lib.ps1'
[5.586s] INFO:colcon.colcon_core.shell:Creating environment descriptor '/home/max/ros2fish/chapt3_interface/interface_ws/install/example_ros2_interfaces/share/example_ros2_interfaces/hook/ld_library_path_lib.dsv'
[5.586s] INFO:colcon.colcon_core.shell:Creating environment hook '/home/max/ros2fish/chapt3_interface/interface_ws/install/example_ros2_interfaces/share/example_ros2_interfaces/hook/ld_library_path_lib.sh'
[5.587s] Level 1:colcon.colcon_core.environment:checking '/home/max/ros2fish/chapt3_interface/interface_ws/install/example_ros2_interfaces/bin'
[5.587s] Level 1:colcon.colcon_core.environment:checking '/home/max/ros2fish/chapt3_interface/interface_ws/install/example_ros2_interfaces/lib/pkgconfig/example_ros2_interfaces.pc'
[5.587s] Level 1:colcon.colcon_core.environment:checking '/home/max/ros2fish/chapt3_interface/interface_ws/install/example_ros2_interfaces/lib/python3.10/site-packages'
[5.588s] Level 1:colcon.colcon_core.environment:checking '/home/max/ros2fish/chapt3_interface/interface_ws/install/example_ros2_interfaces/bin'
[5.588s] INFO:colcon.colcon_core.shell:Creating package script '/home/max/ros2fish/chapt3_interface/interface_ws/install/example_ros2_interfaces/share/example_ros2_interfaces/package.ps1'
[5.592s] INFO:colcon.colcon_core.shell:Creating package descriptor '/home/max/ros2fish/chapt3_interface/interface_ws/install/example_ros2_interfaces/share/example_ros2_interfaces/package.dsv'
[5.594s] INFO:colcon.colcon_core.shell:Creating package script '/home/max/ros2fish/chapt3_interface/interface_ws/install/example_ros2_interfaces/share/example_ros2_interfaces/package.sh'
[5.595s] INFO:colcon.colcon_core.shell:Creating package script '/home/max/ros2fish/chapt3_interface/interface_ws/install/example_ros2_interfaces/share/example_ros2_interfaces/package.bash'
[5.597s] INFO:colcon.colcon_core.shell:Creating package script '/home/max/ros2fish/chapt3_interface/interface_ws/install/example_ros2_interfaces/share/example_ros2_interfaces/package.zsh'
[5.599s] Level 1:colcon.colcon_core.environment:create_file_with_runtime_dependencies(/home/max/ros2fish/chapt3_interface/interface_ws/install/example_ros2_interfaces/share/colcon-core/packages/example_ros2_interfaces)
[5.884s] Level 1:colcon.colcon_core.environment:create_environment_scripts_only(example_ros2_interfaces)
[5.884s] Level 1:colcon.colcon_core.environment:checking '/home/max/ros2fish/chapt3_interface/interface_ws/install/example_ros2_interfaces' for CMake module files
[5.884s] Level 1:colcon.colcon_core.environment:checking '/home/max/ros2fish/chapt3_interface/interface_ws/install/example_ros2_interfaces' for CMake config files
[5.885s] Level 1:colcon.colcon_core.shell:create_environment_hook('example_ros2_interfaces', 'cmake_prefix_path')
[5.885s] INFO:colcon.colcon_core.shell:Creating environment hook '/home/max/ros2fish/chapt3_interface/interface_ws/install/example_ros2_interfaces/share/example_ros2_interfaces/hook/cmake_prefix_path.ps1'
[5.886s] INFO:colcon.colcon_core.shell:Creating environment descriptor '/home/max/ros2fish/chapt3_interface/interface_ws/install/example_ros2_interfaces/share/example_ros2_interfaces/hook/cmake_prefix_path.dsv'
[5.886s] INFO:colcon.colcon_core.shell:Creating environment hook '/home/max/ros2fish/chapt3_interface/interface_ws/install/example_ros2_interfaces/share/example_ros2_interfaces/hook/cmake_prefix_path.sh'
[5.887s] Level 1:colcon.colcon_core.environment:checking '/home/max/ros2fish/chapt3_interface/interface_ws/install/example_ros2_interfaces/lib'
[5.887s] Level 1:colcon.colcon_core.shell:create_environment_hook('example_ros2_interfaces', 'ld_library_path_lib')
[5.887s] INFO:colcon.colcon_core.shell:Creating environment hook '/home/max/ros2fish/chapt3_interface/interface_ws/install/example_ros2_interfaces/share/example_ros2_interfaces/hook/ld_library_path_lib.ps1'
[5.888s] INFO:colcon.colcon_core.shell:Creating environment descriptor '/home/max/ros2fish/chapt3_interface/interface_ws/install/example_ros2_interfaces/share/example_ros2_interfaces/hook/ld_library_path_lib.dsv'
[5.889s] INFO:colcon.colcon_core.shell:Creating environment hook '/home/max/ros2fish/chapt3_interface/interface_ws/install/example_ros2_interfaces/share/example_ros2_interfaces/hook/ld_library_path_lib.sh'
[5.890s] Level 1:colcon.colcon_core.environment:checking '/home/max/ros2fish/chapt3_interface/interface_ws/install/example_ros2_interfaces/bin'
[5.890s] Level 1:colcon.colcon_core.environment:checking '/home/max/ros2fish/chapt3_interface/interface_ws/install/example_ros2_interfaces/lib/pkgconfig/example_ros2_interfaces.pc'
[5.890s] Level 1:colcon.colcon_core.environment:checking '/home/max/ros2fish/chapt3_interface/interface_ws/install/example_ros2_interfaces/lib/python3.10/site-packages'
[5.891s] Level 1:colcon.colcon_core.environment:checking '/home/max/ros2fish/chapt3_interface/interface_ws/install/example_ros2_interfaces/bin'
[5.891s] INFO:colcon.colcon_core.shell:Creating package script '/home/max/ros2fish/chapt3_interface/interface_ws/install/example_ros2_interfaces/share/example_ros2_interfaces/package.ps1'
[5.892s] INFO:colcon.colcon_core.shell:Creating package descriptor '/home/max/ros2fish/chapt3_interface/interface_ws/install/example_ros2_interfaces/share/example_ros2_interfaces/package.dsv'
[5.894s] INFO:colcon.colcon_core.shell:Creating package script '/home/max/ros2fish/chapt3_interface/interface_ws/install/example_ros2_interfaces/share/example_ros2_interfaces/package.sh'
[5.895s] INFO:colcon.colcon_core.shell:Creating package script '/home/max/ros2fish/chapt3_interface/interface_ws/install/example_ros2_interfaces/share/example_ros2_interfaces/package.bash'
[5.896s] INFO:colcon.colcon_core.shell:Creating package script '/home/max/ros2fish/chapt3_interface/interface_ws/install/example_ros2_interfaces/share/example_ros2_interfaces/package.zsh'
[5.896s] Level 1:colcon.colcon_core.environment:create_file_with_runtime_dependencies(/home/max/ros2fish/chapt3_interface/interface_ws/install/example_ros2_interfaces/share/colcon-core/packages/example_ros2_interfaces)
[5.898s] INFO:colcon.colcon_ros.task.ament_cmake.build:Building ROS package in '/home/max/ros2fish/chapt3_interface/interface_ws/src/example_interfaces_rclcpp' with build type 'ament_cmake'
[5.898s] INFO:colcon.colcon_cmake.task.cmake.build:Building CMake package in '/home/max/ros2fish/chapt3_interface/interface_ws/src/example_interfaces_rclcpp'
[5.899s] INFO:colcon.colcon_core.shell:Skip shell extension 'powershell' for command environment: Not usable outside of PowerShell
[5.899s] DEBUG:colcon.colcon_core.shell:Skip shell extension 'dsv' for command environment
[5.918s] DEBUG:colcon.colcon_core.event_handler.log_command:Invoking command in '/home/max/ros2fish/chapt3_interface/interface_ws/build/example_interfaces_rclcpp': AMENT_PREFIX_PATH=/home/max/ros2fish/chapt3_interface/interface_ws/install/example_ros2_interfaces:${AMENT_PREFIX_PATH} CMAKE_PREFIX_PATH=/home/max/ros2fish/chapt3_interface/interface_ws/install/example_ros2_interfaces:/opt/ros/humble LD_LIBRARY_PATH=/home/max/ros2fish/chapt3_interface/interface_ws/install/example_ros2_interfaces/lib:${LD_LIBRARY_PATH} PYTHONPATH=/home/max/ros2fish/chapt3_interface/interface_ws/install/example_ros2_interfaces/local/lib/python3.10/dist-packages:${PYTHONPATH} /usr/bin/cmake /home/max/ros2fish/chapt3_interface/interface_ws/src/example_interfaces_rclcpp -DCMAKE_INSTALL_PREFIX=/home/max/ros2fish/chapt3_interface/interface_ws/install/example_interfaces_rclcpp
[9.093s] DEBUG:colcon.colcon_core.event_handler.log_command:Invoked command in '/home/max/ros2fish/chapt3_interface/interface_ws/build/example_interfaces_rclcpp' returned '0': AMENT_PREFIX_PATH=/home/max/ros2fish/chapt3_interface/interface_ws/install/example_ros2_interfaces:${AMENT_PREFIX_PATH} CMAKE_PREFIX_PATH=/home/max/ros2fish/chapt3_interface/interface_ws/install/example_ros2_interfaces:/opt/ros/humble LD_LIBRARY_PATH=/home/max/ros2fish/chapt3_interface/interface_ws/install/example_ros2_interfaces/lib:${LD_LIBRARY_PATH} PYTHONPATH=/home/max/ros2fish/chapt3_interface/interface_ws/install/example_ros2_interfaces/local/lib/python3.10/dist-packages:${PYTHONPATH} /usr/bin/cmake /home/max/ros2fish/chapt3_interface/interface_ws/src/example_interfaces_rclcpp -DCMAKE_INSTALL_PREFIX=/home/max/ros2fish/chapt3_interface/interface_ws/install/example_interfaces_rclcpp
[9.097s] DEBUG:colcon.colcon_core.event_handler.log_command:Invoking command in '/home/max/ros2fish/chapt3_interface/interface_ws/build/example_interfaces_rclcpp': AMENT_PREFIX_PATH=/home/max/ros2fish/chapt3_interface/interface_ws/install/example_ros2_interfaces:${AMENT_PREFIX_PATH} CMAKE_PREFIX_PATH=/home/max/ros2fish/chapt3_interface/interface_ws/install/example_ros2_interfaces:/opt/ros/humble LD_LIBRARY_PATH=/home/max/ros2fish/chapt3_interface/interface_ws/install/example_ros2_interfaces/lib:${LD_LIBRARY_PATH} PYTHONPATH=/home/max/ros2fish/chapt3_interface/interface_ws/install/example_ros2_interfaces/local/lib/python3.10/dist-packages:${PYTHONPATH} /usr/bin/cmake --build /home/max/ros2fish/chapt3_interface/interface_ws/build/example_interfaces_rclcpp -- -j2 -l2
[19.073s] DEBUG:colcon.colcon_core.event_handler.log_command:Invoked command in '/home/max/ros2fish/chapt3_interface/interface_ws/build/example_interfaces_rclcpp' returned '0': AMENT_PREFIX_PATH=/home/max/ros2fish/chapt3_interface/interface_ws/install/example_ros2_interfaces:${AMENT_PREFIX_PATH} CMAKE_PREFIX_PATH=/home/max/ros2fish/chapt3_interface/interface_ws/install/example_ros2_interfaces:/opt/ros/humble LD_LIBRARY_PATH=/home/max/ros2fish/chapt3_interface/interface_ws/install/example_ros2_interfaces/lib:${LD_LIBRARY_PATH} PYTHONPATH=/home/max/ros2fish/chapt3_interface/interface_ws/install/example_ros2_interfaces/local/lib/python3.10/dist-packages:${PYTHONPATH} /usr/bin/cmake --build /home/max/ros2fish/chapt3_interface/interface_ws/build/example_interfaces_rclcpp -- -j2 -l2
[19.131s] DEBUG:colcon.colcon_core.event_handler.log_command:Invoking command in '/home/max/ros2fish/chapt3_interface/interface_ws/build/example_interfaces_rclcpp': AMENT_PREFIX_PATH=/home/max/ros2fish/chapt3_interface/interface_ws/install/example_ros2_interfaces:${AMENT_PREFIX_PATH} CMAKE_PREFIX_PATH=/home/max/ros2fish/chapt3_interface/interface_ws/install/example_ros2_interfaces:/opt/ros/humble LD_LIBRARY_PATH=/home/max/ros2fish/chapt3_interface/interface_ws/install/example_ros2_interfaces/lib:${LD_LIBRARY_PATH} PYTHONPATH=/home/max/ros2fish/chapt3_interface/interface_ws/install/example_ros2_interfaces/local/lib/python3.10/dist-packages:${PYTHONPATH} /usr/bin/cmake --install /home/max/ros2fish/chapt3_interface/interface_ws/build/example_interfaces_rclcpp
[19.152s] Level 1:colcon.colcon_core.environment:create_environment_scripts_only(example_interfaces_rclcpp)
[19.153s] Level 1:colcon.colcon_core.environment:checking '/home/max/ros2fish/chapt3_interface/interface_ws/install/example_interfaces_rclcpp' for CMake module files
[19.153s] Level 1:colcon.colcon_core.environment:checking '/home/max/ros2fish/chapt3_interface/interface_ws/install/example_interfaces_rclcpp' for CMake config files
[19.153s] Level 1:colcon.colcon_core.shell:create_environment_hook('example_interfaces_rclcpp', 'cmake_prefix_path')
[19.154s] INFO:colcon.colcon_core.shell:Creating environment hook '/home/max/ros2fish/chapt3_interface/interface_ws/install/example_interfaces_rclcpp/share/example_interfaces_rclcpp/hook/cmake_prefix_path.ps1'
[19.154s] INFO:colcon.colcon_core.shell:Creating environment descriptor '/home/max/ros2fish/chapt3_interface/interface_ws/install/example_interfaces_rclcpp/share/example_interfaces_rclcpp/hook/cmake_prefix_path.dsv'
[19.155s] INFO:colcon.colcon_core.shell:Creating environment hook '/home/max/ros2fish/chapt3_interface/interface_ws/install/example_interfaces_rclcpp/share/example_interfaces_rclcpp/hook/cmake_prefix_path.sh'
[19.156s] Level 1:colcon.colcon_core.environment:checking '/home/max/ros2fish/chapt3_interface/interface_ws/install/example_interfaces_rclcpp/lib'
[19.156s] Level 1:colcon.colcon_core.environment:checking '/home/max/ros2fish/chapt3_interface/interface_ws/install/example_interfaces_rclcpp/bin'
[19.156s] Level 1:colcon.colcon_core.environment:checking '/home/max/ros2fish/chapt3_interface/interface_ws/install/example_interfaces_rclcpp/lib/pkgconfig/example_interfaces_rclcpp.pc'
[19.156s] Level 1:colcon.colcon_core.environment:checking '/home/max/ros2fish/chapt3_interface/interface_ws/install/example_interfaces_rclcpp/lib/python3.10/site-packages'
[19.157s] Level 1:colcon.colcon_core.environment:checking '/home/max/ros2fish/chapt3_interface/interface_ws/install/example_interfaces_rclcpp/bin'
[19.157s] INFO:colcon.colcon_core.shell:Creating package script '/home/max/ros2fish/chapt3_interface/interface_ws/install/example_interfaces_rclcpp/share/example_interfaces_rclcpp/package.ps1'
[19.158s] INFO:colcon.colcon_core.shell:Creating package descriptor '/home/max/ros2fish/chapt3_interface/interface_ws/install/example_interfaces_rclcpp/share/example_interfaces_rclcpp/package.dsv'
[19.159s] INFO:colcon.colcon_core.shell:Creating package script '/home/max/ros2fish/chapt3_interface/interface_ws/install/example_interfaces_rclcpp/share/example_interfaces_rclcpp/package.sh'
[19.160s] INFO:colcon.colcon_core.shell:Creating package script '/home/max/ros2fish/chapt3_interface/interface_ws/install/example_interfaces_rclcpp/share/example_interfaces_rclcpp/package.bash'
[19.161s] INFO:colcon.colcon_core.shell:Creating package script '/home/max/ros2fish/chapt3_interface/interface_ws/install/example_interfaces_rclcpp/share/example_interfaces_rclcpp/package.zsh'
[19.162s] Level 1:colcon.colcon_core.environment:create_file_with_runtime_dependencies(/home/max/ros2fish/chapt3_interface/interface_ws/install/example_interfaces_rclcpp/share/colcon-core/packages/example_interfaces_rclcpp)
[19.164s] DEBUG:colcon.colcon_core.event_handler.log_command:Invoked command in '/home/max/ros2fish/chapt3_interface/interface_ws/build/example_interfaces_rclcpp' returned '0': AMENT_PREFIX_PATH=/home/max/ros2fish/chapt3_interface/interface_ws/install/example_ros2_interfaces:${AMENT_PREFIX_PATH} CMAKE_PREFIX_PATH=/home/max/ros2fish/chapt3_interface/interface_ws/install/example_ros2_interfaces:/opt/ros/humble LD_LIBRARY_PATH=/home/max/ros2fish/chapt3_interface/interface_ws/install/example_ros2_interfaces/lib:${LD_LIBRARY_PATH} PYTHONPATH=/home/max/ros2fish/chapt3_interface/interface_ws/install/example_ros2_interfaces/local/lib/python3.10/dist-packages:${PYTHONPATH} /usr/bin/cmake --install /home/max/ros2fish/chapt3_interface/interface_ws/build/example_interfaces_rclcpp
[19.221s] Level 1:colcon.colcon_core.environment:create_environment_scripts_only(example_interfaces_rclcpp)
[19.222s] Level 1:colcon.colcon_core.environment:checking '/home/max/ros2fish/chapt3_interface/interface_ws/install/example_interfaces_rclcpp' for CMake module files
[19.223s] Level 1:colcon.colcon_core.environment:checking '/home/max/ros2fish/chapt3_interface/interface_ws/install/example_interfaces_rclcpp' for CMake config files
[19.224s] Level 1:colcon.colcon_core.shell:create_environment_hook('example_interfaces_rclcpp', 'cmake_prefix_path')
[19.224s] INFO:colcon.colcon_core.shell:Creating environment hook '/home/max/ros2fish/chapt3_interface/interface_ws/install/example_interfaces_rclcpp/share/example_interfaces_rclcpp/hook/cmake_prefix_path.ps1'
[19.226s] INFO:colcon.colcon_core.shell:Creating environment descriptor '/home/max/ros2fish/chapt3_interface/interface_ws/install/example_interfaces_rclcpp/share/example_interfaces_rclcpp/hook/cmake_prefix_path.dsv'
[19.227s] INFO:colcon.colcon_core.shell:Creating environment hook '/home/max/ros2fish/chapt3_interface/interface_ws/install/example_interfaces_rclcpp/share/example_interfaces_rclcpp/hook/cmake_prefix_path.sh'
[19.228s] Level 1:colcon.colcon_core.environment:checking '/home/max/ros2fish/chapt3_interface/interface_ws/install/example_interfaces_rclcpp/lib'
[19.228s] Level 1:colcon.colcon_core.environment:checking '/home/max/ros2fish/chapt3_interface/interface_ws/install/example_interfaces_rclcpp/bin'
[19.228s] Level 1:colcon.colcon_core.environment:checking '/home/max/ros2fish/chapt3_interface/interface_ws/install/example_interfaces_rclcpp/lib/pkgconfig/example_interfaces_rclcpp.pc'
[19.228s] Level 1:colcon.colcon_core.environment:checking '/home/max/ros2fish/chapt3_interface/interface_ws/install/example_interfaces_rclcpp/lib/python3.10/site-packages'
[19.228s] Level 1:colcon.colcon_core.environment:checking '/home/max/ros2fish/chapt3_interface/interface_ws/install/example_interfaces_rclcpp/bin'
[19.229s] INFO:colcon.colcon_core.shell:Creating package script '/home/max/ros2fish/chapt3_interface/interface_ws/install/example_interfaces_rclcpp/share/example_interfaces_rclcpp/package.ps1'
[19.230s] INFO:colcon.colcon_core.shell:Creating package descriptor '/home/max/ros2fish/chapt3_interface/interface_ws/install/example_interfaces_rclcpp/share/example_interfaces_rclcpp/package.dsv'
[19.231s] INFO:colcon.colcon_core.shell:Creating package script '/home/max/ros2fish/chapt3_interface/interface_ws/install/example_interfaces_rclcpp/share/example_interfaces_rclcpp/package.sh'
[19.232s] INFO:colcon.colcon_core.shell:Creating package script '/home/max/ros2fish/chapt3_interface/interface_ws/install/example_interfaces_rclcpp/share/example_interfaces_rclcpp/package.bash'
[19.232s] INFO:colcon.colcon_core.shell:Creating package script '/home/max/ros2fish/chapt3_interface/interface_ws/install/example_interfaces_rclcpp/share/example_interfaces_rclcpp/package.zsh'
[19.233s] Level 1:colcon.colcon_core.environment:create_file_with_runtime_dependencies(/home/max/ros2fish/chapt3_interface/interface_ws/install/example_interfaces_rclcpp/share/colcon-core/packages/example_interfaces_rclcpp)
[19.234s] DEBUG:colcon.colcon_parallel_executor.executor.parallel:closing loop
[19.234s] DEBUG:colcon.colcon_parallel_executor.executor.parallel:loop closed
[19.234s] DEBUG:colcon.colcon_parallel_executor.executor.parallel:run_until_complete finished with '0'
[19.235s] DEBUG:colcon.colcon_core.event_reactor:joining thread
[19.288s] INFO:colcon.colcon_core.plugin_system:Skipping extension 'colcon_notification.desktop_notification.terminal_notifier': Not used on non-Darwin systems
[19.288s] INFO:colcon.colcon_core.plugin_system:Skipping extension 'colcon_notification.desktop_notification.win32': Not used on non-Windows systems
[19.288s] INFO:colcon.colcon_notification.desktop_notification:Sending desktop notification using 'notify2'
[19.396s] DEBUG:colcon.colcon_core.event_reactor:joined thread
[19.396s] INFO:colcon.colcon_core.shell:Creating prefix script '/home/max/ros2fish/chapt3_interface/interface_ws/install/local_setup.ps1'
[19.399s] INFO:colcon.colcon_core.shell:Creating prefix util module '/home/max/ros2fish/chapt3_interface/interface_ws/install/_local_setup_util_ps1.py'
[19.402s] INFO:colcon.colcon_core.shell:Creating prefix chain script '/home/max/ros2fish/chapt3_interface/interface_ws/install/setup.ps1'
[19.407s] INFO:colcon.colcon_core.shell:Creating prefix script '/home/max/ros2fish/chapt3_interface/interface_ws/install/local_setup.sh'
[19.410s] INFO:colcon.colcon_core.shell:Creating prefix util module '/home/max/ros2fish/chapt3_interface/interface_ws/install/_local_setup_util_sh.py'
[19.411s] INFO:colcon.colcon_core.shell:Creating prefix chain script '/home/max/ros2fish/chapt3_interface/interface_ws/install/setup.sh'
[19.420s] INFO:colcon.colcon_core.shell:Creating prefix script '/home/max/ros2fish/chapt3_interface/interface_ws/install/local_setup.bash'
[19.424s] INFO:colcon.colcon_core.shell:Creating prefix chain script '/home/max/ros2fish/chapt3_interface/interface_ws/install/setup.bash'
[19.426s] INFO:colcon.colcon_core.shell:Creating prefix script '/home/max/ros2fish/chapt3_interface/interface_ws/install/local_setup.zsh'
[19.428s] INFO:colcon.colcon_core.shell:Creating prefix chain script '/home/max/ros2fish/chapt3_interface/interface_ws/install/setup.zsh'
