[0.032s] Invoking command in '/home/max/ros2fish/chapt3_interface/interface_ws/build/example_ros2_interfaces': CMAKE_PREFIX_PATH=/opt/ros/humble /usr/bin/cmake --build /home/max/ros2fish/chapt3_interface/interface_ws/build/example_ros2_interfaces -- -j2 -l2
[0.330s] [  2%] Built target example_ros2_interfaces__cpp
[0.390s] [ 12%] Built target example_ros2_interfaces__rosidl_generator_c
[0.461s] [ 12%] Built target ament_cmake_python_copy_example_ros2_interfaces
[0.466s] [ 23%] Built target example_ros2_interfaces__rosidl_typesupport_fastrtps_c
[0.553s] [ 34%] Built target example_ros2_interfaces__rosidl_typesupport_introspection_c
[0.595s] [ 44%] Built target example_ros2_interfaces__rosidl_typesupport_c
[0.667s] [ 55%] Built target example_ros2_interfaces__rosidl_typesupport_fastrtps_cpp
[0.709s] [ 65%] Built target example_ros2_interfaces__rosidl_typesupport_introspection_cpp
[0.790s] [ 76%] Built target example_ros2_interfaces__rosidl_typesupport_cpp
[0.909s] [ 76%] Built target example_ros2_interfaces
[1.047s] [ 78%] Built target example_ros2_interfaces__py
[1.161s] [ 87%] Built target example_ros2_interfaces__rosidl_generator_py
[1.253s] [ 91%] Built target example_ros2_interfaces__rosidl_typesupport_fastrtps_c__pyext
[1.336s] [ 95%] Built target example_ros2_interfaces__rosidl_typesupport_introspection_c__pyext
[1.349s] running egg_info
[1.350s] writing example_ros2_interfaces.egg-info/PKG-INFO
[1.350s] writing dependency_links to example_ros2_interfaces.egg-info/dependency_links.txt
[1.351s] writing top-level names to example_ros2_interfaces.egg-info/top_level.txt
[1.363s] reading manifest file 'example_ros2_interfaces.egg-info/SOURCES.txt'
[1.364s] writing manifest file 'example_ros2_interfaces.egg-info/SOURCES.txt'
[1.455s] [ 97%] Built target ament_cmake_python_build_example_ros2_interfaces_egg
[1.455s] [100%] Built target example_ros2_interfaces__rosidl_typesupport_c__pyext
[1.491s] Invoked command in '/home/max/ros2fish/chapt3_interface/interface_ws/build/example_ros2_interfaces' returned '0': CMAKE_PREFIX_PATH=/opt/ros/humble /usr/bin/cmake --build /home/max/ros2fish/chapt3_interface/interface_ws/build/example_ros2_interfaces -- -j2 -l2
[1.731s] Invoking command in '/home/max/ros2fish/chapt3_interface/interface_ws/build/example_ros2_interfaces': CMAKE_PREFIX_PATH=/opt/ros/humble /usr/bin/cmake --install /home/max/ros2fish/chapt3_interface/interface_ws/build/example_ros2_interfaces
[1.759s] -- Install configuration: ""
[1.766s] -- Up-to-date: /home/max/ros2fish/chapt3_interface/interface_ws/install/example_ros2_interfaces/share/ament_index/resource_index/rosidl_interfaces/example_ros2_interfaces
[1.766s] -- Up-to-date: /home/max/ros2fish/chapt3_interface/interface_ws/install/example_ros2_interfaces/include/example_ros2_interfaces/example_ros2_interfaces
[1.766s] -- Up-to-date: /home/max/ros2fish/chapt3_interface/interface_ws/install/example_ros2_interfaces/include/example_ros2_interfaces/example_ros2_interfaces/srv
[1.766s] -- Up-to-date: /home/max/ros2fish/chapt3_interface/interface_ws/install/example_ros2_interfaces/include/example_ros2_interfaces/example_ros2_interfaces/srv/move_robot.h
[1.766s] -- Up-to-date: /home/max/ros2fish/chapt3_interface/interface_ws/install/example_ros2_interfaces/include/example_ros2_interfaces/example_ros2_interfaces/srv/detail
[1.766s] -- Up-to-date: /home/max/ros2fish/chapt3_interface/interface_ws/install/example_ros2_interfaces/include/example_ros2_interfaces/example_ros2_interfaces/srv/detail/move_robot__struct.h
[1.767s] -- Up-to-date: /home/max/ros2fish/chapt3_interface/interface_ws/install/example_ros2_interfaces/include/example_ros2_interfaces/example_ros2_interfaces/srv/detail/move_robot__functions.c
[1.767s] -- Up-to-date: /home/max/ros2fish/chapt3_interface/interface_ws/install/example_ros2_interfaces/include/example_ros2_interfaces/example_ros2_interfaces/srv/detail/move_robot__functions.h
[1.767s] -- Up-to-date: /home/max/ros2fish/chapt3_interface/interface_ws/install/example_ros2_interfaces/include/example_ros2_interfaces/example_ros2_interfaces/srv/detail/move_robot__type_support.h
[1.767s] -- Up-to-date: /home/max/ros2fish/chapt3_interface/interface_ws/install/example_ros2_interfaces/include/example_ros2_interfaces/example_ros2_interfaces/msg
[1.767s] -- Up-to-date: /home/max/ros2fish/chapt3_interface/interface_ws/install/example_ros2_interfaces/include/example_ros2_interfaces/example_ros2_interfaces/msg/robot_status.h
[1.768s] -- Up-to-date: /home/max/ros2fish/chapt3_interface/interface_ws/install/example_ros2_interfaces/include/example_ros2_interfaces/example_ros2_interfaces/msg/rosidl_generator_c__visibility_control.h
[1.768s] -- Up-to-date: /home/max/ros2fish/chapt3_interface/interface_ws/install/example_ros2_interfaces/include/example_ros2_interfaces/example_ros2_interfaces/msg/robot_pose.h
[1.768s] -- Up-to-date: /home/max/ros2fish/chapt3_interface/interface_ws/install/example_ros2_interfaces/include/example_ros2_interfaces/example_ros2_interfaces/msg/detail
[1.769s] -- Up-to-date: /home/max/ros2fish/chapt3_interface/interface_ws/install/example_ros2_interfaces/include/example_ros2_interfaces/example_ros2_interfaces/msg/detail/robot_status__functions.c
[1.769s] -- Up-to-date: /home/max/ros2fish/chapt3_interface/interface_ws/install/example_ros2_interfaces/include/example_ros2_interfaces/example_ros2_interfaces/msg/detail/robot_status__type_support.h
[1.769s] -- Up-to-date: /home/max/ros2fish/chapt3_interface/interface_ws/install/example_ros2_interfaces/include/example_ros2_interfaces/example_ros2_interfaces/msg/detail/robot_pose__functions.c
[1.769s] -- Up-to-date: /home/max/ros2fish/chapt3_interface/interface_ws/install/example_ros2_interfaces/include/example_ros2_interfaces/example_ros2_interfaces/msg/detail/robot_pose__functions.h
[1.769s] -- Up-to-date: /home/max/ros2fish/chapt3_interface/interface_ws/install/example_ros2_interfaces/include/example_ros2_interfaces/example_ros2_interfaces/msg/detail/robot_status__struct.h
[1.769s] -- Up-to-date: /home/max/ros2fish/chapt3_interface/interface_ws/install/example_ros2_interfaces/include/example_ros2_interfaces/example_ros2_interfaces/msg/detail/robot_status__functions.h
[1.769s] -- Up-to-date: /home/max/ros2fish/chapt3_interface/interface_ws/install/example_ros2_interfaces/include/example_ros2_interfaces/example_ros2_interfaces/msg/detail/robot_pose__type_support.h
[1.769s] -- Up-to-date: /home/max/ros2fish/chapt3_interface/interface_ws/install/example_ros2_interfaces/include/example_ros2_interfaces/example_ros2_interfaces/msg/detail/robot_pose__struct.h
[1.770s] -- Up-to-date: /home/max/ros2fish/chapt3_interface/interface_ws/install/example_ros2_interfaces/share/example_ros2_interfaces/environment/library_path.sh
[1.773s] -- Up-to-date: /home/max/ros2fish/chapt3_interface/interface_ws/install/example_ros2_interfaces/share/example_ros2_interfaces/environment/library_path.dsv
[1.779s] -- Up-to-date: /home/max/ros2fish/chapt3_interface/interface_ws/install/example_ros2_interfaces/lib/libexample_ros2_interfaces__rosidl_generator_c.so
[1.779s] -- Up-to-date: /home/max/ros2fish/chapt3_interface/interface_ws/install/example_ros2_interfaces/include/example_ros2_interfaces/example_ros2_interfaces
[1.779s] -- Up-to-date: /home/max/ros2fish/chapt3_interface/interface_ws/install/example_ros2_interfaces/include/example_ros2_interfaces/example_ros2_interfaces/srv
[1.779s] -- Up-to-date: /home/max/ros2fish/chapt3_interface/interface_ws/install/example_ros2_interfaces/include/example_ros2_interfaces/example_ros2_interfaces/srv/detail
[1.779s] -- Up-to-date: /home/max/ros2fish/chapt3_interface/interface_ws/install/example_ros2_interfaces/include/example_ros2_interfaces/example_ros2_interfaces/srv/detail/move_robot__rosidl_typesupport_fastrtps_c.h
[1.779s] -- Up-to-date: /home/max/ros2fish/chapt3_interface/interface_ws/install/example_ros2_interfaces/include/example_ros2_interfaces/example_ros2_interfaces/msg
[1.779s] -- Up-to-date: /home/max/ros2fish/chapt3_interface/interface_ws/install/example_ros2_interfaces/include/example_ros2_interfaces/example_ros2_interfaces/msg/rosidl_typesupport_fastrtps_c__visibility_control.h
[1.779s] -- Up-to-date: /home/max/ros2fish/chapt3_interface/interface_ws/install/example_ros2_interfaces/include/example_ros2_interfaces/example_ros2_interfaces/msg/detail
[1.780s] -- Up-to-date: /home/max/ros2fish/chapt3_interface/interface_ws/install/example_ros2_interfaces/include/example_ros2_interfaces/example_ros2_interfaces/msg/detail/robot_status__rosidl_typesupport_fastrtps_c.h
[1.780s] -- Up-to-date: /home/max/ros2fish/chapt3_interface/interface_ws/install/example_ros2_interfaces/include/example_ros2_interfaces/example_ros2_interfaces/msg/detail/robot_pose__rosidl_typesupport_fastrtps_c.h
[1.784s] -- Up-to-date: /home/max/ros2fish/chapt3_interface/interface_ws/install/example_ros2_interfaces/lib/libexample_ros2_interfaces__rosidl_typesupport_fastrtps_c.so
[1.787s] -- Up-to-date: /home/max/ros2fish/chapt3_interface/interface_ws/install/example_ros2_interfaces/include/example_ros2_interfaces/example_ros2_interfaces
[1.795s] -- Up-to-date: /home/max/ros2fish/chapt3_interface/interface_ws/install/example_ros2_interfaces/include/example_ros2_interfaces/example_ros2_interfaces/srv
[1.795s] -- Up-to-date: /home/max/ros2fish/chapt3_interface/interface_ws/install/example_ros2_interfaces/include/example_ros2_interfaces/example_ros2_interfaces/srv/detail
[1.795s] -- Up-to-date: /home/max/ros2fish/chapt3_interface/interface_ws/install/example_ros2_interfaces/include/example_ros2_interfaces/example_ros2_interfaces/srv/detail/move_robot__rosidl_typesupport_introspection_c.h
[1.796s] -- Up-to-date: /home/max/ros2fish/chapt3_interface/interface_ws/install/example_ros2_interfaces/include/example_ros2_interfaces/example_ros2_interfaces/srv/detail/move_robot__type_support.c
[1.796s] -- Up-to-date: /home/max/ros2fish/chapt3_interface/interface_ws/install/example_ros2_interfaces/include/example_ros2_interfaces/example_ros2_interfaces/msg
[1.796s] -- Up-to-date: /home/max/ros2fish/chapt3_interface/interface_ws/install/example_ros2_interfaces/include/example_ros2_interfaces/example_ros2_interfaces/msg/rosidl_typesupport_introspection_c__visibility_control.h
[1.796s] -- Up-to-date: /home/max/ros2fish/chapt3_interface/interface_ws/install/example_ros2_interfaces/include/example_ros2_interfaces/example_ros2_interfaces/msg/detail
[1.796s] -- Up-to-date: /home/max/ros2fish/chapt3_interface/interface_ws/install/example_ros2_interfaces/include/example_ros2_interfaces/example_ros2_interfaces/msg/detail/robot_status__rosidl_typesupport_introspection_c.h
[1.796s] -- Up-to-date: /home/max/ros2fish/chapt3_interface/interface_ws/install/example_ros2_interfaces/include/example_ros2_interfaces/example_ros2_interfaces/msg/detail/robot_pose__type_support.c
[1.797s] -- Up-to-date: /home/max/ros2fish/chapt3_interface/interface_ws/install/example_ros2_interfaces/include/example_ros2_interfaces/example_ros2_interfaces/msg/detail/robot_pose__rosidl_typesupport_introspection_c.h
[1.797s] -- Up-to-date: /home/max/ros2fish/chapt3_interface/interface_ws/install/example_ros2_interfaces/include/example_ros2_interfaces/example_ros2_interfaces/msg/detail/robot_status__type_support.c
[1.799s] -- Up-to-date: /home/max/ros2fish/chapt3_interface/interface_ws/install/example_ros2_interfaces/lib/libexample_ros2_interfaces__rosidl_typesupport_introspection_c.so
[1.801s] -- Up-to-date: /home/max/ros2fish/chapt3_interface/interface_ws/install/example_ros2_interfaces/lib/libexample_ros2_interfaces__rosidl_typesupport_c.so
[1.801s] -- Up-to-date: /home/max/ros2fish/chapt3_interface/interface_ws/install/example_ros2_interfaces/include/example_ros2_interfaces/example_ros2_interfaces
[1.802s] -- Up-to-date: /home/max/ros2fish/chapt3_interface/interface_ws/install/example_ros2_interfaces/include/example_ros2_interfaces/example_ros2_interfaces/srv
[1.802s] -- Up-to-date: /home/max/ros2fish/chapt3_interface/interface_ws/install/example_ros2_interfaces/include/example_ros2_interfaces/example_ros2_interfaces/srv/move_robot.hpp
[1.802s] -- Up-to-date: /home/max/ros2fish/chapt3_interface/interface_ws/install/example_ros2_interfaces/include/example_ros2_interfaces/example_ros2_interfaces/srv/detail
[1.802s] -- Up-to-date: /home/max/ros2fish/chapt3_interface/interface_ws/install/example_ros2_interfaces/include/example_ros2_interfaces/example_ros2_interfaces/srv/detail/move_robot__struct.hpp
[1.802s] -- Up-to-date: /home/max/ros2fish/chapt3_interface/interface_ws/install/example_ros2_interfaces/include/example_ros2_interfaces/example_ros2_interfaces/srv/detail/move_robot__traits.hpp
[1.802s] -- Up-to-date: /home/max/ros2fish/chapt3_interface/interface_ws/install/example_ros2_interfaces/include/example_ros2_interfaces/example_ros2_interfaces/srv/detail/move_robot__builder.hpp
[1.802s] -- Up-to-date: /home/max/ros2fish/chapt3_interface/interface_ws/install/example_ros2_interfaces/include/example_ros2_interfaces/example_ros2_interfaces/msg
[1.802s] -- Up-to-date: /home/max/ros2fish/chapt3_interface/interface_ws/install/example_ros2_interfaces/include/example_ros2_interfaces/example_ros2_interfaces/msg/robot_status.hpp
[1.803s] -- Up-to-date: /home/max/ros2fish/chapt3_interface/interface_ws/install/example_ros2_interfaces/include/example_ros2_interfaces/example_ros2_interfaces/msg/robot_pose.hpp
[1.803s] -- Up-to-date: /home/max/ros2fish/chapt3_interface/interface_ws/install/example_ros2_interfaces/include/example_ros2_interfaces/example_ros2_interfaces/msg/detail
[1.803s] -- Up-to-date: /home/max/ros2fish/chapt3_interface/interface_ws/install/example_ros2_interfaces/include/example_ros2_interfaces/example_ros2_interfaces/msg/detail/robot_pose__traits.hpp
[1.803s] -- Up-to-date: /home/max/ros2fish/chapt3_interface/interface_ws/install/example_ros2_interfaces/include/example_ros2_interfaces/example_ros2_interfaces/msg/detail/robot_status__struct.hpp
[1.803s] -- Up-to-date: /home/max/ros2fish/chapt3_interface/interface_ws/install/example_ros2_interfaces/include/example_ros2_interfaces/example_ros2_interfaces/msg/detail/robot_pose__builder.hpp
[1.803s] -- Up-to-date: /home/max/ros2fish/chapt3_interface/interface_ws/install/example_ros2_interfaces/include/example_ros2_interfaces/example_ros2_interfaces/msg/detail/robot_pose__struct.hpp
[1.803s] -- Up-to-date: /home/max/ros2fish/chapt3_interface/interface_ws/install/example_ros2_interfaces/include/example_ros2_interfaces/example_ros2_interfaces/msg/detail/robot_status__traits.hpp
[1.804s] -- Up-to-date: /home/max/ros2fish/chapt3_interface/interface_ws/install/example_ros2_interfaces/include/example_ros2_interfaces/example_ros2_interfaces/msg/detail/robot_status__builder.hpp
[1.805s] -- Up-to-date: /home/max/ros2fish/chapt3_interface/interface_ws/install/example_ros2_interfaces/include/example_ros2_interfaces/example_ros2_interfaces
[1.807s] -- Up-to-date: /home/max/ros2fish/chapt3_interface/interface_ws/install/example_ros2_interfaces/include/example_ros2_interfaces/example_ros2_interfaces/srv
[1.807s] -- Up-to-date: /home/max/ros2fish/chapt3_interface/interface_ws/install/example_ros2_interfaces/include/example_ros2_interfaces/example_ros2_interfaces/srv/detail
[1.807s] -- Up-to-date: /home/max/ros2fish/chapt3_interface/interface_ws/install/example_ros2_interfaces/include/example_ros2_interfaces/example_ros2_interfaces/srv/detail/dds_fastrtps
[1.807s] -- Up-to-date: /home/max/ros2fish/chapt3_interface/interface_ws/install/example_ros2_interfaces/include/example_ros2_interfaces/example_ros2_interfaces/srv/detail/move_robot__rosidl_typesupport_fastrtps_cpp.hpp
[1.807s] -- Up-to-date: /home/max/ros2fish/chapt3_interface/interface_ws/install/example_ros2_interfaces/include/example_ros2_interfaces/example_ros2_interfaces/msg
[1.807s] -- Up-to-date: /home/max/ros2fish/chapt3_interface/interface_ws/install/example_ros2_interfaces/include/example_ros2_interfaces/example_ros2_interfaces/msg/rosidl_typesupport_fastrtps_cpp__visibility_control.h
[1.808s] -- Up-to-date: /home/max/ros2fish/chapt3_interface/interface_ws/install/example_ros2_interfaces/include/example_ros2_interfaces/example_ros2_interfaces/msg/detail
[1.808s] -- Up-to-date: /home/max/ros2fish/chapt3_interface/interface_ws/install/example_ros2_interfaces/include/example_ros2_interfaces/example_ros2_interfaces/msg/detail/robot_pose__rosidl_typesupport_fastrtps_cpp.hpp
[1.808s] -- Up-to-date: /home/max/ros2fish/chapt3_interface/interface_ws/install/example_ros2_interfaces/include/example_ros2_interfaces/example_ros2_interfaces/msg/detail/dds_fastrtps
[1.808s] -- Up-to-date: /home/max/ros2fish/chapt3_interface/interface_ws/install/example_ros2_interfaces/include/example_ros2_interfaces/example_ros2_interfaces/msg/detail/robot_status__rosidl_typesupport_fastrtps_cpp.hpp
[1.808s] -- Up-to-date: /home/max/ros2fish/chapt3_interface/interface_ws/install/example_ros2_interfaces/lib/libexample_ros2_interfaces__rosidl_typesupport_fastrtps_cpp.so
[1.808s] -- Up-to-date: /home/max/ros2fish/chapt3_interface/interface_ws/install/example_ros2_interfaces/include/example_ros2_interfaces/example_ros2_interfaces
[1.808s] -- Up-to-date: /home/max/ros2fish/chapt3_interface/interface_ws/install/example_ros2_interfaces/include/example_ros2_interfaces/example_ros2_interfaces/srv
[1.808s] -- Up-to-date: /home/max/ros2fish/chapt3_interface/interface_ws/install/example_ros2_interfaces/include/example_ros2_interfaces/example_ros2_interfaces/srv/detail
[1.808s] -- Up-to-date: /home/max/ros2fish/chapt3_interface/interface_ws/install/example_ros2_interfaces/include/example_ros2_interfaces/example_ros2_interfaces/srv/detail/move_robot__rosidl_typesupport_introspection_cpp.hpp
[1.808s] -- Up-to-date: /home/max/ros2fish/chapt3_interface/interface_ws/install/example_ros2_interfaces/include/example_ros2_interfaces/example_ros2_interfaces/srv/detail/move_robot__type_support.cpp
[1.808s] -- Up-to-date: /home/max/ros2fish/chapt3_interface/interface_ws/install/example_ros2_interfaces/include/example_ros2_interfaces/example_ros2_interfaces/msg
[1.808s] -- Up-to-date: /home/max/ros2fish/chapt3_interface/interface_ws/install/example_ros2_interfaces/include/example_ros2_interfaces/example_ros2_interfaces/msg/detail
[1.808s] -- Up-to-date: /home/max/ros2fish/chapt3_interface/interface_ws/install/example_ros2_interfaces/include/example_ros2_interfaces/example_ros2_interfaces/msg/detail/robot_status__type_support.cpp
[1.809s] -- Up-to-date: /home/max/ros2fish/chapt3_interface/interface_ws/install/example_ros2_interfaces/include/example_ros2_interfaces/example_ros2_interfaces/msg/detail/robot_pose__type_support.cpp
[1.809s] -- Up-to-date: /home/max/ros2fish/chapt3_interface/interface_ws/install/example_ros2_interfaces/include/example_ros2_interfaces/example_ros2_interfaces/msg/detail/robot_pose__rosidl_typesupport_introspection_cpp.hpp
[1.809s] -- Up-to-date: /home/max/ros2fish/chapt3_interface/interface_ws/install/example_ros2_interfaces/include/example_ros2_interfaces/example_ros2_interfaces/msg/detail/robot_status__rosidl_typesupport_introspection_cpp.hpp
[1.810s] -- Up-to-date: /home/max/ros2fish/chapt3_interface/interface_ws/install/example_ros2_interfaces/lib/libexample_ros2_interfaces__rosidl_typesupport_introspection_cpp.so
[1.811s] -- Up-to-date: /home/max/ros2fish/chapt3_interface/interface_ws/install/example_ros2_interfaces/lib/libexample_ros2_interfaces__rosidl_typesupport_cpp.so
[1.811s] -- Up-to-date: /home/max/ros2fish/chapt3_interface/interface_ws/install/example_ros2_interfaces/share/example_ros2_interfaces/environment/pythonpath.sh
[1.811s] -- Up-to-date: /home/max/ros2fish/chapt3_interface/interface_ws/install/example_ros2_interfaces/share/example_ros2_interfaces/environment/pythonpath.dsv
[1.812s] -- Up-to-date: /home/max/ros2fish/chapt3_interface/interface_ws/install/example_ros2_interfaces/local/lib/python3.10/dist-packages/example_ros2_interfaces-0.0.0-py3.10.egg-info
[1.812s] -- Installing: /home/max/ros2fish/chapt3_interface/interface_ws/install/example_ros2_interfaces/local/lib/python3.10/dist-packages/example_ros2_interfaces-0.0.0-py3.10.egg-info/dependency_links.txt
[1.812s] -- Installing: /home/max/ros2fish/chapt3_interface/interface_ws/install/example_ros2_interfaces/local/lib/python3.10/dist-packages/example_ros2_interfaces-0.0.0-py3.10.egg-info/top_level.txt
[1.812s] -- Installing: /home/max/ros2fish/chapt3_interface/interface_ws/install/example_ros2_interfaces/local/lib/python3.10/dist-packages/example_ros2_interfaces-0.0.0-py3.10.egg-info/PKG-INFO
[1.813s] -- Installing: /home/max/ros2fish/chapt3_interface/interface_ws/install/example_ros2_interfaces/local/lib/python3.10/dist-packages/example_ros2_interfaces-0.0.0-py3.10.egg-info/SOURCES.txt
[1.814s] -- Up-to-date: /home/max/ros2fish/chapt3_interface/interface_ws/install/example_ros2_interfaces/local/lib/python3.10/dist-packages/example_ros2_interfaces
[1.814s] -- Up-to-date: /home/max/ros2fish/chapt3_interface/interface_ws/install/example_ros2_interfaces/local/lib/python3.10/dist-packages/example_ros2_interfaces/_example_ros2_interfaces_s.ep.rosidl_typesupport_fastrtps_c.c
[1.814s] -- Up-to-date: /home/max/ros2fish/chapt3_interface/interface_ws/install/example_ros2_interfaces/local/lib/python3.10/dist-packages/example_ros2_interfaces/srv
[1.814s] -- Up-to-date: /home/max/ros2fish/chapt3_interface/interface_ws/install/example_ros2_interfaces/local/lib/python3.10/dist-packages/example_ros2_interfaces/srv/_move_robot.py
[1.814s] -- Up-to-date: /home/max/ros2fish/chapt3_interface/interface_ws/install/example_ros2_interfaces/local/lib/python3.10/dist-packages/example_ros2_interfaces/srv/_move_robot_s.c
[1.814s] -- Up-to-date: /home/max/ros2fish/chapt3_interface/interface_ws/install/example_ros2_interfaces/local/lib/python3.10/dist-packages/example_ros2_interfaces/srv/__init__.py
[1.814s] -- Up-to-date: /home/max/ros2fish/chapt3_interface/interface_ws/install/example_ros2_interfaces/local/lib/python3.10/dist-packages/example_ros2_interfaces/example_ros2_interfaces_s__rosidl_typesupport_fastrtps_c.cpython-310-x86_64-linux-gnu.so
[1.818s] -- Up-to-date: /home/max/ros2fish/chapt3_interface/interface_ws/install/example_ros2_interfaces/local/lib/python3.10/dist-packages/example_ros2_interfaces/example_ros2_interfaces_s__rosidl_typesupport_c.cpython-310-x86_64-linux-gnu.so
[1.818s] -- Up-to-date: /home/max/ros2fish/chapt3_interface/interface_ws/install/example_ros2_interfaces/local/lib/python3.10/dist-packages/example_ros2_interfaces/_example_ros2_interfaces_s.ep.rosidl_typesupport_c.c
[1.818s] -- Up-to-date: /home/max/ros2fish/chapt3_interface/interface_ws/install/example_ros2_interfaces/local/lib/python3.10/dist-packages/example_ros2_interfaces/example_ros2_interfaces_s__rosidl_typesupport_introspection_c.cpython-310-x86_64-linux-gnu.so
[1.818s] -- Up-to-date: /home/max/ros2fish/chapt3_interface/interface_ws/install/example_ros2_interfaces/local/lib/python3.10/dist-packages/example_ros2_interfaces/libexample_ros2_interfaces__rosidl_generator_py.so
[1.818s] -- Up-to-date: /home/max/ros2fish/chapt3_interface/interface_ws/install/example_ros2_interfaces/local/lib/python3.10/dist-packages/example_ros2_interfaces/_example_ros2_interfaces_s.ep.rosidl_typesupport_introspection_c.c
[1.818s] -- Up-to-date: /home/max/ros2fish/chapt3_interface/interface_ws/install/example_ros2_interfaces/local/lib/python3.10/dist-packages/example_ros2_interfaces/msg
[1.819s] -- Up-to-date: /home/max/ros2fish/chapt3_interface/interface_ws/install/example_ros2_interfaces/local/lib/python3.10/dist-packages/example_ros2_interfaces/msg/_robot_pose.py
[1.819s] -- Up-to-date: /home/max/ros2fish/chapt3_interface/interface_ws/install/example_ros2_interfaces/local/lib/python3.10/dist-packages/example_ros2_interfaces/msg/_robot_pose_s.c
[1.819s] -- Up-to-date: /home/max/ros2fish/chapt3_interface/interface_ws/install/example_ros2_interfaces/local/lib/python3.10/dist-packages/example_ros2_interfaces/msg/_robot_status.py
[1.819s] -- Up-to-date: /home/max/ros2fish/chapt3_interface/interface_ws/install/example_ros2_interfaces/local/lib/python3.10/dist-packages/example_ros2_interfaces/msg/_robot_status_s.c
[1.819s] -- Up-to-date: /home/max/ros2fish/chapt3_interface/interface_ws/install/example_ros2_interfaces/local/lib/python3.10/dist-packages/example_ros2_interfaces/msg/__init__.py
[1.819s] -- Up-to-date: /home/max/ros2fish/chapt3_interface/interface_ws/install/example_ros2_interfaces/local/lib/python3.10/dist-packages/example_ros2_interfaces/__init__.py
[1.908s] Listing '/home/max/ros2fish/chapt3_interface/interface_ws/install/example_ros2_interfaces/local/lib/python3.10/dist-packages/example_ros2_interfaces'...
[1.909s] Listing '/home/max/ros2fish/chapt3_interface/interface_ws/install/example_ros2_interfaces/local/lib/python3.10/dist-packages/example_ros2_interfaces/msg'...
[1.909s] Listing '/home/max/ros2fish/chapt3_interface/interface_ws/install/example_ros2_interfaces/local/lib/python3.10/dist-packages/example_ros2_interfaces/srv'...
[1.921s] -- Up-to-date: /home/max/ros2fish/chapt3_interface/interface_ws/install/example_ros2_interfaces/local/lib/python3.10/dist-packages/example_ros2_interfaces/example_ros2_interfaces_s__rosidl_typesupport_fastrtps_c.cpython-310-x86_64-linux-gnu.so
[1.922s] -- Up-to-date: /home/max/ros2fish/chapt3_interface/interface_ws/install/example_ros2_interfaces/local/lib/python3.10/dist-packages/example_ros2_interfaces/example_ros2_interfaces_s__rosidl_typesupport_introspection_c.cpython-310-x86_64-linux-gnu.so
[1.922s] -- Up-to-date: /home/max/ros2fish/chapt3_interface/interface_ws/install/example_ros2_interfaces/local/lib/python3.10/dist-packages/example_ros2_interfaces/example_ros2_interfaces_s__rosidl_typesupport_c.cpython-310-x86_64-linux-gnu.so
[1.924s] -- Up-to-date: /home/max/ros2fish/chapt3_interface/interface_ws/install/example_ros2_interfaces/lib/libexample_ros2_interfaces__rosidl_generator_py.so
[1.925s] -- Up-to-date: /home/max/ros2fish/chapt3_interface/interface_ws/install/example_ros2_interfaces/share/example_ros2_interfaces/msg/RobotPose.idl
[1.925s] -- Up-to-date: /home/max/ros2fish/chapt3_interface/interface_ws/install/example_ros2_interfaces/share/example_ros2_interfaces/msg/RobotStatus.idl
[1.925s] -- Up-to-date: /home/max/ros2fish/chapt3_interface/interface_ws/install/example_ros2_interfaces/share/example_ros2_interfaces/srv/MoveRobot.idl
[1.926s] -- Up-to-date: /home/max/ros2fish/chapt3_interface/interface_ws/install/example_ros2_interfaces/share/example_ros2_interfaces/msg/RobotPose.msg
[1.926s] -- Up-to-date: /home/max/ros2fish/chapt3_interface/interface_ws/install/example_ros2_interfaces/share/example_ros2_interfaces/msg/RobotStatus.msg
[1.927s] -- Up-to-date: /home/max/ros2fish/chapt3_interface/interface_ws/install/example_ros2_interfaces/share/example_ros2_interfaces/srv/MoveRobot.srv
[1.927s] -- Up-to-date: /home/max/ros2fish/chapt3_interface/interface_ws/install/example_ros2_interfaces/share/example_ros2_interfaces/srv/MoveRobot_Request.msg
[1.927s] -- Up-to-date: /home/max/ros2fish/chapt3_interface/interface_ws/install/example_ros2_interfaces/share/example_ros2_interfaces/srv/MoveRobot_Response.msg
[1.927s] -- Up-to-date: /home/max/ros2fish/chapt3_interface/interface_ws/install/example_ros2_interfaces/share/ament_index/resource_index/package_run_dependencies/example_ros2_interfaces
[1.927s] -- Up-to-date: /home/max/ros2fish/chapt3_interface/interface_ws/install/example_ros2_interfaces/share/ament_index/resource_index/parent_prefix_path/example_ros2_interfaces
[1.928s] -- Up-to-date: /home/max/ros2fish/chapt3_interface/interface_ws/install/example_ros2_interfaces/share/example_ros2_interfaces/environment/ament_prefix_path.sh
[1.928s] -- Up-to-date: /home/max/ros2fish/chapt3_interface/interface_ws/install/example_ros2_interfaces/share/example_ros2_interfaces/environment/ament_prefix_path.dsv
[1.928s] -- Up-to-date: /home/max/ros2fish/chapt3_interface/interface_ws/install/example_ros2_interfaces/share/example_ros2_interfaces/environment/path.sh
[1.928s] -- Up-to-date: /home/max/ros2fish/chapt3_interface/interface_ws/install/example_ros2_interfaces/share/example_ros2_interfaces/environment/path.dsv
[1.928s] -- Up-to-date: /home/max/ros2fish/chapt3_interface/interface_ws/install/example_ros2_interfaces/share/example_ros2_interfaces/local_setup.bash
[1.928s] -- Up-to-date: /home/max/ros2fish/chapt3_interface/interface_ws/install/example_ros2_interfaces/share/example_ros2_interfaces/local_setup.sh
[1.928s] -- Up-to-date: /home/max/ros2fish/chapt3_interface/interface_ws/install/example_ros2_interfaces/share/example_ros2_interfaces/local_setup.zsh
[1.928s] -- Up-to-date: /home/max/ros2fish/chapt3_interface/interface_ws/install/example_ros2_interfaces/share/example_ros2_interfaces/local_setup.dsv
[1.929s] -- Installing: /home/max/ros2fish/chapt3_interface/interface_ws/install/example_ros2_interfaces/share/example_ros2_interfaces/package.dsv
[1.931s] -- Up-to-date: /home/max/ros2fish/chapt3_interface/interface_ws/install/example_ros2_interfaces/share/ament_index/resource_index/packages/example_ros2_interfaces
[1.933s] -- Up-to-date: /home/max/ros2fish/chapt3_interface/interface_ws/install/example_ros2_interfaces/share/example_ros2_interfaces/cmake/export_example_ros2_interfaces__rosidl_generator_cExport.cmake
[1.933s] -- Up-to-date: /home/max/ros2fish/chapt3_interface/interface_ws/install/example_ros2_interfaces/share/example_ros2_interfaces/cmake/export_example_ros2_interfaces__rosidl_generator_cExport-noconfig.cmake
[1.934s] -- Up-to-date: /home/max/ros2fish/chapt3_interface/interface_ws/install/example_ros2_interfaces/share/example_ros2_interfaces/cmake/export_example_ros2_interfaces__rosidl_typesupport_fastrtps_cExport.cmake
[1.934s] -- Up-to-date: /home/max/ros2fish/chapt3_interface/interface_ws/install/example_ros2_interfaces/share/example_ros2_interfaces/cmake/export_example_ros2_interfaces__rosidl_typesupport_fastrtps_cExport-noconfig.cmake
[1.934s] -- Up-to-date: /home/max/ros2fish/chapt3_interface/interface_ws/install/example_ros2_interfaces/share/example_ros2_interfaces/cmake/example_ros2_interfaces__rosidl_typesupport_introspection_cExport.cmake
[1.935s] -- Up-to-date: /home/max/ros2fish/chapt3_interface/interface_ws/install/example_ros2_interfaces/share/example_ros2_interfaces/cmake/example_ros2_interfaces__rosidl_typesupport_introspection_cExport-noconfig.cmake
[1.935s] -- Up-to-date: /home/max/ros2fish/chapt3_interface/interface_ws/install/example_ros2_interfaces/share/example_ros2_interfaces/cmake/example_ros2_interfaces__rosidl_typesupport_cExport.cmake
[1.936s] -- Up-to-date: /home/max/ros2fish/chapt3_interface/interface_ws/install/example_ros2_interfaces/share/example_ros2_interfaces/cmake/example_ros2_interfaces__rosidl_typesupport_cExport-noconfig.cmake
[1.937s] -- Up-to-date: /home/max/ros2fish/chapt3_interface/interface_ws/install/example_ros2_interfaces/share/example_ros2_interfaces/cmake/export_example_ros2_interfaces__rosidl_generator_cppExport.cmake
[1.937s] -- Up-to-date: /home/max/ros2fish/chapt3_interface/interface_ws/install/example_ros2_interfaces/share/example_ros2_interfaces/cmake/export_example_ros2_interfaces__rosidl_typesupport_fastrtps_cppExport.cmake
[1.937s] -- Up-to-date: /home/max/ros2fish/chapt3_interface/interface_ws/install/example_ros2_interfaces/share/example_ros2_interfaces/cmake/export_example_ros2_interfaces__rosidl_typesupport_fastrtps_cppExport-noconfig.cmake
[1.939s] -- Up-to-date: /home/max/ros2fish/chapt3_interface/interface_ws/install/example_ros2_interfaces/share/example_ros2_interfaces/cmake/example_ros2_interfaces__rosidl_typesupport_introspection_cppExport.cmake
[1.939s] -- Up-to-date: /home/max/ros2fish/chapt3_interface/interface_ws/install/example_ros2_interfaces/share/example_ros2_interfaces/cmake/example_ros2_interfaces__rosidl_typesupport_introspection_cppExport-noconfig.cmake
[1.943s] -- Up-to-date: /home/max/ros2fish/chapt3_interface/interface_ws/install/example_ros2_interfaces/share/example_ros2_interfaces/cmake/example_ros2_interfaces__rosidl_typesupport_cppExport.cmake
[1.943s] -- Up-to-date: /home/max/ros2fish/chapt3_interface/interface_ws/install/example_ros2_interfaces/share/example_ros2_interfaces/cmake/example_ros2_interfaces__rosidl_typesupport_cppExport-noconfig.cmake
[1.944s] -- Up-to-date: /home/max/ros2fish/chapt3_interface/interface_ws/install/example_ros2_interfaces/share/example_ros2_interfaces/cmake/export_example_ros2_interfaces__rosidl_generator_pyExport.cmake
[1.944s] -- Up-to-date: /home/max/ros2fish/chapt3_interface/interface_ws/install/example_ros2_interfaces/share/example_ros2_interfaces/cmake/export_example_ros2_interfaces__rosidl_generator_pyExport-noconfig.cmake
[1.944s] -- Up-to-date: /home/max/ros2fish/chapt3_interface/interface_ws/install/example_ros2_interfaces/share/example_ros2_interfaces/cmake/rosidl_cmake-extras.cmake
[1.944s] -- Up-to-date: /home/max/ros2fish/chapt3_interface/interface_ws/install/example_ros2_interfaces/share/example_ros2_interfaces/cmake/ament_cmake_export_dependencies-extras.cmake
[1.944s] -- Up-to-date: /home/max/ros2fish/chapt3_interface/interface_ws/install/example_ros2_interfaces/share/example_ros2_interfaces/cmake/ament_cmake_export_include_directories-extras.cmake
[1.945s] -- Up-to-date: /home/max/ros2fish/chapt3_interface/interface_ws/install/example_ros2_interfaces/share/example_ros2_interfaces/cmake/ament_cmake_export_libraries-extras.cmake
[1.945s] -- Up-to-date: /home/max/ros2fish/chapt3_interface/interface_ws/install/example_ros2_interfaces/share/example_ros2_interfaces/cmake/ament_cmake_export_targets-extras.cmake
[1.945s] -- Up-to-date: /home/max/ros2fish/chapt3_interface/interface_ws/install/example_ros2_interfaces/share/example_ros2_interfaces/cmake/rosidl_cmake_export_typesupport_targets-extras.cmake
[1.945s] -- Up-to-date: /home/max/ros2fish/chapt3_interface/interface_ws/install/example_ros2_interfaces/share/example_ros2_interfaces/cmake/rosidl_cmake_export_typesupport_libraries-extras.cmake
[1.945s] -- Up-to-date: /home/max/ros2fish/chapt3_interface/interface_ws/install/example_ros2_interfaces/share/example_ros2_interfaces/cmake/example_ros2_interfacesConfig.cmake
[1.945s] -- Up-to-date: /home/max/ros2fish/chapt3_interface/interface_ws/install/example_ros2_interfaces/share/example_ros2_interfaces/cmake/example_ros2_interfacesConfig-version.cmake
[1.946s] -- Up-to-date: /home/max/ros2fish/chapt3_interface/interface_ws/install/example_ros2_interfaces/share/example_ros2_interfaces/package.xml
[1.960s] Invoked command in '/home/max/ros2fish/chapt3_interface/interface_ws/build/example_ros2_interfaces' returned '0': CMAKE_PREFIX_PATH=/opt/ros/humble /usr/bin/cmake --install /home/max/ros2fish/chapt3_interface/interface_ws/build/example_ros2_interfaces
