[0.023s] Invoking command in '/home/max/ros2fish/chapt3_interface/interface_ws/build/example_ros2_interfaces': CMAKE_PREFIX_PATH=/opt/ros/humble /usr/bin/cmake /home/max/ros2fish/chapt3_interface/interface_ws/src/example_ros2_interfaces -DCMAKE_INSTALL_PREFIX=/home/max/ros2fish/chapt3_interface/interface_ws/install/example_ros2_interfaces
[0.124s] -- The C compiler identification is GNU 11.4.0
[0.204s] -- The CXX compiler identification is GNU 11.4.0
[0.218s] -- Detecting C compiler ABI info
[0.314s] -- Detecting C compiler ABI info - done
[0.324s] -- Check for working C compiler: /usr/bin/cc - skipped
[0.324s] -- Detecting C compile features
[0.324s] -- Detecting C compile features - done
[0.325s] -- Detecting CXX compiler ABI info
[0.480s] -- Detecting CXX compiler ABI info - done
[0.487s] -- Check for working CXX compiler: /usr/bin/c++ - skipped
[0.487s] -- Detecting CXX compile features
[0.488s] -- Detecting CXX compile features - done
[0.494s] -- Found ament_cmake: 1.3.8 (/opt/ros/humble/share/ament_cmake/cmake)
[0.707s] -- Found Python3: /usr/bin/python3 (found version "3.10.12") found components: Interpreter 
[0.824s] -- Found rosidl_default_generators: 1.2.0 (/opt/ros/humble/share/rosidl_default_generators/cmake)
[0.829s] -- Using all available rosidl_typesupport_c: rosidl_typesupport_fastrtps_c;rosidl_typesupport_introspection_c
[0.842s] -- Found rosidl_adapter: 3.1.5 (/opt/ros/humble/share/rosidl_adapter/cmake)
[0.895s] -- Using all available rosidl_typesupport_cpp: rosidl_typesupport_fastrtps_cpp;rosidl_typesupport_introspection_cpp
[0.934s] -- Found geometry_msgs: 4.2.3 (/opt/ros/humble/share/geometry_msgs/cmake)
[1.087s] -- Found ament_lint_auto: 0.12.10 (/opt/ros/humble/share/ament_lint_auto/cmake)
[1.177s] -- Added test 'lint_cmake' to check CMake code style
[1.179s] -- Added test 'xmllint' to check XML markup files
[1.182s] [31mCMake Error at /opt/ros/humble/share/rosidl_cmake/cmake/rosidl_generate_interfaces.cmake:64 (message):
[1.182s]   rosidl_generate_interfaces() must be called before ament_package()
[1.182s] Call Stack (most recent call first):
[1.182s]   CMakeLists.txt:28 (rosidl_generate_interfaces)
[1.182s] 
[1.182s] [0m
[1.182s] -- Configuring incomplete, errors occurred!
[1.183s] See also "/home/max/ros2fish/chapt3_interface/interface_ws/build/example_ros2_interfaces/CMakeFiles/CMakeOutput.log".
[1.190s] Invoked command in '/home/max/ros2fish/chapt3_interface/interface_ws/build/example_ros2_interfaces' returned '1': CMAKE_PREFIX_PATH=/opt/ros/humble /usr/bin/cmake /home/max/ros2fish/chapt3_interface/interface_ws/src/example_ros2_interfaces -DCMAKE_INSTALL_PREFIX=/home/max/ros2fish/chapt3_interface/interface_ws/install/example_ros2_interfaces
