[0.023s] Invoking command in '/home/max/ros2fish/chapt3_interface/interface_ws/build/example_interfaces_rclcpp': AMENT_PREFIX_PATH=/home/max/ros2fish/chapt3_interface/interface_ws/install/example_ros2_interfaces:${AMENT_PREFIX_PATH} CMAKE_PREFIX_PATH=/home/max/ros2fish/chapt3_interface/interface_ws/install/example_ros2_interfaces:/opt/ros/humble LD_LIBRARY_PATH=/home/max/ros2fish/chapt3_interface/interface_ws/install/example_ros2_interfaces/lib:${LD_LIBRARY_PATH} PYTHONPATH=/home/max/ros2fish/chapt3_interface/interface_ws/install/example_ros2_interfaces/local/lib/python3.10/dist-packages:${PYTHONPATH} /usr/bin/cmake --build /home/max/ros2fish/chapt3_interface/interface_ws/build/example_interfaces_rclcpp -- -j2 -l2
[0.201s] [35m[1mConsolidate compiler generated dependencies of target example_interfaces_control_01_node[0m
[0.212s] [35m[1mConsolidate compiler generated dependencies of target example_interfaces_robot_01_node[0m
[0.279s] [ 25%] [32mBuilding CXX object CMakeFiles/example_interfaces_robot_01_node.dir/src/example_interfaces_robot_01_node.cpp.o[0m
[0.289s] [ 50%] [32mBuilding CXX object CMakeFiles/example_interfaces_control_01_node.dir/src/example_interfaces_control_01_node.cpp.o[0m
[15.250s] [ 75%] [32m[1mLinking CXX executable example_interfaces_robot_01_node[0m
[16.526s] [ 75%] Built target example_interfaces_robot_01_node
[22.598s] [100%] [32m[1mLinking CXX executable example_interfaces_control_01_node[0m
[23.456s] [100%] Built target example_interfaces_control_01_node
[23.490s] Invoked command in '/home/max/ros2fish/chapt3_interface/interface_ws/build/example_interfaces_rclcpp' returned '0': AMENT_PREFIX_PATH=/home/max/ros2fish/chapt3_interface/interface_ws/install/example_ros2_interfaces:${AMENT_PREFIX_PATH} CMAKE_PREFIX_PATH=/home/max/ros2fish/chapt3_interface/interface_ws/install/example_ros2_interfaces:/opt/ros/humble LD_LIBRARY_PATH=/home/max/ros2fish/chapt3_interface/interface_ws/install/example_ros2_interfaces/lib:${LD_LIBRARY_PATH} PYTHONPATH=/home/max/ros2fish/chapt3_interface/interface_ws/install/example_ros2_interfaces/local/lib/python3.10/dist-packages:${PYTHONPATH} /usr/bin/cmake --build /home/max/ros2fish/chapt3_interface/interface_ws/build/example_interfaces_rclcpp -- -j2 -l2
[23.568s] Invoking command in '/home/max/ros2fish/chapt3_interface/interface_ws/build/example_interfaces_rclcpp': AMENT_PREFIX_PATH=/home/max/ros2fish/chapt3_interface/interface_ws/install/example_ros2_interfaces:${AMENT_PREFIX_PATH} CMAKE_PREFIX_PATH=/home/max/ros2fish/chapt3_interface/interface_ws/install/example_ros2_interfaces:/opt/ros/humble LD_LIBRARY_PATH=/home/max/ros2fish/chapt3_interface/interface_ws/install/example_ros2_interfaces/lib:${LD_LIBRARY_PATH} PYTHONPATH=/home/max/ros2fish/chapt3_interface/interface_ws/install/example_ros2_interfaces/local/lib/python3.10/dist-packages:${PYTHONPATH} /usr/bin/cmake --install /home/max/ros2fish/chapt3_interface/interface_ws/build/example_interfaces_rclcpp
[23.605s] -- Install configuration: ""
[23.605s] -- Up-to-date: /home/max/ros2fish/chapt3_interface/interface_ws/install/example_interfaces_rclcpp/share/ament_index/resource_index/package_run_dependencies/example_interfaces_rclcpp
[23.605s] -- Up-to-date: /home/max/ros2fish/chapt3_interface/interface_ws/install/example_interfaces_rclcpp/share/ament_index/resource_index/parent_prefix_path/example_interfaces_rclcpp
[23.606s] -- Up-to-date: /home/max/ros2fish/chapt3_interface/interface_ws/install/example_interfaces_rclcpp/share/example_interfaces_rclcpp/environment/ament_prefix_path.sh
[23.607s] -- Up-to-date: /home/max/ros2fish/chapt3_interface/interface_ws/install/example_interfaces_rclcpp/share/example_interfaces_rclcpp/environment/ament_prefix_path.dsv
[23.607s] -- Up-to-date: /home/max/ros2fish/chapt3_interface/interface_ws/install/example_interfaces_rclcpp/share/example_interfaces_rclcpp/environment/path.sh
[23.607s] -- Up-to-date: /home/max/ros2fish/chapt3_interface/interface_ws/install/example_interfaces_rclcpp/share/example_interfaces_rclcpp/environment/path.dsv
[23.607s] -- Up-to-date: /home/max/ros2fish/chapt3_interface/interface_ws/install/example_interfaces_rclcpp/share/example_interfaces_rclcpp/local_setup.bash
[23.607s] -- Up-to-date: /home/max/ros2fish/chapt3_interface/interface_ws/install/example_interfaces_rclcpp/share/example_interfaces_rclcpp/local_setup.sh
[23.607s] -- Up-to-date: /home/max/ros2fish/chapt3_interface/interface_ws/install/example_interfaces_rclcpp/share/example_interfaces_rclcpp/local_setup.zsh
[23.608s] -- Up-to-date: /home/max/ros2fish/chapt3_interface/interface_ws/install/example_interfaces_rclcpp/share/example_interfaces_rclcpp/local_setup.dsv
[23.608s] -- Installing: /home/max/ros2fish/chapt3_interface/interface_ws/install/example_interfaces_rclcpp/share/example_interfaces_rclcpp/package.dsv
[23.608s] -- Up-to-date: /home/max/ros2fish/chapt3_interface/interface_ws/install/example_interfaces_rclcpp/share/ament_index/resource_index/packages/example_interfaces_rclcpp
[23.609s] -- Up-to-date: /home/max/ros2fish/chapt3_interface/interface_ws/install/example_interfaces_rclcpp/share/example_interfaces_rclcpp/cmake/example_interfaces_rclcppConfig.cmake
[23.609s] -- Up-to-date: /home/max/ros2fish/chapt3_interface/interface_ws/install/example_interfaces_rclcpp/share/example_interfaces_rclcpp/cmake/example_interfaces_rclcppConfig-version.cmake
[23.609s] -- Up-to-date: /home/max/ros2fish/chapt3_interface/interface_ws/install/example_interfaces_rclcpp/share/example_interfaces_rclcpp/package.xml
[23.611s] -- Installing: /home/max/ros2fish/chapt3_interface/interface_ws/install/example_interfaces_rclcpp/lib/example_interfaces_rclcpp/example_interfaces_control_01_node
[23.623s] -- Set runtime path of "/home/max/ros2fish/chapt3_interface/interface_ws/install/example_interfaces_rclcpp/lib/example_interfaces_rclcpp/example_interfaces_control_01_node" to ""
[23.629s] -- Installing: /home/max/ros2fish/chapt3_interface/interface_ws/install/example_interfaces_rclcpp/lib/example_interfaces_rclcpp/example_interfaces_robot_01_node
[23.633s] -- Set runtime path of "/home/max/ros2fish/chapt3_interface/interface_ws/install/example_interfaces_rclcpp/lib/example_interfaces_rclcpp/example_interfaces_robot_01_node" to ""
[23.640s] Invoked command in '/home/max/ros2fish/chapt3_interface/interface_ws/build/example_interfaces_rclcpp' returned '0': AMENT_PREFIX_PATH=/home/max/ros2fish/chapt3_interface/interface_ws/install/example_ros2_interfaces:${AMENT_PREFIX_PATH} CMAKE_PREFIX_PATH=/home/max/ros2fish/chapt3_interface/interface_ws/install/example_ros2_interfaces:/opt/ros/humble LD_LIBRARY_PATH=/home/max/ros2fish/chapt3_interface/interface_ws/install/example_ros2_interfaces/lib:${LD_LIBRARY_PATH} PYTHONPATH=/home/max/ros2fish/chapt3_interface/interface_ws/install/example_ros2_interfaces/local/lib/python3.10/dist-packages:${PYTHONPATH} /usr/bin/cmake --install /home/max/ros2fish/chapt3_interface/interface_ws/build/example_interfaces_rclcpp
