[0.013s] Invoking command in '/home/max/ros2fish/chapt3_interface/interface_ws/build/example_ros2_interfaces': CMAKE_PREFIX_PATH=/opt/ros/humble /usr/bin/cmake /home/max/ros2fish/chapt3_interface/interface_ws/src/example_ros2_interfaces -DCMAKE_INSTALL_PREFIX=/home/max/ros2fish/chapt3_interface/interface_ws/install/example_ros2_interfaces
[0.053s] -- Found ament_cmake: 1.3.8 (/opt/ros/humble/share/ament_cmake/cmake)
[0.199s] -- Found rosidl_default_generators: 1.2.0 (/opt/ros/humble/share/rosidl_default_generators/cmake)
[0.201s] -- Using all available rosidl_typesupport_c: rosidl_typesupport_fastrtps_c;rosidl_typesupport_introspection_c
[0.205s] -- Found rosidl_adapter: 3.1.5 (/opt/ros/humble/share/rosidl_adapter/cmake)
[0.243s] -- Using all available rosidl_typesupport_cpp: rosidl_typesupport_fastrtps_cpp;rosidl_typesupport_introspection_cpp
[0.276s] -- Found geometry_msgs: 4.2.3 (/opt/ros/humble/share/geometry_msgs/cmake)
[0.402s] -- Found ament_lint_auto: 0.12.10 (/opt/ros/humble/share/ament_lint_auto/cmake)
[0.814s] -- Found ament_cmake_ros: 0.10.0 (/opt/ros/humble/share/ament_cmake_ros/cmake)
[1.125s] -- Using all available rosidl_typesupport_c: rosidl_typesupport_fastrtps_c;rosidl_typesupport_introspection_c
[1.630s] -- Using all available rosidl_typesupport_cpp: rosidl_typesupport_fastrtps_cpp;rosidl_typesupport_introspection_cpp
[1.661s] -- Found PythonInterp: /usr/bin/python3 (found suitable version "3.10.12", minimum required is "3.6") 
[1.671s] -- Found python_cmake_module: 0.10.0 (/opt/ros/humble/share/python_cmake_module/cmake)
[1.709s] -- Found PythonLibs: /usr/lib/x86_64-linux-gnu/libpython3.10.so (found suitable version "3.10.12", minimum required is "3.5") 
[1.709s] -- Using PYTHON_EXECUTABLE: /usr/bin/python3
[1.709s] -- Using PYTHON_INCLUDE_DIRS: /usr/include/python3.10
[1.710s] -- Using PYTHON_LIBRARIES: /usr/lib/x86_64-linux-gnu/libpython3.10.so
[1.734s] -- Found PythonExtra: .so  
[1.811s] -- Added test 'lint_cmake' to check CMake code style
[1.812s] -- Added test 'xmllint' to check XML markup files
[1.826s] -- Configuring done
[1.890s] -- Generating done
[1.895s] -- Build files have been written to: /home/max/ros2fish/chapt3_interface/interface_ws/build/example_ros2_interfaces
[1.906s] Invoked command in '/home/max/ros2fish/chapt3_interface/interface_ws/build/example_ros2_interfaces' returned '0': CMAKE_PREFIX_PATH=/opt/ros/humble /usr/bin/cmake /home/max/ros2fish/chapt3_interface/interface_ws/src/example_ros2_interfaces -DCMAKE_INSTALL_PREFIX=/home/max/ros2fish/chapt3_interface/interface_ws/install/example_ros2_interfaces
[1.907s] Invoking command in '/home/max/ros2fish/chapt3_interface/interface_ws/build/example_ros2_interfaces': CMAKE_PREFIX_PATH=/opt/ros/humble /usr/bin/cmake --build /home/max/ros2fish/chapt3_interface/interface_ws/build/example_ros2_interfaces -- -j2 -l2
[1.983s] [  2%] [34m[1mGenerating C code for ROS interfaces[0m
[1.988s] [  4%] [34m[1mGenerating C++ code for ROS interfaces[0m
[2.678s] [  4%] Built target example_ros2_interfaces__cpp
[2.726s] [  4%] Built target ament_cmake_python_copy_example_ros2_interfaces
[2.747s] [  6%] [34m[1mGenerating C++ type support dispatch for ROS interfaces[0m
[2.785s] [  8%] [32mBuilding C object CMakeFiles/example_ros2_interfaces__rosidl_generator_c.dir/rosidl_generator_c/example_ros2_interfaces/msg/detail/robot_pose__functions.c.o[0m
[2.943s] [ 10%] [32mBuilding C object CMakeFiles/example_ros2_interfaces__rosidl_generator_c.dir/rosidl_generator_c/example_ros2_interfaces/msg/detail/robot_status__functions.c.o[0m
[3.029s] [ 12%] [32mBuilding C object CMakeFiles/example_ros2_interfaces__rosidl_generator_c.dir/rosidl_generator_c/example_ros2_interfaces/srv/detail/move_robot__functions.c.o[0m
[3.115s] [ 14%] [32m[1mLinking C shared library libexample_ros2_interfaces__rosidl_generator_c.so[0m
[3.193s] [ 14%] Built target example_ros2_interfaces__rosidl_generator_c
[3.229s] [ 17%] [34m[1mGenerating C++ type support for eProsima Fast-RTPS[0m
[3.277s] [ 19%] [32mBuilding CXX object CMakeFiles/example_ros2_interfaces__rosidl_typesupport_cpp.dir/rosidl_typesupport_cpp/example_ros2_interfaces/msg/robot_pose__type_support.cpp.o[0m
[3.933s] [ 21%] [32mBuilding CXX object CMakeFiles/example_ros2_interfaces__rosidl_typesupport_cpp.dir/rosidl_typesupport_cpp/example_ros2_interfaces/msg/robot_status__type_support.cpp.o[0m
[4.241s] [ 23%] [32mBuilding CXX object CMakeFiles/example_ros2_interfaces__rosidl_typesupport_fastrtps_cpp.dir/rosidl_typesupport_fastrtps_cpp/example_ros2_interfaces/msg/detail/dds_fastrtps/robot_pose__type_support.cpp.o[0m
[4.591s] [ 25%] [32mBuilding CXX object CMakeFiles/example_ros2_interfaces__rosidl_typesupport_cpp.dir/rosidl_typesupport_cpp/example_ros2_interfaces/srv/move_robot__type_support.cpp.o[0m
[5.156s] [ 27%] [32m[1mLinking CXX shared library libexample_ros2_interfaces__rosidl_typesupport_cpp.so[0m
[5.300s] [ 29%] [32mBuilding CXX object CMakeFiles/example_ros2_interfaces__rosidl_typesupport_fastrtps_cpp.dir/rosidl_typesupport_fastrtps_cpp/example_ros2_interfaces/msg/detail/dds_fastrtps/robot_status__type_support.cpp.o[0m
[5.371s] [ 29%] Built target example_ros2_interfaces__rosidl_typesupport_cpp
[5.394s] [ 31%] [34m[1mGenerating C++ introspection for ROS interfaces[0m
[5.961s] [ 34%] [32mBuilding CXX object CMakeFiles/example_ros2_interfaces__rosidl_typesupport_fastrtps_cpp.dir/rosidl_typesupport_fastrtps_cpp/example_ros2_interfaces/srv/detail/dds_fastrtps/move_robot__type_support.cpp.o[0m
[6.078s] [ 36%] [32mBuilding CXX object CMakeFiles/example_ros2_interfaces__rosidl_typesupport_introspection_cpp.dir/rosidl_typesupport_introspection_cpp/example_ros2_interfaces/msg/detail/robot_pose__type_support.cpp.o[0m
[6.743s] [ 38%] [32m[1mLinking CXX shared library libexample_ros2_interfaces__rosidl_typesupport_fastrtps_cpp.so[0m
[6.744s] [ 40%] [32mBuilding CXX object CMakeFiles/example_ros2_interfaces__rosidl_typesupport_introspection_cpp.dir/rosidl_typesupport_introspection_cpp/example_ros2_interfaces/msg/detail/robot_status__type_support.cpp.o[0m
[7.059s] [ 40%] Built target example_ros2_interfaces__rosidl_typesupport_fastrtps_cpp
[7.738s] [ 42%] [32mBuilding CXX object CMakeFiles/example_ros2_interfaces__rosidl_typesupport_introspection_cpp.dir/rosidl_typesupport_introspection_cpp/example_ros2_interfaces/srv/detail/move_robot__type_support.cpp.o[0m
[8.209s] running egg_info
[8.209s] creating example_ros2_interfaces.egg-info
[8.209s] writing example_ros2_interfaces.egg-info/PKG-INFO
[8.212s] writing dependency_links to example_ros2_interfaces.egg-info/dependency_links.txt
[8.212s] writing top-level names to example_ros2_interfaces.egg-info/top_level.txt
[8.212s] writing manifest file 'example_ros2_interfaces.egg-info/SOURCES.txt'
[8.225s] reading manifest file 'example_ros2_interfaces.egg-info/SOURCES.txt'
[8.226s] writing manifest file 'example_ros2_interfaces.egg-info/SOURCES.txt'
[8.295s] [ 42%] Built target ament_cmake_python_build_example_ros2_interfaces_egg
[8.329s] [ 44%] [34m[1mGenerating C type support for eProsima Fast-RTPS[0m
[8.653s] [ 46%] [32m[1mLinking CXX shared library libexample_ros2_interfaces__rosidl_typesupport_introspection_cpp.so[0m
[8.850s] [ 46%] Built target example_ros2_interfaces__rosidl_typesupport_introspection_cpp
[8.912s] [ 48%] [34m[1mGenerating C introspection for ROS interfaces[0m
[9.406s] [ 51%] [32mBuilding CXX object CMakeFiles/example_ros2_interfaces__rosidl_typesupport_fastrtps_c.dir/rosidl_typesupport_fastrtps_c/example_ros2_interfaces/msg/detail/robot_pose__type_support_c.cpp.o[0m
[9.844s] [ 53%] [32mBuilding C object CMakeFiles/example_ros2_interfaces__rosidl_typesupport_introspection_c.dir/rosidl_typesupport_introspection_c/example_ros2_interfaces/msg/detail/robot_pose__type_support.c.o[0m
[9.989s] [ 55%] [32mBuilding C object CMakeFiles/example_ros2_interfaces__rosidl_typesupport_introspection_c.dir/rosidl_typesupport_introspection_c/example_ros2_interfaces/msg/detail/robot_status__type_support.c.o[0m
[10.097s] [ 57%] [32mBuilding C object CMakeFiles/example_ros2_interfaces__rosidl_typesupport_introspection_c.dir/rosidl_typesupport_introspection_c/example_ros2_interfaces/srv/detail/move_robot__type_support.c.o[0m
[10.262s] [ 59%] [32m[1mLinking C shared library libexample_ros2_interfaces__rosidl_typesupport_introspection_c.so[0m
[10.285s] [ 61%] [32mBuilding CXX object CMakeFiles/example_ros2_interfaces__rosidl_typesupport_fastrtps_c.dir/rosidl_typesupport_fastrtps_c/example_ros2_interfaces/msg/detail/robot_status__type_support_c.cpp.o[0m
[10.354s] [ 61%] Built target example_ros2_interfaces__rosidl_typesupport_introspection_c
[10.386s] [ 63%] [34m[1mGenerating C type support dispatch for ROS interfaces[0m
[11.102s] [ 65%] [32mBuilding CXX object CMakeFiles/example_ros2_interfaces__rosidl_typesupport_fastrtps_c.dir/rosidl_typesupport_fastrtps_c/example_ros2_interfaces/srv/detail/move_robot__type_support_c.cpp.o[0m
[11.230s] [ 68%] [32mBuilding CXX object CMakeFiles/example_ros2_interfaces__rosidl_typesupport_c.dir/rosidl_typesupport_c/example_ros2_interfaces/msg/robot_pose__type_support.cpp.o[0m
[11.301s] [ 70%] [32mBuilding CXX object CMakeFiles/example_ros2_interfaces__rosidl_typesupport_c.dir/rosidl_typesupport_c/example_ros2_interfaces/msg/robot_status__type_support.cpp.o[0m
[11.349s] [ 72%] [32mBuilding CXX object CMakeFiles/example_ros2_interfaces__rosidl_typesupport_c.dir/rosidl_typesupport_c/example_ros2_interfaces/srv/move_robot__type_support.cpp.o[0m
[11.425s] [ 74%] [32m[1mLinking CXX shared library libexample_ros2_interfaces__rosidl_typesupport_c.so[0m
[11.523s] [ 74%] Built target example_ros2_interfaces__rosidl_typesupport_c
[11.553s] [ 76%] [32m[1mLinking CXX shared library libexample_ros2_interfaces__rosidl_typesupport_fastrtps_c.so[0m
[11.708s] [ 76%] Built target example_ros2_interfaces__rosidl_typesupport_fastrtps_c
[11.743s] [ 76%] Built target example_ros2_interfaces
[11.775s] [ 78%] [34m[1mGenerating Python code for ROS interfaces[0m
[12.507s] [ 78%] Built target example_ros2_interfaces__py
[12.550s] [ 82%] [32mBuilding C object CMakeFiles/example_ros2_interfaces__rosidl_generator_py.dir/rosidl_generator_py/example_ros2_interfaces/msg/_robot_pose_s.c.o[0m
[12.552s] [ 82%] [32mBuilding C object CMakeFiles/example_ros2_interfaces__rosidl_generator_py.dir/rosidl_generator_py/example_ros2_interfaces/msg/_robot_status_s.c.o[0m
[12.875s] [ 85%] [32mBuilding C object CMakeFiles/example_ros2_interfaces__rosidl_generator_py.dir/rosidl_generator_py/example_ros2_interfaces/srv/_move_robot_s.c.o[0m
[13.088s] [ 87%] [32m[1mLinking C shared library rosidl_generator_py/example_ros2_interfaces/libexample_ros2_interfaces__rosidl_generator_py.so[0m
[13.215s] [ 87%] Built target example_ros2_interfaces__rosidl_generator_py
[13.286s] [ 89%] [32mBuilding C object CMakeFiles/example_ros2_interfaces__rosidl_typesupport_fastrtps_c__pyext.dir/rosidl_generator_py/example_ros2_interfaces/_example_ros2_interfaces_s.ep.rosidl_typesupport_fastrtps_c.c.o[0m
[13.337s] [ 91%] [32mBuilding C object CMakeFiles/example_ros2_interfaces__rosidl_typesupport_introspection_c__pyext.dir/rosidl_generator_py/example_ros2_interfaces/_example_ros2_interfaces_s.ep.rosidl_typesupport_introspection_c.c.o[0m
[13.597s] [ 93%] [32m[1mLinking C shared library rosidl_generator_py/example_ros2_interfaces/example_ros2_interfaces_s__rosidl_typesupport_introspection_c.cpython-310-x86_64-linux-gnu.so[0m
[13.613s] [ 95%] [32m[1mLinking C shared library rosidl_generator_py/example_ros2_interfaces/example_ros2_interfaces_s__rosidl_typesupport_fastrtps_c.cpython-310-x86_64-linux-gnu.so[0m
[13.700s] [ 95%] Built target example_ros2_interfaces__rosidl_typesupport_introspection_c__pyext
[13.732s] [ 97%] [32mBuilding C object CMakeFiles/example_ros2_interfaces__rosidl_typesupport_c__pyext.dir/rosidl_generator_py/example_ros2_interfaces/_example_ros2_interfaces_s.ep.rosidl_typesupport_c.c.o[0m
[13.756s] [ 97%] Built target example_ros2_interfaces__rosidl_typesupport_fastrtps_c__pyext
[13.921s] [100%] [32m[1mLinking C shared library rosidl_generator_py/example_ros2_interfaces/example_ros2_interfaces_s__rosidl_typesupport_c.cpython-310-x86_64-linux-gnu.so[0m
[13.990s] [100%] Built target example_ros2_interfaces__rosidl_typesupport_c__pyext
[14.015s] Invoked command in '/home/max/ros2fish/chapt3_interface/interface_ws/build/example_ros2_interfaces' returned '0': CMAKE_PREFIX_PATH=/opt/ros/humble /usr/bin/cmake --build /home/max/ros2fish/chapt3_interface/interface_ws/build/example_ros2_interfaces -- -j2 -l2
[14.280s] Invoking command in '/home/max/ros2fish/chapt3_interface/interface_ws/build/example_ros2_interfaces': CMAKE_PREFIX_PATH=/opt/ros/humble /usr/bin/cmake --install /home/max/ros2fish/chapt3_interface/interface_ws/build/example_ros2_interfaces
[14.302s] -- Install configuration: ""
[14.303s] -- Installing: /home/max/ros2fish/chapt3_interface/interface_ws/install/example_ros2_interfaces/share/ament_index/resource_index/rosidl_interfaces/example_ros2_interfaces
[14.303s] -- Installing: /home/max/ros2fish/chapt3_interface/interface_ws/install/example_ros2_interfaces/include/example_ros2_interfaces/example_ros2_interfaces
[14.303s] -- Installing: /home/max/ros2fish/chapt3_interface/interface_ws/install/example_ros2_interfaces/include/example_ros2_interfaces/example_ros2_interfaces/srv
[14.303s] -- Installing: /home/max/ros2fish/chapt3_interface/interface_ws/install/example_ros2_interfaces/include/example_ros2_interfaces/example_ros2_interfaces/srv/move_robot.h
[14.303s] -- Installing: /home/max/ros2fish/chapt3_interface/interface_ws/install/example_ros2_interfaces/include/example_ros2_interfaces/example_ros2_interfaces/srv/detail
[14.303s] -- Installing: /home/max/ros2fish/chapt3_interface/interface_ws/install/example_ros2_interfaces/include/example_ros2_interfaces/example_ros2_interfaces/srv/detail/move_robot__struct.h
[14.304s] -- Installing: /home/max/ros2fish/chapt3_interface/interface_ws/install/example_ros2_interfaces/include/example_ros2_interfaces/example_ros2_interfaces/srv/detail/move_robot__functions.c
[14.304s] -- Installing: /home/max/ros2fish/chapt3_interface/interface_ws/install/example_ros2_interfaces/include/example_ros2_interfaces/example_ros2_interfaces/srv/detail/move_robot__functions.h
[14.305s] -- Installing: /home/max/ros2fish/chapt3_interface/interface_ws/install/example_ros2_interfaces/include/example_ros2_interfaces/example_ros2_interfaces/srv/detail/move_robot__type_support.h
[14.308s] -- Installing: /home/max/ros2fish/chapt3_interface/interface_ws/install/example_ros2_interfaces/include/example_ros2_interfaces/example_ros2_interfaces/msg
[14.308s] -- Installing: /home/max/ros2fish/chapt3_interface/interface_ws/install/example_ros2_interfaces/include/example_ros2_interfaces/example_ros2_interfaces/msg/robot_status.h
[14.308s] -- Installing: /home/max/ros2fish/chapt3_interface/interface_ws/install/example_ros2_interfaces/include/example_ros2_interfaces/example_ros2_interfaces/msg/rosidl_generator_c__visibility_control.h
[14.308s] -- Installing: /home/max/ros2fish/chapt3_interface/interface_ws/install/example_ros2_interfaces/include/example_ros2_interfaces/example_ros2_interfaces/msg/robot_pose.h
[14.309s] -- Installing: /home/max/ros2fish/chapt3_interface/interface_ws/install/example_ros2_interfaces/include/example_ros2_interfaces/example_ros2_interfaces/msg/detail
[14.309s] -- Installing: /home/max/ros2fish/chapt3_interface/interface_ws/install/example_ros2_interfaces/include/example_ros2_interfaces/example_ros2_interfaces/msg/detail/robot_status__functions.c
[14.309s] -- Installing: /home/max/ros2fish/chapt3_interface/interface_ws/install/example_ros2_interfaces/include/example_ros2_interfaces/example_ros2_interfaces/msg/detail/robot_status__type_support.h
[14.310s] -- Installing: /home/max/ros2fish/chapt3_interface/interface_ws/install/example_ros2_interfaces/include/example_ros2_interfaces/example_ros2_interfaces/msg/detail/robot_pose__functions.c
[14.311s] -- Installing: /home/max/ros2fish/chapt3_interface/interface_ws/install/example_ros2_interfaces/include/example_ros2_interfaces/example_ros2_interfaces/msg/detail/robot_pose__functions.h
[14.311s] -- Installing: /home/max/ros2fish/chapt3_interface/interface_ws/install/example_ros2_interfaces/include/example_ros2_interfaces/example_ros2_interfaces/msg/detail/robot_status__struct.h
[14.323s] -- Installing: /home/max/ros2fish/chapt3_interface/interface_ws/install/example_ros2_interfaces/include/example_ros2_interfaces/example_ros2_interfaces/msg/detail/robot_status__functions.h
[14.323s] -- Installing: /home/max/ros2fish/chapt3_interface/interface_ws/install/example_ros2_interfaces/include/example_ros2_interfaces/example_ros2_interfaces/msg/detail/robot_pose__type_support.h
[14.323s] -- Installing: /home/max/ros2fish/chapt3_interface/interface_ws/install/example_ros2_interfaces/include/example_ros2_interfaces/example_ros2_interfaces/msg/detail/robot_pose__struct.h
[14.323s] -- Installing: /home/max/ros2fish/chapt3_interface/interface_ws/install/example_ros2_interfaces/share/example_ros2_interfaces/environment/library_path.sh
[14.323s] -- Installing: /home/max/ros2fish/chapt3_interface/interface_ws/install/example_ros2_interfaces/share/example_ros2_interfaces/environment/library_path.dsv
[14.323s] -- Installing: /home/max/ros2fish/chapt3_interface/interface_ws/install/example_ros2_interfaces/lib/libexample_ros2_interfaces__rosidl_generator_c.so
[14.323s] -- Set runtime path of "/home/max/ros2fish/chapt3_interface/interface_ws/install/example_ros2_interfaces/lib/libexample_ros2_interfaces__rosidl_generator_c.so" to ""
[14.323s] -- Up-to-date: /home/max/ros2fish/chapt3_interface/interface_ws/install/example_ros2_interfaces/include/example_ros2_interfaces/example_ros2_interfaces
[14.323s] -- Up-to-date: /home/max/ros2fish/chapt3_interface/interface_ws/install/example_ros2_interfaces/include/example_ros2_interfaces/example_ros2_interfaces/srv
[14.324s] -- Up-to-date: /home/max/ros2fish/chapt3_interface/interface_ws/install/example_ros2_interfaces/include/example_ros2_interfaces/example_ros2_interfaces/srv/detail
[14.324s] -- Installing: /home/max/ros2fish/chapt3_interface/interface_ws/install/example_ros2_interfaces/include/example_ros2_interfaces/example_ros2_interfaces/srv/detail/move_robot__rosidl_typesupport_fastrtps_c.h
[14.324s] -- Up-to-date: /home/max/ros2fish/chapt3_interface/interface_ws/install/example_ros2_interfaces/include/example_ros2_interfaces/example_ros2_interfaces/msg
[14.324s] -- Installing: /home/max/ros2fish/chapt3_interface/interface_ws/install/example_ros2_interfaces/include/example_ros2_interfaces/example_ros2_interfaces/msg/rosidl_typesupport_fastrtps_c__visibility_control.h
[14.324s] -- Up-to-date: /home/max/ros2fish/chapt3_interface/interface_ws/install/example_ros2_interfaces/include/example_ros2_interfaces/example_ros2_interfaces/msg/detail
[14.324s] -- Installing: /home/max/ros2fish/chapt3_interface/interface_ws/install/example_ros2_interfaces/include/example_ros2_interfaces/example_ros2_interfaces/msg/detail/robot_status__rosidl_typesupport_fastrtps_c.h
[14.324s] -- Installing: /home/max/ros2fish/chapt3_interface/interface_ws/install/example_ros2_interfaces/include/example_ros2_interfaces/example_ros2_interfaces/msg/detail/robot_pose__rosidl_typesupport_fastrtps_c.h
[14.324s] -- Installing: /home/max/ros2fish/chapt3_interface/interface_ws/install/example_ros2_interfaces/lib/libexample_ros2_interfaces__rosidl_typesupport_fastrtps_c.so
[14.325s] -- Set runtime path of "/home/max/ros2fish/chapt3_interface/interface_ws/install/example_ros2_interfaces/lib/libexample_ros2_interfaces__rosidl_typesupport_fastrtps_c.so" to ""
[14.325s] -- Up-to-date: /home/max/ros2fish/chapt3_interface/interface_ws/install/example_ros2_interfaces/include/example_ros2_interfaces/example_ros2_interfaces
[14.325s] -- Up-to-date: /home/max/ros2fish/chapt3_interface/interface_ws/install/example_ros2_interfaces/include/example_ros2_interfaces/example_ros2_interfaces/srv
[14.325s] -- Up-to-date: /home/max/ros2fish/chapt3_interface/interface_ws/install/example_ros2_interfaces/include/example_ros2_interfaces/example_ros2_interfaces/srv/detail
[14.325s] -- Installing: /home/max/ros2fish/chapt3_interface/interface_ws/install/example_ros2_interfaces/include/example_ros2_interfaces/example_ros2_interfaces/srv/detail/move_robot__rosidl_typesupport_introspection_c.h
[14.325s] -- Installing: /home/max/ros2fish/chapt3_interface/interface_ws/install/example_ros2_interfaces/include/example_ros2_interfaces/example_ros2_interfaces/srv/detail/move_robot__type_support.c
[14.325s] -- Up-to-date: /home/max/ros2fish/chapt3_interface/interface_ws/install/example_ros2_interfaces/include/example_ros2_interfaces/example_ros2_interfaces/msg
[14.325s] -- Installing: /home/max/ros2fish/chapt3_interface/interface_ws/install/example_ros2_interfaces/include/example_ros2_interfaces/example_ros2_interfaces/msg/rosidl_typesupport_introspection_c__visibility_control.h
[14.325s] -- Up-to-date: /home/max/ros2fish/chapt3_interface/interface_ws/install/example_ros2_interfaces/include/example_ros2_interfaces/example_ros2_interfaces/msg/detail
[14.325s] -- Installing: /home/max/ros2fish/chapt3_interface/interface_ws/install/example_ros2_interfaces/include/example_ros2_interfaces/example_ros2_interfaces/msg/detail/robot_status__rosidl_typesupport_introspection_c.h
[14.325s] -- Installing: /home/max/ros2fish/chapt3_interface/interface_ws/install/example_ros2_interfaces/include/example_ros2_interfaces/example_ros2_interfaces/msg/detail/robot_pose__type_support.c
[14.325s] -- Installing: /home/max/ros2fish/chapt3_interface/interface_ws/install/example_ros2_interfaces/include/example_ros2_interfaces/example_ros2_interfaces/msg/detail/robot_pose__rosidl_typesupport_introspection_c.h
[14.325s] -- Installing: /home/max/ros2fish/chapt3_interface/interface_ws/install/example_ros2_interfaces/include/example_ros2_interfaces/example_ros2_interfaces/msg/detail/robot_status__type_support.c
[14.326s] -- Installing: /home/max/ros2fish/chapt3_interface/interface_ws/install/example_ros2_interfaces/lib/libexample_ros2_interfaces__rosidl_typesupport_introspection_c.so
[14.326s] -- Set runtime path of "/home/max/ros2fish/chapt3_interface/interface_ws/install/example_ros2_interfaces/lib/libexample_ros2_interfaces__rosidl_typesupport_introspection_c.so" to ""
[14.326s] -- Installing: /home/max/ros2fish/chapt3_interface/interface_ws/install/example_ros2_interfaces/lib/libexample_ros2_interfaces__rosidl_typesupport_c.so
[14.326s] -- Set runtime path of "/home/max/ros2fish/chapt3_interface/interface_ws/install/example_ros2_interfaces/lib/libexample_ros2_interfaces__rosidl_typesupport_c.so" to ""
[14.326s] -- Up-to-date: /home/max/ros2fish/chapt3_interface/interface_ws/install/example_ros2_interfaces/include/example_ros2_interfaces/example_ros2_interfaces
[14.326s] -- Up-to-date: /home/max/ros2fish/chapt3_interface/interface_ws/install/example_ros2_interfaces/include/example_ros2_interfaces/example_ros2_interfaces/srv
[14.326s] -- Installing: /home/max/ros2fish/chapt3_interface/interface_ws/install/example_ros2_interfaces/include/example_ros2_interfaces/example_ros2_interfaces/srv/move_robot.hpp
[14.326s] -- Up-to-date: /home/max/ros2fish/chapt3_interface/interface_ws/install/example_ros2_interfaces/include/example_ros2_interfaces/example_ros2_interfaces/srv/detail
[14.326s] -- Installing: /home/max/ros2fish/chapt3_interface/interface_ws/install/example_ros2_interfaces/include/example_ros2_interfaces/example_ros2_interfaces/srv/detail/move_robot__struct.hpp
[14.326s] -- Installing: /home/max/ros2fish/chapt3_interface/interface_ws/install/example_ros2_interfaces/include/example_ros2_interfaces/example_ros2_interfaces/srv/detail/move_robot__traits.hpp
[14.327s] -- Installing: /home/max/ros2fish/chapt3_interface/interface_ws/install/example_ros2_interfaces/include/example_ros2_interfaces/example_ros2_interfaces/srv/detail/move_robot__builder.hpp
[14.327s] -- Up-to-date: /home/max/ros2fish/chapt3_interface/interface_ws/install/example_ros2_interfaces/include/example_ros2_interfaces/example_ros2_interfaces/msg
[14.327s] -- Installing: /home/max/ros2fish/chapt3_interface/interface_ws/install/example_ros2_interfaces/include/example_ros2_interfaces/example_ros2_interfaces/msg/robot_status.hpp
[14.327s] -- Installing: /home/max/ros2fish/chapt3_interface/interface_ws/install/example_ros2_interfaces/include/example_ros2_interfaces/example_ros2_interfaces/msg/robot_pose.hpp
[14.327s] -- Up-to-date: /home/max/ros2fish/chapt3_interface/interface_ws/install/example_ros2_interfaces/include/example_ros2_interfaces/example_ros2_interfaces/msg/detail
[14.327s] -- Installing: /home/max/ros2fish/chapt3_interface/interface_ws/install/example_ros2_interfaces/include/example_ros2_interfaces/example_ros2_interfaces/msg/detail/robot_pose__traits.hpp
[14.327s] -- Installing: /home/max/ros2fish/chapt3_interface/interface_ws/install/example_ros2_interfaces/include/example_ros2_interfaces/example_ros2_interfaces/msg/detail/robot_status__struct.hpp
[14.328s] -- Installing: /home/max/ros2fish/chapt3_interface/interface_ws/install/example_ros2_interfaces/include/example_ros2_interfaces/example_ros2_interfaces/msg/detail/robot_pose__builder.hpp
[14.328s] -- Installing: /home/max/ros2fish/chapt3_interface/interface_ws/install/example_ros2_interfaces/include/example_ros2_interfaces/example_ros2_interfaces/msg/detail/robot_pose__struct.hpp
[14.328s] -- Installing: /home/max/ros2fish/chapt3_interface/interface_ws/install/example_ros2_interfaces/include/example_ros2_interfaces/example_ros2_interfaces/msg/detail/robot_status__traits.hpp
[14.328s] -- Installing: /home/max/ros2fish/chapt3_interface/interface_ws/install/example_ros2_interfaces/include/example_ros2_interfaces/example_ros2_interfaces/msg/detail/robot_status__builder.hpp
[14.331s] -- Up-to-date: /home/max/ros2fish/chapt3_interface/interface_ws/install/example_ros2_interfaces/include/example_ros2_interfaces/example_ros2_interfaces
[14.331s] -- Up-to-date: /home/max/ros2fish/chapt3_interface/interface_ws/install/example_ros2_interfaces/include/example_ros2_interfaces/example_ros2_interfaces/srv
[14.331s] -- Up-to-date: /home/max/ros2fish/chapt3_interface/interface_ws/install/example_ros2_interfaces/include/example_ros2_interfaces/example_ros2_interfaces/srv/detail
[14.331s] -- Installing: /home/max/ros2fish/chapt3_interface/interface_ws/install/example_ros2_interfaces/include/example_ros2_interfaces/example_ros2_interfaces/srv/detail/dds_fastrtps
[14.331s] -- Installing: /home/max/ros2fish/chapt3_interface/interface_ws/install/example_ros2_interfaces/include/example_ros2_interfaces/example_ros2_interfaces/srv/detail/move_robot__rosidl_typesupport_fastrtps_cpp.hpp
[14.331s] -- Up-to-date: /home/max/ros2fish/chapt3_interface/interface_ws/install/example_ros2_interfaces/include/example_ros2_interfaces/example_ros2_interfaces/msg
[14.331s] -- Installing: /home/max/ros2fish/chapt3_interface/interface_ws/install/example_ros2_interfaces/include/example_ros2_interfaces/example_ros2_interfaces/msg/rosidl_typesupport_fastrtps_cpp__visibility_control.h
[14.331s] -- Up-to-date: /home/max/ros2fish/chapt3_interface/interface_ws/install/example_ros2_interfaces/include/example_ros2_interfaces/example_ros2_interfaces/msg/detail
[14.331s] -- Installing: /home/max/ros2fish/chapt3_interface/interface_ws/install/example_ros2_interfaces/include/example_ros2_interfaces/example_ros2_interfaces/msg/detail/robot_pose__rosidl_typesupport_fastrtps_cpp.hpp
[14.332s] -- Installing: /home/max/ros2fish/chapt3_interface/interface_ws/install/example_ros2_interfaces/include/example_ros2_interfaces/example_ros2_interfaces/msg/detail/dds_fastrtps
[14.332s] -- Installing: /home/max/ros2fish/chapt3_interface/interface_ws/install/example_ros2_interfaces/include/example_ros2_interfaces/example_ros2_interfaces/msg/detail/robot_status__rosidl_typesupport_fastrtps_cpp.hpp
[14.333s] -- Installing: /home/max/ros2fish/chapt3_interface/interface_ws/install/example_ros2_interfaces/lib/libexample_ros2_interfaces__rosidl_typesupport_fastrtps_cpp.so
[14.333s] -- Set runtime path of "/home/max/ros2fish/chapt3_interface/interface_ws/install/example_ros2_interfaces/lib/libexample_ros2_interfaces__rosidl_typesupport_fastrtps_cpp.so" to ""
[14.333s] -- Up-to-date: /home/max/ros2fish/chapt3_interface/interface_ws/install/example_ros2_interfaces/include/example_ros2_interfaces/example_ros2_interfaces
[14.333s] -- Up-to-date: /home/max/ros2fish/chapt3_interface/interface_ws/install/example_ros2_interfaces/include/example_ros2_interfaces/example_ros2_interfaces/srv
[14.333s] -- Up-to-date: /home/max/ros2fish/chapt3_interface/interface_ws/install/example_ros2_interfaces/include/example_ros2_interfaces/example_ros2_interfaces/srv/detail
[14.333s] -- Installing: /home/max/ros2fish/chapt3_interface/interface_ws/install/example_ros2_interfaces/include/example_ros2_interfaces/example_ros2_interfaces/srv/detail/move_robot__rosidl_typesupport_introspection_cpp.hpp
[14.333s] -- Installing: /home/max/ros2fish/chapt3_interface/interface_ws/install/example_ros2_interfaces/include/example_ros2_interfaces/example_ros2_interfaces/srv/detail/move_robot__type_support.cpp
[14.335s] -- Up-to-date: /home/max/ros2fish/chapt3_interface/interface_ws/install/example_ros2_interfaces/include/example_ros2_interfaces/example_ros2_interfaces/msg
[14.335s] -- Up-to-date: /home/max/ros2fish/chapt3_interface/interface_ws/install/example_ros2_interfaces/include/example_ros2_interfaces/example_ros2_interfaces/msg/detail
[14.335s] -- Installing: /home/max/ros2fish/chapt3_interface/interface_ws/install/example_ros2_interfaces/include/example_ros2_interfaces/example_ros2_interfaces/msg/detail/robot_status__type_support.cpp
[14.335s] -- Installing: /home/max/ros2fish/chapt3_interface/interface_ws/install/example_ros2_interfaces/include/example_ros2_interfaces/example_ros2_interfaces/msg/detail/robot_pose__type_support.cpp
[14.335s] -- Installing: /home/max/ros2fish/chapt3_interface/interface_ws/install/example_ros2_interfaces/include/example_ros2_interfaces/example_ros2_interfaces/msg/detail/robot_pose__rosidl_typesupport_introspection_cpp.hpp
[14.335s] -- Installing: /home/max/ros2fish/chapt3_interface/interface_ws/install/example_ros2_interfaces/include/example_ros2_interfaces/example_ros2_interfaces/msg/detail/robot_status__rosidl_typesupport_introspection_cpp.hpp
[14.336s] -- Installing: /home/max/ros2fish/chapt3_interface/interface_ws/install/example_ros2_interfaces/lib/libexample_ros2_interfaces__rosidl_typesupport_introspection_cpp.so
[14.339s] -- Set runtime path of "/home/max/ros2fish/chapt3_interface/interface_ws/install/example_ros2_interfaces/lib/libexample_ros2_interfaces__rosidl_typesupport_introspection_cpp.so" to ""
[14.339s] -- Installing: /home/max/ros2fish/chapt3_interface/interface_ws/install/example_ros2_interfaces/lib/libexample_ros2_interfaces__rosidl_typesupport_cpp.so
[14.340s] -- Set runtime path of "/home/max/ros2fish/chapt3_interface/interface_ws/install/example_ros2_interfaces/lib/libexample_ros2_interfaces__rosidl_typesupport_cpp.so" to ""
[14.340s] -- Installing: /home/max/ros2fish/chapt3_interface/interface_ws/install/example_ros2_interfaces/share/example_ros2_interfaces/environment/pythonpath.sh
[14.340s] -- Installing: /home/max/ros2fish/chapt3_interface/interface_ws/install/example_ros2_interfaces/share/example_ros2_interfaces/environment/pythonpath.dsv
[14.341s] -- Installing: /home/max/ros2fish/chapt3_interface/interface_ws/install/example_ros2_interfaces/local/lib/python3.10/dist-packages/example_ros2_interfaces-0.0.0-py3.10.egg-info
[14.341s] -- Installing: /home/max/ros2fish/chapt3_interface/interface_ws/install/example_ros2_interfaces/local/lib/python3.10/dist-packages/example_ros2_interfaces-0.0.0-py3.10.egg-info/dependency_links.txt
[14.342s] -- Installing: /home/max/ros2fish/chapt3_interface/interface_ws/install/example_ros2_interfaces/local/lib/python3.10/dist-packages/example_ros2_interfaces-0.0.0-py3.10.egg-info/top_level.txt
[14.342s] -- Installing: /home/max/ros2fish/chapt3_interface/interface_ws/install/example_ros2_interfaces/local/lib/python3.10/dist-packages/example_ros2_interfaces-0.0.0-py3.10.egg-info/PKG-INFO
[14.342s] -- Installing: /home/max/ros2fish/chapt3_interface/interface_ws/install/example_ros2_interfaces/local/lib/python3.10/dist-packages/example_ros2_interfaces-0.0.0-py3.10.egg-info/SOURCES.txt
[14.342s] -- Installing: /home/max/ros2fish/chapt3_interface/interface_ws/install/example_ros2_interfaces/local/lib/python3.10/dist-packages/example_ros2_interfaces
[14.342s] -- Installing: /home/max/ros2fish/chapt3_interface/interface_ws/install/example_ros2_interfaces/local/lib/python3.10/dist-packages/example_ros2_interfaces/_example_ros2_interfaces_s.ep.rosidl_typesupport_fastrtps_c.c
[14.343s] -- Installing: /home/max/ros2fish/chapt3_interface/interface_ws/install/example_ros2_interfaces/local/lib/python3.10/dist-packages/example_ros2_interfaces/srv
[14.353s] -- Installing: /home/max/ros2fish/chapt3_interface/interface_ws/install/example_ros2_interfaces/local/lib/python3.10/dist-packages/example_ros2_interfaces/srv/_move_robot.py
[14.353s] -- Installing: /home/max/ros2fish/chapt3_interface/interface_ws/install/example_ros2_interfaces/local/lib/python3.10/dist-packages/example_ros2_interfaces/srv/_move_robot_s.c
[14.353s] -- Installing: /home/max/ros2fish/chapt3_interface/interface_ws/install/example_ros2_interfaces/local/lib/python3.10/dist-packages/example_ros2_interfaces/srv/__init__.py
[14.353s] -- Installing: /home/max/ros2fish/chapt3_interface/interface_ws/install/example_ros2_interfaces/local/lib/python3.10/dist-packages/example_ros2_interfaces/example_ros2_interfaces_s__rosidl_typesupport_fastrtps_c.cpython-310-x86_64-linux-gnu.so
[14.353s] -- Installing: /home/max/ros2fish/chapt3_interface/interface_ws/install/example_ros2_interfaces/local/lib/python3.10/dist-packages/example_ros2_interfaces/example_ros2_interfaces_s__rosidl_typesupport_c.cpython-310-x86_64-linux-gnu.so
[14.353s] -- Installing: /home/max/ros2fish/chapt3_interface/interface_ws/install/example_ros2_interfaces/local/lib/python3.10/dist-packages/example_ros2_interfaces/_example_ros2_interfaces_s.ep.rosidl_typesupport_c.c
[14.355s] -- Installing: /home/max/ros2fish/chapt3_interface/interface_ws/install/example_ros2_interfaces/local/lib/python3.10/dist-packages/example_ros2_interfaces/example_ros2_interfaces_s__rosidl_typesupport_introspection_c.cpython-310-x86_64-linux-gnu.so
[14.355s] -- Installing: /home/max/ros2fish/chapt3_interface/interface_ws/install/example_ros2_interfaces/local/lib/python3.10/dist-packages/example_ros2_interfaces/libexample_ros2_interfaces__rosidl_generator_py.so
[14.355s] -- Installing: /home/max/ros2fish/chapt3_interface/interface_ws/install/example_ros2_interfaces/local/lib/python3.10/dist-packages/example_ros2_interfaces/_example_ros2_interfaces_s.ep.rosidl_typesupport_introspection_c.c
[14.355s] -- Installing: /home/max/ros2fish/chapt3_interface/interface_ws/install/example_ros2_interfaces/local/lib/python3.10/dist-packages/example_ros2_interfaces/msg
[14.355s] -- Installing: /home/max/ros2fish/chapt3_interface/interface_ws/install/example_ros2_interfaces/local/lib/python3.10/dist-packages/example_ros2_interfaces/msg/_robot_pose.py
[14.355s] -- Installing: /home/max/ros2fish/chapt3_interface/interface_ws/install/example_ros2_interfaces/local/lib/python3.10/dist-packages/example_ros2_interfaces/msg/_robot_pose_s.c
[14.356s] -- Installing: /home/max/ros2fish/chapt3_interface/interface_ws/install/example_ros2_interfaces/local/lib/python3.10/dist-packages/example_ros2_interfaces/msg/_robot_status.py
[14.356s] -- Installing: /home/max/ros2fish/chapt3_interface/interface_ws/install/example_ros2_interfaces/local/lib/python3.10/dist-packages/example_ros2_interfaces/msg/_robot_status_s.c
[14.356s] -- Installing: /home/max/ros2fish/chapt3_interface/interface_ws/install/example_ros2_interfaces/local/lib/python3.10/dist-packages/example_ros2_interfaces/msg/__init__.py
[14.356s] -- Installing: /home/max/ros2fish/chapt3_interface/interface_ws/install/example_ros2_interfaces/local/lib/python3.10/dist-packages/example_ros2_interfaces/__init__.py
[14.426s] Listing '/home/max/ros2fish/chapt3_interface/interface_ws/install/example_ros2_interfaces/local/lib/python3.10/dist-packages/example_ros2_interfaces'...
[14.427s] Compiling '/home/max/ros2fish/chapt3_interface/interface_ws/install/example_ros2_interfaces/local/lib/python3.10/dist-packages/example_ros2_interfaces/__init__.py'...
[14.427s] Listing '/home/max/ros2fish/chapt3_interface/interface_ws/install/example_ros2_interfaces/local/lib/python3.10/dist-packages/example_ros2_interfaces/msg'...
[14.427s] Compiling '/home/max/ros2fish/chapt3_interface/interface_ws/install/example_ros2_interfaces/local/lib/python3.10/dist-packages/example_ros2_interfaces/msg/__init__.py'...
[14.427s] Compiling '/home/max/ros2fish/chapt3_interface/interface_ws/install/example_ros2_interfaces/local/lib/python3.10/dist-packages/example_ros2_interfaces/msg/_robot_pose.py'...
[14.427s] Compiling '/home/max/ros2fish/chapt3_interface/interface_ws/install/example_ros2_interfaces/local/lib/python3.10/dist-packages/example_ros2_interfaces/msg/_robot_status.py'...
[14.427s] Listing '/home/max/ros2fish/chapt3_interface/interface_ws/install/example_ros2_interfaces/local/lib/python3.10/dist-packages/example_ros2_interfaces/srv'...
[14.427s] Compiling '/home/max/ros2fish/chapt3_interface/interface_ws/install/example_ros2_interfaces/local/lib/python3.10/dist-packages/example_ros2_interfaces/srv/__init__.py'...
[14.427s] Compiling '/home/max/ros2fish/chapt3_interface/interface_ws/install/example_ros2_interfaces/local/lib/python3.10/dist-packages/example_ros2_interfaces/srv/_move_robot.py'...
[14.438s] -- Installing: /home/max/ros2fish/chapt3_interface/interface_ws/install/example_ros2_interfaces/local/lib/python3.10/dist-packages/example_ros2_interfaces/example_ros2_interfaces_s__rosidl_typesupport_fastrtps_c.cpython-310-x86_64-linux-gnu.so
[14.438s] -- Set runtime path of "/home/max/ros2fish/chapt3_interface/interface_ws/install/example_ros2_interfaces/local/lib/python3.10/dist-packages/example_ros2_interfaces/example_ros2_interfaces_s__rosidl_typesupport_fastrtps_c.cpython-310-x86_64-linux-gnu.so" to ""
[14.438s] -- Installing: /home/max/ros2fish/chapt3_interface/interface_ws/install/example_ros2_interfaces/local/lib/python3.10/dist-packages/example_ros2_interfaces/example_ros2_interfaces_s__rosidl_typesupport_introspection_c.cpython-310-x86_64-linux-gnu.so
[14.438s] -- Set runtime path of "/home/max/ros2fish/chapt3_interface/interface_ws/install/example_ros2_interfaces/local/lib/python3.10/dist-packages/example_ros2_interfaces/example_ros2_interfaces_s__rosidl_typesupport_introspection_c.cpython-310-x86_64-linux-gnu.so" to ""
[14.438s] -- Installing: /home/max/ros2fish/chapt3_interface/interface_ws/install/example_ros2_interfaces/local/lib/python3.10/dist-packages/example_ros2_interfaces/example_ros2_interfaces_s__rosidl_typesupport_c.cpython-310-x86_64-linux-gnu.so
[14.438s] -- Set runtime path of "/home/max/ros2fish/chapt3_interface/interface_ws/install/example_ros2_interfaces/local/lib/python3.10/dist-packages/example_ros2_interfaces/example_ros2_interfaces_s__rosidl_typesupport_c.cpython-310-x86_64-linux-gnu.so" to ""
[14.440s] -- Installing: /home/max/ros2fish/chapt3_interface/interface_ws/install/example_ros2_interfaces/lib/libexample_ros2_interfaces__rosidl_generator_py.so
[14.440s] -- Set runtime path of "/home/max/ros2fish/chapt3_interface/interface_ws/install/example_ros2_interfaces/lib/libexample_ros2_interfaces__rosidl_generator_py.so" to ""
[14.441s] -- Installing: /home/max/ros2fish/chapt3_interface/interface_ws/install/example_ros2_interfaces/share/example_ros2_interfaces/msg/RobotPose.idl
[14.441s] -- Installing: /home/max/ros2fish/chapt3_interface/interface_ws/install/example_ros2_interfaces/share/example_ros2_interfaces/msg/RobotStatus.idl
[14.441s] -- Installing: /home/max/ros2fish/chapt3_interface/interface_ws/install/example_ros2_interfaces/share/example_ros2_interfaces/srv/MoveRobot.idl
[14.441s] -- Installing: /home/max/ros2fish/chapt3_interface/interface_ws/install/example_ros2_interfaces/share/example_ros2_interfaces/msg/RobotPose.msg
[14.442s] -- Installing: /home/max/ros2fish/chapt3_interface/interface_ws/install/example_ros2_interfaces/share/example_ros2_interfaces/msg/RobotStatus.msg
[14.442s] -- Installing: /home/max/ros2fish/chapt3_interface/interface_ws/install/example_ros2_interfaces/share/example_ros2_interfaces/srv/MoveRobot.srv
[14.442s] -- Installing: /home/max/ros2fish/chapt3_interface/interface_ws/install/example_ros2_interfaces/share/example_ros2_interfaces/srv/MoveRobot_Request.msg
[14.442s] -- Installing: /home/max/ros2fish/chapt3_interface/interface_ws/install/example_ros2_interfaces/share/example_ros2_interfaces/srv/MoveRobot_Response.msg
[14.442s] -- Installing: /home/max/ros2fish/chapt3_interface/interface_ws/install/example_ros2_interfaces/share/ament_index/resource_index/package_run_dependencies/example_ros2_interfaces
[14.443s] -- Installing: /home/max/ros2fish/chapt3_interface/interface_ws/install/example_ros2_interfaces/share/ament_index/resource_index/parent_prefix_path/example_ros2_interfaces
[14.449s] -- Installing: /home/max/ros2fish/chapt3_interface/interface_ws/install/example_ros2_interfaces/share/example_ros2_interfaces/environment/ament_prefix_path.sh
[14.450s] -- Installing: /home/max/ros2fish/chapt3_interface/interface_ws/install/example_ros2_interfaces/share/example_ros2_interfaces/environment/ament_prefix_path.dsv
[14.450s] -- Installing: /home/max/ros2fish/chapt3_interface/interface_ws/install/example_ros2_interfaces/share/example_ros2_interfaces/environment/path.sh
[14.451s] -- Installing: /home/max/ros2fish/chapt3_interface/interface_ws/install/example_ros2_interfaces/share/example_ros2_interfaces/environment/path.dsv
[14.451s] -- Installing: /home/max/ros2fish/chapt3_interface/interface_ws/install/example_ros2_interfaces/share/example_ros2_interfaces/local_setup.bash
[14.452s] -- Installing: /home/max/ros2fish/chapt3_interface/interface_ws/install/example_ros2_interfaces/share/example_ros2_interfaces/local_setup.sh
[14.452s] -- Installing: /home/max/ros2fish/chapt3_interface/interface_ws/install/example_ros2_interfaces/share/example_ros2_interfaces/local_setup.zsh
[14.452s] -- Installing: /home/max/ros2fish/chapt3_interface/interface_ws/install/example_ros2_interfaces/share/example_ros2_interfaces/local_setup.dsv
[14.453s] -- Installing: /home/max/ros2fish/chapt3_interface/interface_ws/install/example_ros2_interfaces/share/example_ros2_interfaces/package.dsv
[14.453s] -- Installing: /home/max/ros2fish/chapt3_interface/interface_ws/install/example_ros2_interfaces/share/ament_index/resource_index/packages/example_ros2_interfaces
[14.453s] -- Installing: /home/max/ros2fish/chapt3_interface/interface_ws/install/example_ros2_interfaces/share/example_ros2_interfaces/cmake/export_example_ros2_interfaces__rosidl_generator_cExport.cmake
[14.454s] -- Installing: /home/max/ros2fish/chapt3_interface/interface_ws/install/example_ros2_interfaces/share/example_ros2_interfaces/cmake/export_example_ros2_interfaces__rosidl_generator_cExport-noconfig.cmake
[14.454s] -- Installing: /home/max/ros2fish/chapt3_interface/interface_ws/install/example_ros2_interfaces/share/example_ros2_interfaces/cmake/export_example_ros2_interfaces__rosidl_typesupport_fastrtps_cExport.cmake
[14.454s] -- Installing: /home/max/ros2fish/chapt3_interface/interface_ws/install/example_ros2_interfaces/share/example_ros2_interfaces/cmake/export_example_ros2_interfaces__rosidl_typesupport_fastrtps_cExport-noconfig.cmake
[14.454s] -- Installing: /home/max/ros2fish/chapt3_interface/interface_ws/install/example_ros2_interfaces/share/example_ros2_interfaces/cmake/example_ros2_interfaces__rosidl_typesupport_introspection_cExport.cmake
[14.454s] -- Installing: /home/max/ros2fish/chapt3_interface/interface_ws/install/example_ros2_interfaces/share/example_ros2_interfaces/cmake/example_ros2_interfaces__rosidl_typesupport_introspection_cExport-noconfig.cmake
[14.455s] -- Installing: /home/max/ros2fish/chapt3_interface/interface_ws/install/example_ros2_interfaces/share/example_ros2_interfaces/cmake/example_ros2_interfaces__rosidl_typesupport_cExport.cmake
[14.455s] -- Installing: /home/max/ros2fish/chapt3_interface/interface_ws/install/example_ros2_interfaces/share/example_ros2_interfaces/cmake/example_ros2_interfaces__rosidl_typesupport_cExport-noconfig.cmake
[14.455s] -- Installing: /home/max/ros2fish/chapt3_interface/interface_ws/install/example_ros2_interfaces/share/example_ros2_interfaces/cmake/export_example_ros2_interfaces__rosidl_generator_cppExport.cmake
[14.455s] -- Installing: /home/max/ros2fish/chapt3_interface/interface_ws/install/example_ros2_interfaces/share/example_ros2_interfaces/cmake/export_example_ros2_interfaces__rosidl_typesupport_fastrtps_cppExport.cmake
[14.456s] -- Installing: /home/max/ros2fish/chapt3_interface/interface_ws/install/example_ros2_interfaces/share/example_ros2_interfaces/cmake/export_example_ros2_interfaces__rosidl_typesupport_fastrtps_cppExport-noconfig.cmake
[14.456s] -- Installing: /home/max/ros2fish/chapt3_interface/interface_ws/install/example_ros2_interfaces/share/example_ros2_interfaces/cmake/example_ros2_interfaces__rosidl_typesupport_introspection_cppExport.cmake
[14.456s] -- Installing: /home/max/ros2fish/chapt3_interface/interface_ws/install/example_ros2_interfaces/share/example_ros2_interfaces/cmake/example_ros2_interfaces__rosidl_typesupport_introspection_cppExport-noconfig.cmake
[14.456s] -- Installing: /home/max/ros2fish/chapt3_interface/interface_ws/install/example_ros2_interfaces/share/example_ros2_interfaces/cmake/example_ros2_interfaces__rosidl_typesupport_cppExport.cmake
[14.456s] -- Installing: /home/max/ros2fish/chapt3_interface/interface_ws/install/example_ros2_interfaces/share/example_ros2_interfaces/cmake/example_ros2_interfaces__rosidl_typesupport_cppExport-noconfig.cmake
[14.457s] -- Installing: /home/max/ros2fish/chapt3_interface/interface_ws/install/example_ros2_interfaces/share/example_ros2_interfaces/cmake/export_example_ros2_interfaces__rosidl_generator_pyExport.cmake
[14.457s] -- Installing: /home/max/ros2fish/chapt3_interface/interface_ws/install/example_ros2_interfaces/share/example_ros2_interfaces/cmake/export_example_ros2_interfaces__rosidl_generator_pyExport-noconfig.cmake
[14.457s] -- Installing: /home/max/ros2fish/chapt3_interface/interface_ws/install/example_ros2_interfaces/share/example_ros2_interfaces/cmake/rosidl_cmake-extras.cmake
[14.457s] -- Installing: /home/max/ros2fish/chapt3_interface/interface_ws/install/example_ros2_interfaces/share/example_ros2_interfaces/cmake/ament_cmake_export_dependencies-extras.cmake
[14.457s] -- Installing: /home/max/ros2fish/chapt3_interface/interface_ws/install/example_ros2_interfaces/share/example_ros2_interfaces/cmake/ament_cmake_export_include_directories-extras.cmake
[14.458s] -- Installing: /home/max/ros2fish/chapt3_interface/interface_ws/install/example_ros2_interfaces/share/example_ros2_interfaces/cmake/ament_cmake_export_libraries-extras.cmake
[14.458s] -- Installing: /home/max/ros2fish/chapt3_interface/interface_ws/install/example_ros2_interfaces/share/example_ros2_interfaces/cmake/ament_cmake_export_targets-extras.cmake
[14.458s] -- Installing: /home/max/ros2fish/chapt3_interface/interface_ws/install/example_ros2_interfaces/share/example_ros2_interfaces/cmake/rosidl_cmake_export_typesupport_targets-extras.cmake
[14.458s] -- Installing: /home/max/ros2fish/chapt3_interface/interface_ws/install/example_ros2_interfaces/share/example_ros2_interfaces/cmake/rosidl_cmake_export_typesupport_libraries-extras.cmake
[14.458s] -- Installing: /home/max/ros2fish/chapt3_interface/interface_ws/install/example_ros2_interfaces/share/example_ros2_interfaces/cmake/example_ros2_interfacesConfig.cmake
[14.458s] -- Installing: /home/max/ros2fish/chapt3_interface/interface_ws/install/example_ros2_interfaces/share/example_ros2_interfaces/cmake/example_ros2_interfacesConfig-version.cmake
[14.464s] -- Installing: /home/max/ros2fish/chapt3_interface/interface_ws/install/example_ros2_interfaces/share/example_ros2_interfaces/package.xml
[14.471s] Invoked command in '/home/max/ros2fish/chapt3_interface/interface_ws/build/example_ros2_interfaces' returned '0': CMAKE_PREFIX_PATH=/opt/ros/humble /usr/bin/cmake --install /home/max/ros2fish/chapt3_interface/interface_ws/build/example_ros2_interfaces
