[0.020s] Invoking command in '/home/max/ros2fish/chapt3_interface/interface_ws/build/example_interfaces_rclcpp': AMENT_PREFIX_PATH=/home/max/ros2fish/chapt3_interface/interface_ws/install/example_ros2_interfaces:${AMENT_PREFIX_PATH} CMAKE_PREFIX_PATH=/home/max/ros2fish/chapt3_interface/interface_ws/install/example_ros2_interfaces:/opt/ros/humble LD_LIBRARY_PATH=/home/max/ros2fish/chapt3_interface/interface_ws/install/example_ros2_interfaces/lib:${LD_LIBRARY_PATH} PYTHONPATH=/home/max/ros2fish/chapt3_interface/interface_ws/install/example_ros2_interfaces/local/lib/python3.10/dist-packages:${PYTHONPATH} /usr/bin/cmake /home/max/ros2fish/chapt3_interface/interface_ws/src/example_interfaces_rclcpp -DCMAKE_INSTALL_PREFIX=/home/max/ros2fish/chapt3_interface/interface_ws/install/example_interfaces_rclcpp
[0.315s] -- The C compiler identification is GNU 11.4.0
[0.541s] -- The CXX compiler identification is GNU 11.4.0
[0.552s] -- Detecting C compiler ABI info
[0.718s] -- Detecting C compiler ABI info - done
[0.724s] -- Check for working C compiler: /usr/bin/cc - skipped
[0.728s] -- Detecting C compile features
[0.730s] -- Detecting C compile features - done
[0.734s] -- Detecting CXX compiler ABI info
[0.958s] -- Detecting CXX compiler ABI info - done
[0.959s] -- Check for working CXX compiler: /usr/bin/c++ - skipped
[0.959s] -- Detecting CXX compile features
[0.961s] -- Detecting CXX compile features - done
[0.971s] -- Found ament_cmake: 1.3.8 (/opt/ros/humble/share/ament_cmake/cmake)
[1.259s] -- Found Python3: /usr/bin/python3 (found version "3.10.12") found components: Interpreter 
[1.462s] -- Found rclcpp: 16.0.8 (/opt/ros/humble/share/rclcpp/cmake)
[1.537s] -- Found rosidl_generator_c: 3.1.5 (/opt/ros/humble/share/rosidl_generator_c/cmake)
[1.545s] -- Found rosidl_adapter: 3.1.5 (/opt/ros/humble/share/rosidl_adapter/cmake)
[1.555s] -- Found rosidl_generator_cpp: 3.1.5 (/opt/ros/humble/share/rosidl_generator_cpp/cmake)
[1.591s] -- Using all available rosidl_typesupport_c: rosidl_typesupport_fastrtps_c;rosidl_typesupport_introspection_c
[1.632s] -- Using all available rosidl_typesupport_cpp: rosidl_typesupport_fastrtps_cpp;rosidl_typesupport_introspection_cpp
[1.780s] -- Found rmw_implementation_cmake: 6.1.1 (/opt/ros/humble/share/rmw_implementation_cmake/cmake)
[1.788s] -- Found rmw_fastrtps_cpp: 6.2.6 (/opt/ros/humble/share/rmw_fastrtps_cpp/cmake)
[2.036s] -- Found OpenSSL: /usr/lib/x86_64-linux-gnu/libcrypto.so (found version "3.0.2")  
[2.093s] -- Found FastRTPS: /opt/ros/humble/include  
[2.177s] -- Using RMW implementation 'rmw_fastrtps_cpp' as default
[2.208s] -- Looking for pthread.h
[2.396s] -- Looking for pthread.h - found
[2.397s] -- Performing Test CMAKE_HAVE_LIBC_PTHREAD
[2.572s] -- Performing Test CMAKE_HAVE_LIBC_PTHREAD - Success
[2.572s] -- Found Threads: TRUE  
[2.888s] -- Found example_ros2_interfaces: 0.0.0 (/home/max/ros2fish/chapt3_interface/interface_ws/install/example_ros2_interfaces/share/example_ros2_interfaces/cmake)
[3.060s] -- Found ament_lint_auto: 0.12.10 (/opt/ros/humble/share/ament_lint_auto/cmake)
[3.154s] -- Added test 'cppcheck' to perform static code analysis on C / C++ code
[3.154s] -- Configured cppcheck include dirs: 
[3.154s] -- Configured cppcheck exclude dirs and/or files: 
[3.155s] -- Added test 'lint_cmake' to check CMake code style
[3.156s] -- Added test 'uncrustify' to check C / C++ code style
[3.156s] -- Configured uncrustify additional arguments: 
[3.157s] -- Added test 'xmllint' to check XML markup files
[3.160s] -- Configuring done
[3.178s] -- Generating done
[3.180s] -- Build files have been written to: /home/max/ros2fish/chapt3_interface/interface_ws/build/example_interfaces_rclcpp
[3.195s] Invoked command in '/home/max/ros2fish/chapt3_interface/interface_ws/build/example_interfaces_rclcpp' returned '0': AMENT_PREFIX_PATH=/home/max/ros2fish/chapt3_interface/interface_ws/install/example_ros2_interfaces:${AMENT_PREFIX_PATH} CMAKE_PREFIX_PATH=/home/max/ros2fish/chapt3_interface/interface_ws/install/example_ros2_interfaces:/opt/ros/humble LD_LIBRARY_PATH=/home/max/ros2fish/chapt3_interface/interface_ws/install/example_ros2_interfaces/lib:${LD_LIBRARY_PATH} PYTHONPATH=/home/max/ros2fish/chapt3_interface/interface_ws/install/example_ros2_interfaces/local/lib/python3.10/dist-packages:${PYTHONPATH} /usr/bin/cmake /home/max/ros2fish/chapt3_interface/interface_ws/src/example_interfaces_rclcpp -DCMAKE_INSTALL_PREFIX=/home/max/ros2fish/chapt3_interface/interface_ws/install/example_interfaces_rclcpp
[3.199s] Invoking command in '/home/max/ros2fish/chapt3_interface/interface_ws/build/example_interfaces_rclcpp': AMENT_PREFIX_PATH=/home/max/ros2fish/chapt3_interface/interface_ws/install/example_ros2_interfaces:${AMENT_PREFIX_PATH} CMAKE_PREFIX_PATH=/home/max/ros2fish/chapt3_interface/interface_ws/install/example_ros2_interfaces:/opt/ros/humble LD_LIBRARY_PATH=/home/max/ros2fish/chapt3_interface/interface_ws/install/example_ros2_interfaces/lib:${LD_LIBRARY_PATH} PYTHONPATH=/home/max/ros2fish/chapt3_interface/interface_ws/install/example_ros2_interfaces/local/lib/python3.10/dist-packages:${PYTHONPATH} /usr/bin/cmake --build /home/max/ros2fish/chapt3_interface/interface_ws/build/example_interfaces_rclcpp -- -j2 -l2
[3.297s] [ 25%] [32mBuilding CXX object CMakeFiles/example_interfaces_control_01_node.dir/src/example_interfaces_control_01_node.cpp.o[0m
[8.782s] [ 50%] [32m[1mLinking CXX executable example_interfaces_control_01_node[0m
[9.140s] [ 50%] Built target example_interfaces_control_01_node
[9.171s] [ 75%] [32mBuilding CXX object CMakeFiles/example_interfaces_robot_01_node.dir/src/example_interfaces_robot_01_node.cpp.o[0m
[12.966s] [100%] [32m[1mLinking CXX executable example_interfaces_robot_01_node[0m
[13.154s] [100%] Built target example_interfaces_robot_01_node
[13.175s] Invoked command in '/home/max/ros2fish/chapt3_interface/interface_ws/build/example_interfaces_rclcpp' returned '0': AMENT_PREFIX_PATH=/home/max/ros2fish/chapt3_interface/interface_ws/install/example_ros2_interfaces:${AMENT_PREFIX_PATH} CMAKE_PREFIX_PATH=/home/max/ros2fish/chapt3_interface/interface_ws/install/example_ros2_interfaces:/opt/ros/humble LD_LIBRARY_PATH=/home/max/ros2fish/chapt3_interface/interface_ws/install/example_ros2_interfaces/lib:${LD_LIBRARY_PATH} PYTHONPATH=/home/max/ros2fish/chapt3_interface/interface_ws/install/example_ros2_interfaces/local/lib/python3.10/dist-packages:${PYTHONPATH} /usr/bin/cmake --build /home/max/ros2fish/chapt3_interface/interface_ws/build/example_interfaces_rclcpp -- -j2 -l2
[13.232s] Invoking command in '/home/max/ros2fish/chapt3_interface/interface_ws/build/example_interfaces_rclcpp': AMENT_PREFIX_PATH=/home/max/ros2fish/chapt3_interface/interface_ws/install/example_ros2_interfaces:${AMENT_PREFIX_PATH} CMAKE_PREFIX_PATH=/home/max/ros2fish/chapt3_interface/interface_ws/install/example_ros2_interfaces:/opt/ros/humble LD_LIBRARY_PATH=/home/max/ros2fish/chapt3_interface/interface_ws/install/example_ros2_interfaces/lib:${LD_LIBRARY_PATH} PYTHONPATH=/home/max/ros2fish/chapt3_interface/interface_ws/install/example_ros2_interfaces/local/lib/python3.10/dist-packages:${PYTHONPATH} /usr/bin/cmake --install /home/max/ros2fish/chapt3_interface/interface_ws/build/example_interfaces_rclcpp
[13.248s] -- Install configuration: ""
[13.248s] -- Installing: /home/max/ros2fish/chapt3_interface/interface_ws/install/example_interfaces_rclcpp/share/ament_index/resource_index/package_run_dependencies/example_interfaces_rclcpp
[13.248s] -- Installing: /home/max/ros2fish/chapt3_interface/interface_ws/install/example_interfaces_rclcpp/share/ament_index/resource_index/parent_prefix_path/example_interfaces_rclcpp
[13.248s] -- Installing: /home/max/ros2fish/chapt3_interface/interface_ws/install/example_interfaces_rclcpp/share/example_interfaces_rclcpp/environment/ament_prefix_path.sh
[13.248s] -- Installing: /home/max/ros2fish/chapt3_interface/interface_ws/install/example_interfaces_rclcpp/share/example_interfaces_rclcpp/environment/ament_prefix_path.dsv
[13.248s] -- Installing: /home/max/ros2fish/chapt3_interface/interface_ws/install/example_interfaces_rclcpp/share/example_interfaces_rclcpp/environment/path.sh
[13.248s] -- Installing: /home/max/ros2fish/chapt3_interface/interface_ws/install/example_interfaces_rclcpp/share/example_interfaces_rclcpp/environment/path.dsv
[13.248s] -- Installing: /home/max/ros2fish/chapt3_interface/interface_ws/install/example_interfaces_rclcpp/share/example_interfaces_rclcpp/local_setup.bash
[13.248s] -- Installing: /home/max/ros2fish/chapt3_interface/interface_ws/install/example_interfaces_rclcpp/share/example_interfaces_rclcpp/local_setup.sh
[13.248s] -- Installing: /home/max/ros2fish/chapt3_interface/interface_ws/install/example_interfaces_rclcpp/share/example_interfaces_rclcpp/local_setup.zsh
[13.249s] -- Installing: /home/max/ros2fish/chapt3_interface/interface_ws/install/example_interfaces_rclcpp/share/example_interfaces_rclcpp/local_setup.dsv
[13.249s] -- Installing: /home/max/ros2fish/chapt3_interface/interface_ws/install/example_interfaces_rclcpp/share/example_interfaces_rclcpp/package.dsv
[13.249s] -- Installing: /home/max/ros2fish/chapt3_interface/interface_ws/install/example_interfaces_rclcpp/share/ament_index/resource_index/packages/example_interfaces_rclcpp
[13.249s] -- Installing: /home/max/ros2fish/chapt3_interface/interface_ws/install/example_interfaces_rclcpp/share/example_interfaces_rclcpp/cmake/example_interfaces_rclcppConfig.cmake
[13.249s] -- Installing: /home/max/ros2fish/chapt3_interface/interface_ws/install/example_interfaces_rclcpp/share/example_interfaces_rclcpp/cmake/example_interfaces_rclcppConfig-version.cmake
[13.249s] -- Installing: /home/max/ros2fish/chapt3_interface/interface_ws/install/example_interfaces_rclcpp/share/example_interfaces_rclcpp/package.xml
[13.249s] -- Installing: /home/max/ros2fish/chapt3_interface/interface_ws/install/example_interfaces_rclcpp/lib/example_interfaces_rclcpp/example_interfaces_control_01_node
[13.249s] -- Set runtime path of "/home/max/ros2fish/chapt3_interface/interface_ws/install/example_interfaces_rclcpp/lib/example_interfaces_rclcpp/example_interfaces_control_01_node" to ""
[13.249s] -- Installing: /home/max/ros2fish/chapt3_interface/interface_ws/install/example_interfaces_rclcpp/lib/example_interfaces_rclcpp/example_interfaces_robot_01_node
[13.249s] -- Set runtime path of "/home/max/ros2fish/chapt3_interface/interface_ws/install/example_interfaces_rclcpp/lib/example_interfaces_rclcpp/example_interfaces_robot_01_node" to ""
[13.265s] Invoked command in '/home/max/ros2fish/chapt3_interface/interface_ws/build/example_interfaces_rclcpp' returned '0': AMENT_PREFIX_PATH=/home/max/ros2fish/chapt3_interface/interface_ws/install/example_ros2_interfaces:${AMENT_PREFIX_PATH} CMAKE_PREFIX_PATH=/home/max/ros2fish/chapt3_interface/interface_ws/install/example_ros2_interfaces:/opt/ros/humble LD_LIBRARY_PATH=/home/max/ros2fish/chapt3_interface/interface_ws/install/example_ros2_interfaces/lib:${LD_LIBRARY_PATH} PYTHONPATH=/home/max/ros2fish/chapt3_interface/interface_ws/install/example_ros2_interfaces/local/lib/python3.10/dist-packages:${PYTHONPATH} /usr/bin/cmake --install /home/max/ros2fish/chapt3_interface/interface_ws/build/example_interfaces_rclcpp
