[0.111s] DEBUG:colcon:Command line arguments: ['/usr/bin/colcon', 'build']
[0.111s] DEBUG:colcon:Parsed command line arguments: Namespace(log_base=None, log_level=None, verb_name='build', build_base='build', install_base='install', merge_install=False, symlink_install=False, test_result_base=None, continue_on_error=False, executor='parallel', parallel_workers=2, event_handlers=None, ignore_user_meta=False, metas=['./colcon.meta'], base_paths=['.'], packages_ignore=None, packages_ignore_regex=None, paths=None, packages_up_to=None, packages_up_to_regex=None, packages_above=None, packages_above_and_dependencies=None, packages_above_depth=None, packages_select_by_dep=None, packages_skip_by_dep=None, packages_skip_up_to=None, packages_select_build_failed=False, packages_skip_build_finished=False, packages_select_test_failures=False, packages_skip_test_passed=False, packages_select=None, packages_skip=None, packages_select_regex=None, packages_skip_regex=None, packages_start=None, packages_end=None, allow_overriding=[], cmake_args=None, cmake_target=None, cmake_target_skip_unavailable=False, cmake_clean_cache=False, cmake_clean_first=False, cmake_force_configure=False, ament_cmake_args=None, catkin_cmake_args=None, catkin_skip_building_tests=False, verb_parser=<colcon_defaults.argument_parser.defaults.DefaultArgumentsDecorator object at 0x74f7350fbd60>, verb_extension=<colcon_core.verb.build.BuildVerb object at 0x74f7350fad70>, main=<bound method BuildVerb.main of <colcon_core.verb.build.BuildVerb object at 0x74f7350fad70>>)
[0.288s] Level 1:colcon.colcon_core.package_discovery:discover_packages(colcon_meta) check parameters
[0.288s] Level 1:colcon.colcon_core.package_discovery:discover_packages(recursive) check parameters
[0.289s] Level 1:colcon.colcon_core.package_discovery:discover_packages(ignore) check parameters
[0.289s] Level 1:colcon.colcon_core.package_discovery:discover_packages(path) check parameters
[0.289s] Level 1:colcon.colcon_core.package_discovery:discover_packages(colcon_meta) discover
[0.289s] Level 1:colcon.colcon_core.package_discovery:discover_packages(recursive) discover
[0.289s] INFO:colcon.colcon_core.package_discovery:Crawling recursively for packages in '/home/max/ros2fish/chapt3_interface/interface_ws'
[0.289s] Level 1:colcon.colcon_core.package_identification:_identify(.) by extensions ['ignore', 'ignore_ament_install']
[0.289s] Level 1:colcon.colcon_core.package_identification:_identify(.) by extension 'ignore'
[0.289s] Level 1:colcon.colcon_core.package_identification:_identify(.) by extension 'ignore_ament_install'
[0.290s] Level 1:colcon.colcon_core.package_identification:_identify(.) by extensions ['colcon_pkg']
[0.290s] Level 1:colcon.colcon_core.package_identification:_identify(.) by extension 'colcon_pkg'
[0.290s] Level 1:colcon.colcon_core.package_identification:_identify(.) by extensions ['colcon_meta']
[0.290s] Level 1:colcon.colcon_core.package_identification:_identify(.) by extension 'colcon_meta'
[0.290s] Level 1:colcon.colcon_core.package_identification:_identify(.) by extensions ['ros']
[0.290s] Level 1:colcon.colcon_core.package_identification:_identify(.) by extension 'ros'
[0.302s] Level 1:colcon.colcon_core.package_identification:_identify(.) by extensions ['cmake', 'python']
[0.302s] Level 1:colcon.colcon_core.package_identification:_identify(.) by extension 'cmake'
[0.303s] Level 1:colcon.colcon_core.package_identification:_identify(.) by extension 'python'
[0.303s] Level 1:colcon.colcon_core.package_identification:_identify(.) by extensions ['python_setup_py']
[0.303s] Level 1:colcon.colcon_core.package_identification:_identify(.) by extension 'python_setup_py'
[0.303s] Level 1:colcon.colcon_core.package_identification:_identify(build) by extensions ['ignore', 'ignore_ament_install']
[0.303s] Level 1:colcon.colcon_core.package_identification:_identify(build) by extension 'ignore'
[0.303s] Level 1:colcon.colcon_core.package_identification:_identify(build) ignored
[0.303s] Level 1:colcon.colcon_core.package_identification:_identify(install) by extensions ['ignore', 'ignore_ament_install']
[0.304s] Level 1:colcon.colcon_core.package_identification:_identify(install) by extension 'ignore'
[0.304s] Level 1:colcon.colcon_core.package_identification:_identify(install) ignored
[0.304s] Level 1:colcon.colcon_core.package_identification:_identify(log) by extensions ['ignore', 'ignore_ament_install']
[0.304s] Level 1:colcon.colcon_core.package_identification:_identify(log) by extension 'ignore'
[0.304s] Level 1:colcon.colcon_core.package_identification:_identify(log) ignored
[0.304s] Level 1:colcon.colcon_core.package_identification:_identify(src) by extensions ['ignore', 'ignore_ament_install']
[0.305s] Level 1:colcon.colcon_core.package_identification:_identify(src) by extension 'ignore'
[0.305s] Level 1:colcon.colcon_core.package_identification:_identify(src) by extension 'ignore_ament_install'
[0.305s] Level 1:colcon.colcon_core.package_identification:_identify(src) by extensions ['colcon_pkg']
[0.305s] Level 1:colcon.colcon_core.package_identification:_identify(src) by extension 'colcon_pkg'
[0.305s] Level 1:colcon.colcon_core.package_identification:_identify(src) by extensions ['colcon_meta']
[0.305s] Level 1:colcon.colcon_core.package_identification:_identify(src) by extension 'colcon_meta'
[0.305s] Level 1:colcon.colcon_core.package_identification:_identify(src) by extensions ['ros']
[0.305s] Level 1:colcon.colcon_core.package_identification:_identify(src) by extension 'ros'
[0.305s] Level 1:colcon.colcon_core.package_identification:_identify(src) by extensions ['cmake', 'python']
[0.306s] Level 1:colcon.colcon_core.package_identification:_identify(src) by extension 'cmake'
[0.306s] Level 1:colcon.colcon_core.package_identification:_identify(src) by extension 'python'
[0.306s] Level 1:colcon.colcon_core.package_identification:_identify(src) by extensions ['python_setup_py']
[0.306s] Level 1:colcon.colcon_core.package_identification:_identify(src) by extension 'python_setup_py'
[0.306s] Level 1:colcon.colcon_core.package_identification:_identify(src/example_ros2_interfaces) by extensions ['ignore', 'ignore_ament_install']
[0.306s] Level 1:colcon.colcon_core.package_identification:_identify(src/example_ros2_interfaces) by extension 'ignore'
[0.307s] Level 1:colcon.colcon_core.package_identification:_identify(src/example_ros2_interfaces) by extension 'ignore_ament_install'
[0.307s] Level 1:colcon.colcon_core.package_identification:_identify(src/example_ros2_interfaces) by extensions ['colcon_pkg']
[0.307s] Level 1:colcon.colcon_core.package_identification:_identify(src/example_ros2_interfaces) by extension 'colcon_pkg'
[0.307s] Level 1:colcon.colcon_core.package_identification:_identify(src/example_ros2_interfaces) by extensions ['colcon_meta']
[0.307s] Level 1:colcon.colcon_core.package_identification:_identify(src/example_ros2_interfaces) by extension 'colcon_meta'
[0.307s] Level 1:colcon.colcon_core.package_identification:_identify(src/example_ros2_interfaces) by extensions ['ros']
[0.308s] Level 1:colcon.colcon_core.package_identification:_identify(src/example_ros2_interfaces) by extension 'ros'
[0.310s] DEBUG:colcon.colcon_core.package_identification:Package 'src/example_ros2_interfaces' with type 'ros.ament_cmake' and name 'example_ros2_interfaces'
[0.310s] Level 1:colcon.colcon_core.package_discovery:discover_packages(recursive) using defaults
[0.311s] Level 1:colcon.colcon_core.package_discovery:discover_packages(ignore) discover
[0.311s] Level 1:colcon.colcon_core.package_discovery:discover_packages(ignore) using defaults
[0.311s] Level 1:colcon.colcon_core.package_discovery:discover_packages(path) discover
[0.311s] Level 1:colcon.colcon_core.package_discovery:discover_packages(path) using defaults
[0.330s] Level 1:colcon.colcon_core.package_discovery:discover_packages(prefix_path) check parameters
[0.330s] Level 1:colcon.colcon_core.package_discovery:discover_packages(prefix_path) discover
[0.333s] DEBUG:colcon.colcon_installed_package_information.package_discovery:Found 270 installed packages in /opt/ros/humble
[0.335s] Level 1:colcon.colcon_core.package_discovery:discover_packages(prefix_path) using defaults
[0.383s] Level 5:colcon.colcon_core.verb:set package 'example_ros2_interfaces' build argument 'cmake_args' from command line to 'None'
[0.384s] Level 5:colcon.colcon_core.verb:set package 'example_ros2_interfaces' build argument 'cmake_target' from command line to 'None'
[0.384s] Level 5:colcon.colcon_core.verb:set package 'example_ros2_interfaces' build argument 'cmake_target_skip_unavailable' from command line to 'False'
[0.384s] Level 5:colcon.colcon_core.verb:set package 'example_ros2_interfaces' build argument 'cmake_clean_cache' from command line to 'False'
[0.384s] Level 5:colcon.colcon_core.verb:set package 'example_ros2_interfaces' build argument 'cmake_clean_first' from command line to 'False'
[0.384s] Level 5:colcon.colcon_core.verb:set package 'example_ros2_interfaces' build argument 'cmake_force_configure' from command line to 'False'
[0.384s] Level 5:colcon.colcon_core.verb:set package 'example_ros2_interfaces' build argument 'ament_cmake_args' from command line to 'None'
[0.384s] Level 5:colcon.colcon_core.verb:set package 'example_ros2_interfaces' build argument 'catkin_cmake_args' from command line to 'None'
[0.384s] Level 5:colcon.colcon_core.verb:set package 'example_ros2_interfaces' build argument 'catkin_skip_building_tests' from command line to 'False'
[0.384s] DEBUG:colcon.colcon_core.verb:Building package 'example_ros2_interfaces' with the following arguments: {'ament_cmake_args': None, 'build_base': '/home/max/ros2fish/chapt3_interface/interface_ws/build/example_ros2_interfaces', 'catkin_cmake_args': None, 'catkin_skip_building_tests': False, 'cmake_args': None, 'cmake_clean_cache': False, 'cmake_clean_first': False, 'cmake_force_configure': False, 'cmake_target': None, 'cmake_target_skip_unavailable': False, 'install_base': '/home/max/ros2fish/chapt3_interface/interface_ws/install/example_ros2_interfaces', 'merge_install': False, 'path': '/home/max/ros2fish/chapt3_interface/interface_ws/src/example_ros2_interfaces', 'symlink_install': False, 'test_result_base': None}
[0.385s] INFO:colcon.colcon_core.executor:Executing jobs using 'parallel' executor
[0.386s] DEBUG:colcon.colcon_parallel_executor.executor.parallel:run_until_complete
[0.387s] INFO:colcon.colcon_ros.task.ament_cmake.build:Building ROS package in '/home/max/ros2fish/chapt3_interface/interface_ws/src/example_ros2_interfaces' with build type 'ament_cmake'
[0.387s] INFO:colcon.colcon_cmake.task.cmake.build:Building CMake package in '/home/max/ros2fish/chapt3_interface/interface_ws/src/example_ros2_interfaces'
[0.389s] INFO:colcon.colcon_core.plugin_system:Skipping extension 'colcon_core.shell.bat': Not used on non-Windows systems
[0.389s] INFO:colcon.colcon_core.shell:Skip shell extension 'powershell' for command environment: Not usable outside of PowerShell
[0.389s] DEBUG:colcon.colcon_core.shell:Skip shell extension 'dsv' for command environment
[0.400s] DEBUG:colcon.colcon_core.event_handler.log_command:Invoking command in '/home/max/ros2fish/chapt3_interface/interface_ws/build/example_ros2_interfaces': CMAKE_PREFIX_PATH=/opt/ros/humble /usr/bin/cmake /home/max/ros2fish/chapt3_interface/interface_ws/src/example_ros2_interfaces -DCMAKE_INSTALL_PREFIX=/home/max/ros2fish/chapt3_interface/interface_ws/install/example_ros2_interfaces
[2.293s] DEBUG:colcon.colcon_core.event_handler.log_command:Invoked command in '/home/max/ros2fish/chapt3_interface/interface_ws/build/example_ros2_interfaces' returned '0': CMAKE_PREFIX_PATH=/opt/ros/humble /usr/bin/cmake /home/max/ros2fish/chapt3_interface/interface_ws/src/example_ros2_interfaces -DCMAKE_INSTALL_PREFIX=/home/max/ros2fish/chapt3_interface/interface_ws/install/example_ros2_interfaces
[2.294s] DEBUG:colcon.colcon_core.event_handler.log_command:Invoking command in '/home/max/ros2fish/chapt3_interface/interface_ws/build/example_ros2_interfaces': CMAKE_PREFIX_PATH=/opt/ros/humble /usr/bin/cmake --build /home/max/ros2fish/chapt3_interface/interface_ws/build/example_ros2_interfaces -- -j2 -l2
[14.402s] DEBUG:colcon.colcon_core.event_handler.log_command:Invoked command in '/home/max/ros2fish/chapt3_interface/interface_ws/build/example_ros2_interfaces' returned '0': CMAKE_PREFIX_PATH=/opt/ros/humble /usr/bin/cmake --build /home/max/ros2fish/chapt3_interface/interface_ws/build/example_ros2_interfaces -- -j2 -l2
[14.667s] DEBUG:colcon.colcon_core.event_handler.log_command:Invoking command in '/home/max/ros2fish/chapt3_interface/interface_ws/build/example_ros2_interfaces': CMAKE_PREFIX_PATH=/opt/ros/humble /usr/bin/cmake --install /home/max/ros2fish/chapt3_interface/interface_ws/build/example_ros2_interfaces
[14.857s] Level 1:colcon.colcon_core.environment:create_environment_scripts_only(example_ros2_interfaces)
[14.858s] DEBUG:colcon.colcon_core.event_handler.log_command:Invoked command in '/home/max/ros2fish/chapt3_interface/interface_ws/build/example_ros2_interfaces' returned '0': CMAKE_PREFIX_PATH=/opt/ros/humble /usr/bin/cmake --install /home/max/ros2fish/chapt3_interface/interface_ws/build/example_ros2_interfaces
[14.866s] Level 1:colcon.colcon_core.environment:checking '/home/max/ros2fish/chapt3_interface/interface_ws/install/example_ros2_interfaces' for CMake module files
[14.868s] Level 1:colcon.colcon_core.environment:checking '/home/max/ros2fish/chapt3_interface/interface_ws/install/example_ros2_interfaces' for CMake config files
[14.868s] Level 1:colcon.colcon_core.shell:create_environment_hook('example_ros2_interfaces', 'cmake_prefix_path')
[14.868s] INFO:colcon.colcon_core.shell:Creating environment hook '/home/max/ros2fish/chapt3_interface/interface_ws/install/example_ros2_interfaces/share/example_ros2_interfaces/hook/cmake_prefix_path.ps1'
[14.874s] INFO:colcon.colcon_core.shell:Creating environment descriptor '/home/max/ros2fish/chapt3_interface/interface_ws/install/example_ros2_interfaces/share/example_ros2_interfaces/hook/cmake_prefix_path.dsv'
[14.876s] INFO:colcon.colcon_core.shell:Creating environment hook '/home/max/ros2fish/chapt3_interface/interface_ws/install/example_ros2_interfaces/share/example_ros2_interfaces/hook/cmake_prefix_path.sh'
[14.878s] Level 1:colcon.colcon_core.environment:checking '/home/max/ros2fish/chapt3_interface/interface_ws/install/example_ros2_interfaces/lib'
[14.878s] Level 1:colcon.colcon_core.shell:create_environment_hook('example_ros2_interfaces', 'ld_library_path_lib')
[14.879s] INFO:colcon.colcon_core.shell:Creating environment hook '/home/max/ros2fish/chapt3_interface/interface_ws/install/example_ros2_interfaces/share/example_ros2_interfaces/hook/ld_library_path_lib.ps1'
[14.880s] INFO:colcon.colcon_core.shell:Creating environment descriptor '/home/max/ros2fish/chapt3_interface/interface_ws/install/example_ros2_interfaces/share/example_ros2_interfaces/hook/ld_library_path_lib.dsv'
[14.880s] INFO:colcon.colcon_core.shell:Creating environment hook '/home/max/ros2fish/chapt3_interface/interface_ws/install/example_ros2_interfaces/share/example_ros2_interfaces/hook/ld_library_path_lib.sh'
[14.881s] Level 1:colcon.colcon_core.environment:checking '/home/max/ros2fish/chapt3_interface/interface_ws/install/example_ros2_interfaces/bin'
[14.881s] Level 1:colcon.colcon_core.environment:checking '/home/max/ros2fish/chapt3_interface/interface_ws/install/example_ros2_interfaces/lib/pkgconfig/example_ros2_interfaces.pc'
[14.881s] Level 1:colcon.colcon_core.environment:checking '/home/max/ros2fish/chapt3_interface/interface_ws/install/example_ros2_interfaces/lib/python3.10/site-packages'
[14.881s] Level 1:colcon.colcon_core.environment:checking '/home/max/ros2fish/chapt3_interface/interface_ws/install/example_ros2_interfaces/bin'
[14.882s] INFO:colcon.colcon_core.shell:Creating package script '/home/max/ros2fish/chapt3_interface/interface_ws/install/example_ros2_interfaces/share/example_ros2_interfaces/package.ps1'
[14.884s] INFO:colcon.colcon_core.shell:Creating package descriptor '/home/max/ros2fish/chapt3_interface/interface_ws/install/example_ros2_interfaces/share/example_ros2_interfaces/package.dsv'
[14.889s] INFO:colcon.colcon_core.shell:Creating package script '/home/max/ros2fish/chapt3_interface/interface_ws/install/example_ros2_interfaces/share/example_ros2_interfaces/package.sh'
[14.890s] INFO:colcon.colcon_core.shell:Creating package script '/home/max/ros2fish/chapt3_interface/interface_ws/install/example_ros2_interfaces/share/example_ros2_interfaces/package.bash'
[14.893s] INFO:colcon.colcon_core.shell:Creating package script '/home/max/ros2fish/chapt3_interface/interface_ws/install/example_ros2_interfaces/share/example_ros2_interfaces/package.zsh'
[14.895s] Level 1:colcon.colcon_core.environment:create_file_with_runtime_dependencies(/home/max/ros2fish/chapt3_interface/interface_ws/install/example_ros2_interfaces/share/colcon-core/packages/example_ros2_interfaces)
[15.084s] Level 1:colcon.colcon_core.environment:create_environment_scripts_only(example_ros2_interfaces)
[15.084s] Level 1:colcon.colcon_core.environment:checking '/home/max/ros2fish/chapt3_interface/interface_ws/install/example_ros2_interfaces' for CMake module files
[15.085s] Level 1:colcon.colcon_core.environment:checking '/home/max/ros2fish/chapt3_interface/interface_ws/install/example_ros2_interfaces' for CMake config files
[15.085s] Level 1:colcon.colcon_core.shell:create_environment_hook('example_ros2_interfaces', 'cmake_prefix_path')
[15.085s] INFO:colcon.colcon_core.shell:Creating environment hook '/home/max/ros2fish/chapt3_interface/interface_ws/install/example_ros2_interfaces/share/example_ros2_interfaces/hook/cmake_prefix_path.ps1'
[15.086s] INFO:colcon.colcon_core.shell:Creating environment descriptor '/home/max/ros2fish/chapt3_interface/interface_ws/install/example_ros2_interfaces/share/example_ros2_interfaces/hook/cmake_prefix_path.dsv'
[15.087s] INFO:colcon.colcon_core.shell:Creating environment hook '/home/max/ros2fish/chapt3_interface/interface_ws/install/example_ros2_interfaces/share/example_ros2_interfaces/hook/cmake_prefix_path.sh'
[15.088s] Level 1:colcon.colcon_core.environment:checking '/home/max/ros2fish/chapt3_interface/interface_ws/install/example_ros2_interfaces/lib'
[15.088s] Level 1:colcon.colcon_core.shell:create_environment_hook('example_ros2_interfaces', 'ld_library_path_lib')
[15.089s] INFO:colcon.colcon_core.shell:Creating environment hook '/home/max/ros2fish/chapt3_interface/interface_ws/install/example_ros2_interfaces/share/example_ros2_interfaces/hook/ld_library_path_lib.ps1'
[15.090s] INFO:colcon.colcon_core.shell:Creating environment descriptor '/home/max/ros2fish/chapt3_interface/interface_ws/install/example_ros2_interfaces/share/example_ros2_interfaces/hook/ld_library_path_lib.dsv'
[15.091s] INFO:colcon.colcon_core.shell:Creating environment hook '/home/max/ros2fish/chapt3_interface/interface_ws/install/example_ros2_interfaces/share/example_ros2_interfaces/hook/ld_library_path_lib.sh'
[15.092s] Level 1:colcon.colcon_core.environment:checking '/home/max/ros2fish/chapt3_interface/interface_ws/install/example_ros2_interfaces/bin'
[15.092s] Level 1:colcon.colcon_core.environment:checking '/home/max/ros2fish/chapt3_interface/interface_ws/install/example_ros2_interfaces/lib/pkgconfig/example_ros2_interfaces.pc'
[15.093s] Level 1:colcon.colcon_core.environment:checking '/home/max/ros2fish/chapt3_interface/interface_ws/install/example_ros2_interfaces/lib/python3.10/site-packages'
[15.093s] Level 1:colcon.colcon_core.environment:checking '/home/max/ros2fish/chapt3_interface/interface_ws/install/example_ros2_interfaces/bin'
[15.093s] INFO:colcon.colcon_core.shell:Creating package script '/home/max/ros2fish/chapt3_interface/interface_ws/install/example_ros2_interfaces/share/example_ros2_interfaces/package.ps1'
[15.094s] INFO:colcon.colcon_core.shell:Creating package descriptor '/home/max/ros2fish/chapt3_interface/interface_ws/install/example_ros2_interfaces/share/example_ros2_interfaces/package.dsv'
[15.095s] INFO:colcon.colcon_core.shell:Creating package script '/home/max/ros2fish/chapt3_interface/interface_ws/install/example_ros2_interfaces/share/example_ros2_interfaces/package.sh'
[15.096s] INFO:colcon.colcon_core.shell:Creating package script '/home/max/ros2fish/chapt3_interface/interface_ws/install/example_ros2_interfaces/share/example_ros2_interfaces/package.bash'
[15.096s] INFO:colcon.colcon_core.shell:Creating package script '/home/max/ros2fish/chapt3_interface/interface_ws/install/example_ros2_interfaces/share/example_ros2_interfaces/package.zsh'
[15.097s] Level 1:colcon.colcon_core.environment:create_file_with_runtime_dependencies(/home/max/ros2fish/chapt3_interface/interface_ws/install/example_ros2_interfaces/share/colcon-core/packages/example_ros2_interfaces)
[15.098s] DEBUG:colcon.colcon_parallel_executor.executor.parallel:closing loop
[15.099s] DEBUG:colcon.colcon_parallel_executor.executor.parallel:loop closed
[15.099s] DEBUG:colcon.colcon_parallel_executor.executor.parallel:run_until_complete finished with '0'
[15.099s] DEBUG:colcon.colcon_core.event_reactor:joining thread
[15.117s] INFO:colcon.colcon_core.plugin_system:Skipping extension 'colcon_notification.desktop_notification.terminal_notifier': Not used on non-Darwin systems
[15.117s] INFO:colcon.colcon_core.plugin_system:Skipping extension 'colcon_notification.desktop_notification.win32': Not used on non-Windows systems
[15.117s] INFO:colcon.colcon_notification.desktop_notification:Sending desktop notification using 'notify2'
[15.136s] DEBUG:colcon.colcon_core.event_reactor:joined thread
[15.137s] INFO:colcon.colcon_core.shell:Creating prefix script '/home/max/ros2fish/chapt3_interface/interface_ws/install/local_setup.ps1'
[15.139s] INFO:colcon.colcon_core.shell:Creating prefix util module '/home/max/ros2fish/chapt3_interface/interface_ws/install/_local_setup_util_ps1.py'
[15.141s] INFO:colcon.colcon_core.shell:Creating prefix chain script '/home/max/ros2fish/chapt3_interface/interface_ws/install/setup.ps1'
[15.142s] INFO:colcon.colcon_core.shell:Creating prefix script '/home/max/ros2fish/chapt3_interface/interface_ws/install/local_setup.sh'
[15.145s] INFO:colcon.colcon_core.shell:Creating prefix util module '/home/max/ros2fish/chapt3_interface/interface_ws/install/_local_setup_util_sh.py'
[15.145s] INFO:colcon.colcon_core.shell:Creating prefix chain script '/home/max/ros2fish/chapt3_interface/interface_ws/install/setup.sh'
[15.147s] INFO:colcon.colcon_core.shell:Creating prefix script '/home/max/ros2fish/chapt3_interface/interface_ws/install/local_setup.bash'
[15.151s] INFO:colcon.colcon_core.shell:Creating prefix chain script '/home/max/ros2fish/chapt3_interface/interface_ws/install/setup.bash'
[15.154s] INFO:colcon.colcon_core.shell:Creating prefix script '/home/max/ros2fish/chapt3_interface/interface_ws/install/local_setup.zsh'
[15.155s] INFO:colcon.colcon_core.shell:Creating prefix chain script '/home/max/ros2fish/chapt3_interface/interface_ws/install/setup.zsh'
